0.990225 9.5554e-05
-0.993157 15.9453
0.00879765 8.94729
0.0117302 1.0236
0.232649 0.588827
0.305963 0.481688
0.648094 0.123838
0.892473 0.011562
0.941349 0.00343994
0.0371457 0.927088
-0.870968 14.9844
-0.773216 14.2372
-0.748778 14.0533
-0.72434 13.8707
-0.675464 13.509
-0.528837 12.4527
-0.504399 12.2808
-0.431085 11.7723
0.0860215 0.835357
-0.308895 10.9488
-0.235582 10.469
-0.186706 10.1551
-0.113392 9.69321
0.477028 0.273499
0.599218 0.160626
0.721408 0.0776137
0.819159 0.0327033
0.110459 0.791282
0.134897 0.748403
0.159335 0.706717
0.183773 0.666226
0.354839 0.416233
0.379277 0.385297
0.403715 0.355556
0.428152 0.32701
0.45259 0.299657
0.525904 0.224767
0.525904 0.224767
0.57478 0.180812
0.770283 0.0527697
0.770283 0.0527697
0.69697 0.0918274
0.843597 0.0244618
-0.968719 15.7507
-0.944282 15.5574
-0.968719 15.7507
-0.944282 15.5574
-0.919844 15.3652
-0.919844 15.3652
-0.895406 15.1742
-0.895406 15.1742
-0.84653 14.7958
-0.822092 14.6084
-0.84653 14.7958
-0.822092 14.6084
-0.797654 14.4222
-0.699902 13.6893
-0.699902 13.6893
-0.651026 13.33
-0.651026 13.33
-0.626588 13.1521
-0.626588 13.1521
-0.602151 12.9755
-0.577713 12.8
-0.602151 12.9755
-0.553275 12.6258
-0.577713 12.8
-0.553275 12.6258
-0.479961 12.1101
-0.479961 12.1101
-0.455523 11.9406
-0.406647 11.6052
-0.382209 11.4393
-0.406647 11.6052
-0.357771 11.2746
-0.382209 11.4393
-0.333333 11.1111
-0.357771 11.2746
-0.333333 11.1111
-0.284457 10.7877
-0.26002 10.6277
-0.284457 10.7877
-0.26002 10.6277
-0.211144 10.3114
-0.211144 10.3114
-0.162268 9.99994
-0.13783 9.84598
-0.162268 9.99994
-0.13783 9.84598
-0.0889541 9.54164
-0.0645161 9.39126
-0.0889541 9.54164
-0.0645161 9.39126
-0.0400782 9.24208
-0.0400782 9.24208
-0.0156403 9.09409
-0.0156403 9.09409
0.208211 0.62693
0.208211 0.62693
0.330401 0.448363
