0 1.3422
0.500489 1.16282
0.500489 1.26762
0.625611 1.23403
0 1.40894
0.500489 1.3629
0 1.41167
0 1.4414
0.500489 1.36425
0.500489 1.43351
0 1.50966
0.500489 1.45383
0 1.54606
0.125122 1.54479
0.500489 1.45716
0 1.54636
0.625611 1.51085
0 1.55001
0.625611 1.54779
0 1.57427
0 1.59399
0.500489 1.59069
0 1.61796
0.504399 1.61964
0 1.62615
0.00195503 1.62524
0.00391007 1.62766
0.625611 1.62359
0 1.6307
0 1.63555
0 1.64102
0 1.64132
0.752688 1.64638
0.500489 1.65101
0 1.65103
0 1.65133
0 1.65588
0 1.65679
0 1.65952
0 1.68106
0.1261 1.66794
0 1.68227
0.500489 1.67421
0.501466 1.6691
0.00391007 1.68621
0 1.68652
0 1.69471
0.500489 1.68987
0 1.69926
0 1.71473
0.500489 1.69933
0 1.72262
0.500489 1.71171
0.500489 1.71399
0 1.7296
0.500489 1.72668
0 1.73567
0.500489 1.74229
0.752688 1.74048
0 1.74264
0 1.74537
0 1.74689
0 1.7475
0 1.77116
0.250244 1.74756
0.625611 1.7655
0.500489 1.76891
0.691105 1.75224
0 1.78026
0.125122 1.77787
0.657869 1.77508
0 1.78117
0 1.78299
0 1.79027
0 1.79877
0.750733 1.79427
0 1.8021
0.252199 1.79958
0 1.80392
0 1.80544
0 1.81363
0.254154 1.80801
0.500489 1.80973
0 1.81454
0.500489 1.81523
0.501466 1.81085
0 1.81879
0.57869 1.81501
0.500489 1.81588
0.000977517 1.82091
0 1.82637
0.00195503 1.8197
0.625611 1.81984
0 1.8376
0 1.84124
0.626588 1.83386
0.502444 1.84365
0 1.85034
0.500489 1.84916
0.125122 1.84919
