0.13477 1.90334
0.842097 1.71122
0.961486 1.55519
0.000274667 2.29733
0.772271 1.8036
0.705588 1.8634
0 2.3312
0.000488296 2.17169
0.822535 1.751
0.00805689 2.01826
0.00830103 1.94369
0.131138 2.00319
0.953642 1.72867
0.00979644 2.12765
0.135258 1.94709
0.0274667 2.0347
0.013947 2.06351
0.0556963 2.02914
0.00634785 2.19948
0.000274667 2.34161
0.00439467 2.20412
0.903104 1.82091
0.00299081 2.27678
0 2.40214
0.822291 1.86098
0.131138 2.02289
0.715384 1.95442
0.00805689 2.25828
0.0183111 2.11049
0.889218 1.88855
0.0217292 2.08259
0.282357 1.99627
0.532365 1.99172
0.129154 2.03675
0.0597247 2.07336
0 2.41782
0.00390637 2.31555
0.939116 1.83805
0.00244148 2.36298
0.000274667 2.36577
0.0122074 2.14498
0.973174 1.77311
0.00979644 2.30564
0.400922 2.03189
0.0141606 2.18253
0.000488296 2.37168
0.0587176 2.10125
0.9064 1.98791
0.814997 2.00063
0.00689718 2.36288
3.05185e-05 2.45005
0 2.49005
6.1037e-05 2.44457
0.00451674 2.36345
0.508072 2.00207
0.0256355 2.13227
0.149205 2.07724
0.951964 1.85518
0.0161443 2.16927
0.0100101 2.27412
0.00830103 2.31124
0.000976592 2.38977
0.0100406 2.33062
0.953398 1.87398
0.379528 2.09694
0.0273446 2.19328
0.527879 2.00745
0.808741 2.00461
0.127201 2.10585
0.00222785 2.3744
0.125492 2.13894
0.00061037 2.39972
0.000122074 2.4471
0 2.55516
0.00805689 2.37149
0.0100101 2.36469
0.0261544 2.22122
0.018067 2.24225
0.0127262 2.29315
0.0161443 2.28458
0.0105289 2.31235
0.0183111 2.28177
0.0163884 2.31084
0.000274667 2.45058
0.963652 1.88372
0.960967 1.89829
0.0596942 2.21247
0.949736 2.00628
0.720359 2.03602
0.548021 2.0541
0.0019837 2.40083
0.126957 2.1986
0.004944 2.38959
0.137242 2.10827
0.129154 2.11682
0.000244148 2.46233
0 2.60035
3.05185e-05 2.59029
0.000122074 2.54743
0.00589007 2.37727
0.000762963 2.42306
0.0215155 2.28036
0.0256661 2.25032
0.0242012 2.25068
0.0162358 2.31231
0.0100406 2.33435
0.0242012 2.30194
0.129154 2.14964
0.660787 2.0948
0.967315 1.89669
0.840602 2.03957
0.125248 2.24031
0.527482 2.10954
0.0100406 2.39318
0.00885037 2.39393
0.131382 2.12565
0.438002 2.11546
0.00271615 2.42341
0.00201422 2.44438
0.00219733 2.42868
0.000122074 2.57497
0 2.63959
0.127689 2.21647
0.00396741 2.40598
0.126957 2.22551
0.0117801 2.36715
0.0298166 2.29783
0.0241707 2.31107
0.0548112 2.26123
0.0175787 2.32332
0.0217292 2.32313
0.0159001 2.34123
0.0157476 2.35866
0.015656 2.35993
0.000488296 2.45248
0.894559 2.08105
0.96878 1.94605
0.127689 2.25446
0.938017 2.04736
0.00833155 2.4065
0.00589007 2.41751
0.128941 2.23649
0.973296 1.93628
0.971221 1.94087
0.884793 2.08779
0.967101 2.03958
0.47853 2.13201
0.00442518 2.45928
0.00451674 2.44981
0.528336 2.11201
0 2.68199
0.000152593 2.59757
0.000122074 2.64523
0.125523 2.26605
0.449263 2.14926
0.125492 2.27279
0.0261238 2.31393
0.0595721 2.27594
0.0254219 2.34511
0.000488296 2.53916
0.000762963 2.45993
0.0241707 2.35215
0.0198065 2.36454
0.0136723 2.36736
0.129154 2.15406
0.973663 2.00403
0.006592 2.43163
0.000976592 2.48325
0.125736 2.28681
0.00689718 2.42452
0.00854518 2.42415
0.536271 2.13626
0.520646 2.15014
0.548021 2.11358
3.05185e-05 2.6858
0 2.69552
0.000244148 2.66558
0.0139164 2.37959
0.0136723 2.38734
0.0157476 2.37544
0.0298166 2.3369
0.0548418 2.31572
0.0401929 2.32703
0.0261544 2.34363
0.394574 2.16704
0.000488296 2.56003
0.0253914 2.3533
0.00393689 2.46312
0.0234382 2.37304
0.133335 2.1695
0.131108 2.23626
0.0886563 2.29625
0.953917 2.06046
0.940214 2.07612
0.959014 2.04753
0.147221 2.17128
0.00689718 2.44352
0.0629902 2.34734
0.0141606 2.39626
0.00271615 2.48346
0.0256661 2.36505
0.126957 2.31869
0.0117191 2.42605
0.127232 2.30994
0.559709 2.1318
0.809717 2.11544
0 2.71099
0.550798 2.15743
0.143345 2.17289
0.135014 2.22368
0.951964 2.08286
0.0141911 2.39394
0.974273 2.05691
0.961699 2.07066
0.131108 2.24564
0.0300607 2.34741
0.125278 2.33427
0.00585955 2.48201
0.006592 2.46795
0.0273751 2.35482
0.000488296 2.65274
0.000518815 2.5838
0.125492 2.31907
0.965636 2.06441
0.002472 2.49802
0.00103763 2.50389
0.0137028 2.42792
0.0124516 2.43843
0.127476 2.31219
0.576922 2.15661
0.7051 2.14067
0.759789 2.13279
0.834773 2.11836
0 2.71242
0.830134 2.12306
0.136998 2.23523
0.965392 2.10621
0.966857 2.09085
0.0195318 2.40988
0.131626 2.24577
0.0440687 2.35322
0.125278 2.33819
0.00592059 2.48989
0.0258797 2.3949
0.0283517 2.3778
0.000488296 2.67852
0.00061037 2.60208
0.00784326 2.48907
0.00244148 2.51143
0.00146489 2.52166
0.00103763 2.56978
0.00466933 2.49235
0.0105289 2.44909
0.00805689 2.44982
0.147221 2.17226
0.133091 2.25997
0.816431 2.15248
0.12772 2.32152
0.0141911 2.44099
0.0124516 2.4534
0.0144047 2.4379
0.842586 2.14489
0.805841 2.15916
0.790063 2.16043
0.887509 2.13163
6.1037e-05 2.72743
3.05185e-05 2.75174
0 2.7575
0.584033 2.16128
0.0234687 2.41125
0.0200201 2.41431
0.969878 2.11522
0.979034 2.09842
0.0102542 2.45344
0.143803 2.2376
0.0261238 2.39794
0.0954619 2.36815
0.0480056 2.36943
0.028077 2.39689
0.127445 2.33853
0.000488296 2.69633
0.000976592 2.63156
0.00061037 2.64405
0.0323801 2.39136
0.047029 2.37034
0.00808741 2.48334
0.125614 2.35402
0.125736 2.35206
0.00195318 2.52575
0.314737 2.19499
0.330821 2.17739
0.151158 2.19686
0.00442518 2.51191
0.00405896 2.52412
0.00103763 2.59942
0.133091 2.33238
0.387249 2.19384
0.726585 2.16249
0.013947 2.454
0.0128178 2.45464
0.900662 2.15186
0.884793 2.16212
0.943419 2.13786
0 2.77676
6.1037e-05 2.74256
0.0141911 2.44467
0.126988 2.36495
0.0100406 2.48458
0.00833155 2.50479
0.020539 2.432
0.0219733 2.41909
0.0217597 2.41984
0.0105289 2.47727
0.0107425 2.4744
0.146977 2.2381
0.146733 2.26324
0.0596942 2.37978
0.970367 2.12621
0.00061037 2.65115
0.000976592 2.64417
0.000488296 2.70979
0.0480056 2.39271
0.125248 2.37232
0.0102542 2.48127
0.0254219 2.41196
0.535295 2.1864
0.151158 2.20023
0.00781274 2.51249
0.00613422 2.52461
0.00109867 2.62585
0.0019837 2.53401
0.136967 2.26542
0.135014 2.28406
0.0137028 2.46677
0.00833155 2.52043
0.00784326 2.52386
0.0242012 2.4269
0.0241707 2.45259
0.0162358 2.46246
0.0202643 2.46129
0.948027 2.15496
0.911283 2.18815
0.943632 2.15926
0.959746 2.13794
0.000244148 2.74678
0 2.80826
0.94998 2.14421
6.1037e-05 2.74755
0.0480056 2.41282
0.644581 2.19095
0.0124821 2.49238
0.0292978 2.4209
0.152623 2.2445
0.150914 2.24521
0.135258 2.32389
0.000518815 2.73359
0.000488296 2.73809
0.00061037 2.66327
0.00979644 2.50846
0.125767 2.38286
0.00390637 2.55677
0.00222785 2.55961
0.00585955 2.53626
0.00466933 2.54572
0.00201422 2.5769
0.0019837 2.60922
0.224128 2.20448
0.155034 2.20917
0.555834 2.19354
0.139409 2.29917
0.138951 2.30988
0.143315 2.2719
0.00195318 2.63594
0.004944 2.54371
0.532273 2.19403
0.133549 2.36276
0.131596 2.39046
0 2.82707
0.135533 2.34237
6.1037e-05 2.76201
0.000122074 2.7492
0.951933 2.15462
0.957823 2.14972
0.959014 2.14602
0.0195318 2.47338
0.0102847 2.51524
0.826472 2.19721
0.0293283 2.42596
0.0295419 2.42331
0.154576 2.26788
0.154546 2.27065
0.87698 2.19123
0.818384 2.20291
0.0548418 2.42176
0.130863 2.41668
0.00061037 2.74051
0.00195318 2.66507
0.00103763 2.67123
0.000732444 2.6866
0.143071 2.33042
0.446089 2.23531
0.463393 2.20491
0.143101 2.31591
0.00222785 2.58879
0.00201422 2.5889
0.144536 2.29092
0.002472 2.56336
0.0261238 2.42938
0.00787378 2.53046
0.0144353 2.47425
0.0141606 2.48132
0.965606 2.15643
0.0141606 2.49036
0.0556963 2.42389
0.455611 2.25799
0.0217292 2.47395
0.000122074 2.75674
6.1037e-05 2.77321
0.953673 2.19165
0.143101 2.33219
0.0104984 2.52209
0.0401624 2.42897
0.0156255 2.47699
0.155065 2.27643
0.832087 2.20709
0.877468 2.20158
0.904813 2.1968
0.916044 2.19667
0.00146489 2.71456
0.00103763 2.73706
0.00195318 2.67357
0.131108 2.42256
0.00271615 2.5689
0.00399792 2.56621
0.145268 2.30444
0.516129 2.2334
0.154302 2.29118
0.508591 2.24388
0.52855 2.21612
0.555834 2.21507
0.521744 2.21774
0.14481 2.31948
0.00222785 2.60386
0.00979644 2.53168
0.457564 2.25173
0.00787378 2.53172
0.0261544 2.43054
0.0284738 2.43027
0.137455 2.35344
0.136723 2.37287
0 2.83638
0.133305 2.39642
0.131596 2.39855
0.15067 2.31451
0.941954 2.19997
0.967589 2.19566
0.0239265 2.47988
0.000488296 2.76743
6.1037e-05 2.78746
0.969756 2.19308
0.0105289 2.52835
0.146519 2.33899
0.015656 2.48216
0.0987579 2.43131
0.451704 2.2765
0.878933 2.20845
0.840602 2.21577
0.0401929 2.43821
0 2.84678
0.00222785 2.73994
0.0019837 2.75354
0.00219733 2.74553
0.88052 2.20804
0.0100101 2.53324
0.00244148 2.62504
0.004944 2.56971
0.00390637 2.57176
0.0261544 2.45312
0.152867 2.30925
0.147221 2.32492
0.00271615 2.6072
0.00299081 2.59896
0.0295419 2.43953
0.523606 2.22395
0.141392 2.3577
0.131596 2.41179
0.136998 2.38194
0.818659 2.2165
0.150639 2.31487
0.028077 2.44165
0.00830103 2.55199
0.00854518 2.54017
0.0141911 2.50783
0.0144047 2.50335
0.978545 2.17295
0.967559 2.20271
0 2.84686
0.154576 2.31605
0.45143 2.31107
0.773492 2.23129
