0.0194403 1.97729
0.251137 1.13236
0.437544 1.00484
0.220222 1.3096
0.219764 1.33039
0.22071 1.28534
0.637379 0.522483
0.0361339 1.76863
0.0557268 1.65675
0.820887 0.360727
0.207526 1.38628
0.00137333 1.99894
0.0336924 1.84461
0.189947 1.41503
0.0839869 1.51587
0.646992 0.508843
0.241218 1.28228
0.437757 0.896946
0.00848415 1.99037
0.469863 0.701657
0.852748 0.0826223
0.836634 0.202135
0.000244148 2.38116
0 2.55538
0.844447 0.126553
0.000274667 2.14114
0.0634785 1.64408
0.0351573 1.83521
0.438612 0.848908
3.05185e-05 2.49175
0.0327158 1.90802
0.437513 1.04006
0.407361 1.21606
0.000244148 2.38259
0.0854518 1.56077
0.22071 1.46909
0.0678732 1.72784
0.437513 1.10143
0.158208 1.54497
0.637837 0.711083
0.0810572 1.70712
0.438643 0.887818
0.0341807 1.95038
0.826075 0.376777
0.00125126 2.25655
0.845424 0.151717
0.85165 0.143309
3.05185e-05 2.61767
0 2.66157
0.000152593 2.58585
0.844935 0.265678
0.83694 0.31337
0.837001 0.286147
0.845241 0.220145
0.836634 0.339712
0.860561 0.134684
0.470016 0.841671
0.032899 2.03685
0.825098 0.518248
0.817042 0.524352
0.192877 1.47929
0.0502945 1.84744
0.00524918 2.10936
0.00137333 2.24704
0.00186163 2.21822
0.0224616 2.07829
0.0639668 1.83103
0.0673849 1.78492
0.0665304 1.81181
0.00381481 2.21168
0.618854 0.754947
0.641621 0.59674
0.638325 0.665168
0.000854518 2.28064
0.222175 1.29196
0.437788 0.913939
0.179205 1.53616
0.437666 1.02282
0.420423 1.1828
0.426771 1.18245
0.82046 0.565743
0.109867 1.61363
0.437666 1.07302
0.0473647 2.00074
0.638447 0.731452
0.437788 1.00707
0.407605 1.29233
0.22364 1.44051
0.224128 1.41025
0.225105 1.38649
0.239753 1.29332
0.239265 1.29334
0.000885037 2.35878
0.0029603 2.22039
0.859951 0.191973
0.000122074 2.63219
0.0502945 1.96715
0.0636006 1.90024
0.63332 0.889214
0.836634 0.377663
0 2.78883
0.837489 0.293697
0.85165 0.233268
3.05185e-05 2.66813
0.817042 0.639023
0.817286 0.570432
0.203619 1.501
0.206061 1.49378
0.0657064 1.8703
0.0507828 1.91691
0.0366222 2.05913
0.0163884 2.112
0.478713 0.895346
0.0661641 1.84082
0.845241 0.285021
0.0380871 2.0528
0.640645 0.725938
0.641621 0.711744
0.657613 0.693468
0.828822 0.43492
0.829798 0.414781
0.826075 0.494162
0.438765 0.974361
0.438887 0.9221
0.438734 0.991798
0.637593 0.871497
0.00125126 2.26137
0.220222 1.49058
0.0117496 2.2025
0.235847 1.3279
0.427259 1.21985
0.437513 1.11598
0.0714133 1.73354
0.0971709 1.61493
0.112796 1.59799
0.000274667 2.39577
0.000244148 2.5462
0.0537126 1.97414
0.820338 0.578482
0.00112918 2.36821
0.000396741 2.41235
0.082522 1.73778
3.05185e-05 2.6963
0 2.79475
0.836024 0.450263
0.668752 0.738564
0.238777 1.37702
0.00195318 2.27583
0.234382 1.4079
0.437788 1.07846
0.224616 1.43986
0.40968 1.29903
0.00122074 2.36163
0.00100711 2.40925
0.236335 1.39176
0.427259 1.29889
0.43791 1.04033
0.240242 1.31562
0.407239 1.31246
0.239753 1.35506
0.837611 0.348576
0.837489 0.415359
0.837001 0.427234
0.868374 0.25799
0.0542009 1.93115
0.843837 0.327874
0.844325 0.305379
0.860866 0.260989
0.868862 0.238115
0.852748 0.265523
0.0371105 2.08108
0.0628986 1.92968
0.820521 0.571357
0.208502 1.58558
0.0532243 1.97704
0.0661946 1.87914
0.210456 1.5032
0.06592 1.92431
0.0169988 2.19023
0.0170904 2.18744
0.205573 1.5887
0.0663167 1.84629
0.0719016 1.84225
0.0502945 2.01101
0.641621 0.762689
0.438765 0.980861
0.46205 0.926284
0.454115 0.927402
0.648457 0.744744
0.640645 0.788685
0.82934 0.479838
0.829127 0.488285
0.438887 0.927773
0.828639 0.513429
0.0188299 2.12086
0.617817 0.896786
0.829737 0.469815
0.437513 1.18169
0.146489 1.61585
0.000244148 2.57209
0.0798364 1.74172
0.000274667 2.5695
0.0986358 1.63857
0.638569 0.813593
0.047853 2.03088
0.437666 1.09012
0.0812098 1.7934
0.000396741 2.42789
0.218757 1.5868
0.437513 1.28471
0.000244148 2.59363
0.438765 1.02194
0.836634 0.452625
0.00234993 2.35039
0.618671 0.900628
0.0542009 1.97092
0.437757 1.15073
0.0375988 2.11145
0.836573 0.477326
0.617878 0.923649
0.0209967 2.17832
0.0322275 2.13776
0.00946074 2.27584
0.43791 1.04726
0.00137333 2.37939
0.00186163 2.36569
0.237312 1.4258
0.239265 1.41093
0.00292978 2.28036
0.002472 2.32507
0.241707 1.31861
0.240242 1.33135
0.42262 1.3001
0.234382 1.48791
0.235847 1.48415
0.437788 1.11155
0.062624 1.95459
0.844386 0.315761
0.209967 1.59091
0.0805689 1.87246
0.219031 1.55811
0.0628681 1.94919
0.0502945 2.03097
0.844325 0.338945
0.867275 0.285347
0.0174871 2.27555
0.820521 0.591309
0.222175 1.52992
0.221198 1.53351
0.82281 0.57624
0.208502 1.59924
0.0678732 1.88233
0.0205084 2.19945
0.0194403 2.2376
0.047853 2.08939
0.0188299 2.24922
0.018067 2.25833
0.446303 0.953082
0.660451 0.761282
0.640645 0.791999
0.836512 0.483568
0.641621 0.786948
0.469161 0.931778
0.843776 0.383624
0.0644551 1.93845
0.438887 0.983544
0.101321 1.69059
0.437666 1.21133
0.000274667 2.57924
0.196295 1.62768
0.158208 1.6748
0.0810572 1.82914
0.0971709 1.74525
0.19483 1.64331
0.193854 1.67031
0.144047 1.69053
0 2.80213
3.05185e-05 2.70582
3.05185e-05 2.75587
0.075808 1.91165
0.236335 1.50496
0.22071 1.56222
0.0644551 1.96616
0.047853 2.09906
0.438887 1.01887
0.0673849 1.94122
0.0019837 2.36643
0.438643 1.04883
0.00137333 2.38059
0.0328379 2.15294
0.237312 1.44643
0.633808 0.927354
0.625019 0.93072
0.0219733 2.18412
0.003296 2.32995
0.00991852 2.29745
0.0117191 2.29223
0.00344859 2.31086
0.43791 1.06384
0.428236 1.30182
0.406934 1.32391
0.0156255 2.27621
0.0502945 2.03758
0.844325 0.382215
0.209479 1.61385
0.470107 0.940757
0.0185553 2.26381
0.018952 2.25488
0.868313 0.288247
0.844447 0.357306
0.219733 1.60559
0.22364 1.53983
0.235847 1.5341
0.836451 0.587035
0.225593 1.53545
0.0209967 2.20798
0.820826 0.73858
0.821986 0.611013
0.821009 0.650785
0.820948 0.70102
0.0639668 1.97582
0.0628986 2.02575
0.0636311 1.99016
0.454115 0.988396
0.669698 0.76614
0.641621 0.803972
0.640645 0.91224
0.469985 0.987141
0.851772 0.327437
0.854183 0.321237
0.85165 0.327907
0.24073 1.34198
0.084109 1.88197
0.0488296 2.09072
0.2378 1.43642
0.836512 0.497216
0.0655843 1.94346
0.109867 1.70298
0.437666 1.2863
0.112796 1.6955
0.100589 1.75747
0.208014 1.63289
0 2.83138
0.000152593 2.73922
0.206549 1.65646
0.101077 1.74861
0.0854518 1.8446
0.000274667 2.58238
0.0986358 1.75985
0.0380871 2.11682
0.437757 1.18938
0.0625324 2.0299
0.837123 0.470402
0.438765 1.02355
0.000244148 2.6455
0.000396741 2.4892
0.000518815 2.43499
0.24073 1.34222
0.0385754 2.12543
0.813074 0.773054
0.00341807 2.33901
0.000152593 2.7532
0.115726 1.71963
0.867336 0.321681
0.83755 0.500013
0.836634 0.506219
0.836573 0.553201
0.240242 1.44091
0.0971709 1.8865
0.0849635 1.92541
0.43791 1.07703
0.0322275 2.19456
0.00186163 2.40056
0.0704367 1.94683
0.2378 1.44988
0.0175787 2.28836
0.0184637 2.28038
0.00357067 2.32551
0.003296 2.35028
0.0332041 2.172
0.438887 1.07266
0.00268563 2.39059
0.437635 1.3148
0.0157781 2.28858
0.421888 1.33603
0.00292978 2.37189
0.00283822 2.37452
0.220222 1.61262
0.0219733 2.23936
0.822169 0.614062
0.821314 0.730251
0.821558 0.701756
0.845241 0.364163
0.018952 2.27371
0.225593 1.54325
0.821986 0.67958
0.0257576 2.21402
0.0658284 1.98274
0.454115 1.04217
0.852687 0.337688
0.851772 0.343352
0.852199 0.343169
0.85165 0.348612
0.859951 0.335988
0.81814 0.770262
0.641621 0.808154
0.638112 0.966298
0.844386 0.432508
0.0532243 2.05145
0.0542009 2.04154
0.235847 1.5427
0.209967 1.6266
0.468886 1.00398
0.209479 1.69217
0.0996124 1.82544
0.437788 1.21366
0.43788 1.20234
0.126225 1.70424
0 2.89258
0.000396741 2.58954
0.0981475 1.86874
0.0627766 2.02992
0.101077 1.77752
0.188971 1.70315
0.111332 1.73265
0.000274667 2.61319
0.00100711 2.446
0.437757 1.23347
0.000854518 2.45778
0.000976592 2.45087
0.000488296 2.52236
0.000244148 2.69503
0.0483413 2.10421
0.22071 1.56235
0.236824 1.51534
0.0803552 1.93248
0.0783715 1.93539
3.05185e-05 2.80921
0.868862 0.321882
0 2.90659
0.660817 0.813979
0.407361 1.34423
0.618366 1.0056
0.817042 0.77426
0.241707 1.34433
0.469893 1.01538
0.144047 1.70614
0.209967 1.70477
0.640645 0.969371
0.641621 0.822795
0.845424 0.399788
0.000244148 2.71843
0.461928 1.06615
0.125278 1.77915
0.000274667 2.62822
0.43791 1.13506
0.843837 0.512204
0.822169 0.740883
0.239265 1.45143
0.824732 0.663536
0.210456 1.63643
0.826075 0.621032
0.0336924 2.23072
0.43788 1.2423
0.437666 1.32851
0.24073 1.35824
0.0661641 1.98429
0.0224616 2.28042
3.05185e-05 2.81912
0.859462 0.370561
0.427503 1.33617
0.108402 1.85124
0.00332652 2.35127
0.000152593 2.79924
0.438734 1.09754
0.100101 1.91127
0.0542009 2.06603
0.836573 0.56992
0.437788 1.25169
0.0781579 1.96788
0.0029603 2.42221
0.0125736 2.34589
0.0815455 1.93268
0.0636006 2.03833
0.860927 0.338475
0.0976592 1.91925
0.000488296 2.56985
0.2378 1.48151
0.000885037 2.48923
0.0406507 2.18351
0.469039 1.02069
0.837428 0.513888
0.236824 1.51953
0.0161138 2.30916
0.22364 1.61576
0.224616 1.56483
0.109867 1.8346
0.112796 1.79833
0.000732444 2.54848
0.0515152 2.10629
