8.06042e-08 4.00114
4.00039 9.46239e-09
2.45022 0.188949
1.47082 0.619728
1.71288 0.477799
0.072193 2.99744
2.71888 0.12327
0.530495 1.61709
2.25692 0.247702
0.0248573 3.39421
0.138895 2.64815
2.12376 0.294511
1.04502 0.955974
3.49946 0.0167226
0.350684 1.98194
1.80431 0.431324
0.00167013 3.8382
0.463035 1.74117
3.88273 0.000872304
0.626275 1.46077
3.03108 0.0670813
0.937061 1.06498
0.0094687 3.62024
3.30688 0.0329488
0.0396546 3.24312
0.415766 1.83657
2.88391 0.0910784
0.22329 2.33315
0.174923 2.50197
1.96499 0.357867
1.9545 0.362362
0.271123 2.18834
0.798608 1.22401
0.798608 1.22401
0.00693654 3.67379
3.67815 0.00674844
1.38742 0.675869
0.729981 1.31242
0.100658 2.83159
0.937061 1.06498
0.702078 1.35047
2.81465 0.103883
0.100658 2.83159
0.247497 2.25753
3.30688 0.0329488
3.66587 0.00728505
1.23206 0.792129
1.33859 0.710693
