0.999762 0.00388134
8.26988e-07 1.00234
0.0289844 1.00072
0.357448 0.874323
0.903917 0.186442
0.324874 0.896742
0.893855 0.222185
0.579469 0.666365
0.826208 0.320569
0.0703807 0.997383
0.87101 0.244579
0.658441 0.569105
0.568187 0.679413
0.514553 0.738022
0.850501 0.279425
0.810133 0.347407
0.882599 0.223758
0.647428 0.58304
0.815715 0.337655
0.283209 0.92235
0.593741 0.650105
0.922186 0.15335
0.528862 0.722877
0.420807 0.824711
0.235599 0.946269
0.556733 0.695166
0.78588 0.386132
0.0782067 0.996228
0.797663 0.367066
0.394699 0.846436
0.440184 0.809404
0.485021 0.76721
0.746722 0.445359
0.838221 0.301793
0.719308 0.487464
0.982034 0.0404761
0.213049 0.957355
0.104588 0.991257
0.300881 0.911876
0.6392 0.594811
0.728958 0.471798
0.365993 0.868507
0.779431 0.397358
0.315604 0.902354
0.265452 0.93187
0.941274 0.120533
0.670524 0.554528
0.682265 0.53731
0.931492 0.13778
0.617785 0.620572
0.24083 0.943987
0.144719 0.981522
0.707889 0.503509
0.5015 0.752484
0.194613 0.965176
0.795024 0.372527
0.837026 0.304382
0.855812 0.27088
0.627442 0.608083
0.987375 0.0304958
0.257084 0.935968
0.686469 0.53211
0.915638 0.164548
0.378743 0.859145
0.481233 0.77108
0.672432 0.550568
0.695351 0.52012
0.382954 0.85605
0.762831 0.421613
0.605458 0.635376
0.296539 0.920115
0.549117 0.700905
0.508316 0.752186
0.933295 0.132449
0.16077 0.976011
0.599255 0.643429
0.177266 0.971577
0.470152 0.781389
0.464874 0.787041
0.40479 0.838458
0.126961 0.985863
0.452881 0.798397
0.723271 0.481023
0.974114 0.0542825
0.698351 0.515324
0.631076 0.603473
0.86368 0.257861
0.771526 0.407647
0.973472 0.0569787
0.944772 0.110932
0.993707 0.0162341
0.186401 0.967233
0.409753 0.835654
0.753749 0.435338
0.208941 0.958689
0.75605 0.431648
0.737647 0.458678
0.535104 0.716381
0.953304 0.0971245
0.738098 0.458161
