6.47332e-09 1.00578
0.850718 -0.770717
0.652373 -0.455786
0.823509 -0.459823
0.453565 -0.12083
0.618399 -0.121058
0.409519 0.243013
0.256384 0.245439
0.0795962 0.673286
0.183013 0.668974
0.0295104 0.809032
0.841452 -0.726373
0.00780926 0.91535
0.190469 0.622965
0.2042 0.524163
0.845856 -0.755096
0.634876 -0.359157
0.0360746 0.783193
0.0545486 0.716108
0.228422 0.348217
0.210118 0.480752
0.632549 -0.332642
0.838803 -0.698069
0.218925 0.41497
0.41511 0.169768
0.0398833 0.767825
0.206656 0.505614
0.639367 -0.39934
0.215486 0.438071
0.0625239 0.698273
0.0006708 0.980158
0.0465426 0.749265
0.200001 0.556494
0.825666 -0.501832
0.419342 0.116326
0.00244269 0.954572
0.248487 0.260054
0.223717 0.379931
0.19595 0.59185
0.0493017 0.73336
0.436007 -0.0498335
0.637687 -0.384846
0.830042 -0.580014
0.243725 0.271231
0.827472 -0.535744
0.235248 0.307656
0.836925 -0.679465
0.834265 -0.642717
0.430484 -0.00423796
0.832417 -0.617844
0.621058 -0.153511
0.62819 -0.274776
0.643356 -0.428154
0.831414 -0.603626
0.015659 0.872859
0.622215 -0.184211
0.0705338 0.681965
0.446031 -0.106262
0.425677 0.0433342
0.427649 0.0235677
0.443193 -0.0953375
0.020031 0.851452
0.829203 -0.559614
0.421454 0.0941104
0.825052 -0.487914
0.231373 0.328949
0.624545 -0.221399
0.413365 0.191879
0.422431 0.083629
0.625868 -0.241734
0.630002 -0.298247
0.0142466 0.881247
0.239255 0.289339
0.417119 0.14377
0.619757 -0.144907
0.198828 0.566124
0.623641 -0.208399
0.428963 0.010513
0.440302 -0.0788972
0.0665932 0.687038
0.411716 0.223662
0.417511 0.138695
0.196149 0.584308
0.823996 -0.466381
0.187848 0.64016
0.0107718 0.899402
0.184423 0.661341
0.424048 0.062199
0.451264 -0.119239
0.432826 -0.0266596
0.212539 0.460359
0.630771 -0.31025
0.0241641 0.832507
0.00232243 0.956452
0.213001 0.456986
0.186977 0.646508
0.644281 -0.432384
0.0211827 0.84516
0.828015 -0.545059
0.432826 -0.0266596
