0.962153 0.0342189
0 1.03074
0.557724 0.265668
0.0100203 0.927573
0.00456468 0.96183
0.936279 0.048075
0.810578 0.115107
0.621903 0.229244
0.276905 0.496403
0.0442639 0.816179
0.0593783 0.783911
0.447483 0.352339
0.294647 0.479687
0.464036 0.33883
0.517203 0.299112
0.391755 0.38853
0.0358889 0.841256
0.0747585 0.753148
0.0499202 0.802519
0.783566 0.130427
0.0670018 0.767353
0.709631 0.174898
0.38194 0.403633
0.360492 0.420734
0.42041 0.364792
0.0966417 0.713952
0.163015 0.618348
0.579121 0.257178
0.103883 0.701391
0.497961 0.312831
0.000615927 1.00611
0.340238 0.439133
0.210705 0.566994
0.0141026 0.9082
0.433989 0.360292
0.831434 0.104302
0.476185 0.329079
0.341478 0.427307
0.369684 0.411489
0.724071 0.166838
0.219502 0.553945
0.668367 0.192719
0.543159 0.28391
0.118461 0.68074
0.0804754 0.73247
0.655243 0.208235
0.687213 0.188702
0.266212 0.506005
0.530015 0.291823
0.912394 0.0598933
0.695815 0.183469
0.923049 0.0539045
0.31181 0.463979
0.172554 0.607779
0.113168 0.687772
0.087551 0.728561
0.324473 0.45258
0.235836 0.536107
0.227551 0.545836
0.187731 0.589884
0.140509 0.650506
0.501736 0.312322
0.179905 0.59969
0.302154 0.47111
0.0179536 0.894317
0.586538 0.251838
0.602992 0.241101
0.820495 0.110267
0.846324 0.096671
0.144727 0.64575
0.244125 0.527826
0.0273328 0.863075
0.641123 0.216882
0.0285448 0.849449
0.765487 0.142024
0.200763 0.5765
0.259795 0.516166
0.877668 0.0788497
0.665315 0.204256
0.40609 0.376124
0.887629 0.0748537
0.851249 0.0929255
0.12923 0.666301
0.251183 0.520247
0.130207 0.664949
0.404916 0.377701
0.197769 0.583597
0.90214 0.0694502
0.863276 0.0860414
0.739386 0.157602
0.0229493 0.874692
0.754854 0.148294
0.0015672 0.989309
0.749537 0.151218
0.734064 0.161382
0.0210581 0.88253
0.637186 0.220356
0.598216 0.244291
0.32153 0.454944
0.153647 0.632243
