1.52253 15
2.90415e-09 17.0372
1.52253 15
1.22833 15.0468
0.54634 15.4097
0.561806 15.395
0.954233 15.14
1.00117 15.1193
1.18835 15.0568
1.44931 15
0.178139 15.9607
0.676681 15.3009
1.41833 15
0.992155 15.1227
0.113928 16.1446
0.895457 15.1667
0.00245573 16.8902
0.408818 15.5604
0.256541 15.7922
0.123303 16.1156
0.917817 15.1566
0.667551 15.307
1.27449 15
0.417126 15.5494
1.22837 15.0432
0.210448 15.8863
0.0579133 16.3804
0.733894 15.2611
0.000613924 16.9665
0.932628 15.1499
1.01434 15.1151
1.08781 15.0869
0.885522 15.1718
0.578112 15.3805
0.599942 15.3626
0.184408 15.9466
0.0201338 16.6314
0.172044 15.9791
1.36979 15
0.267262 15.7724
0.474591 15.4823
0.00390684 16.8579
0.780079 15.2306
1.31885 15
0.528995 15.4259
0.0617673 16.3581
0.356953 15.6288
1.21299 15.0505
1.4936 15
0.836714 15.1975
0.00110924 16.9414
0.924173 15.153
1.37804 15
0.431984 15.5308
1.22837 15.0002
0.771771 15.2357
1.33334 15
0.799931 15.2198
0.685318 15.2939
0.242089 15.8199
0.00540974 16.8394
0.875311 15.1769
0.445075 15.5161
0.94078 15.1453
0.636862 15.3308
0.000101356 17.0119
1.34987 15
0.790658 15.2243
0.706219 15.2822
1.2034 15.0529
1.26684 15.0001
0.08177 16.2656
0.906957 15.1613
0.363163 15.6203
0.865909 15.1822
0.0786121 16.2783
0.108749 16.1657
1.04618 15.1016
0.377949 15.6022
0.453765 15.506
0.0108417 16.7352
0.536923 15.4186
0.569466 15.3885
0.456804 15.5019
0.0850384 16.2502
0.00977089 16.751
0.72671 15.2682
0.00831423 16.7704
0.0759758 16.2948
0.0227956 16.6078
0.00611577 16.8089
0.711688 15.2752
0.250378 15.8069
1.13428 15.0721
0.351768 15.6378
0.307258 15.7045
0.981854 15.1282
0.191529 15.9278
0.204341 15.9007
0.143833 16.0559
0.617329 15.3469
0.629995 15.3362
0.755167 15.2467
0.0357026 16.5076
0.230545 15.8445
0.741882 15.2566
1.29474 15
0.0141009 16.6954
0.301406 15.7158
0.315636 15.6906
0.372014 15.6121
0.972777 15.1312
0.833027 15.201
0.323623 15.6844
0.0260474 16.5932
0.00738667 16.7862
0.0173508 16.6593
0.29418 15.7284
1.22865 15.0001
1.18058 15.0589
0.395199 15.5766
0.333412 15.663
0.0634014 16.3463
0.188173 15.9356
0.903828 15.1625
0.807908 15.2144
0.310316 15.699
1.22463 15.0478
0.0959164 16.214
1.12328 15.0757
1.47791 15
0.485012 15.4708
0.0460522 16.4509
0.786264 15.2269
0.196834 15.9173
0.500532 15.4555
0.760202 15.2434
0.328726 15.6703
0.541413 15.4166
0.0309756 16.5574
1.09585 15.0842
0.128612 16.097
1.07334 15.092
0.972777 15.1312
0.507893 15.4471
0.467228 15.4902
0.748318 15.2505
0.846905 15.1919
0.235783 15.8322
1.01811 15.1123
0.402495 15.5673
1.17554 15.0604
0.608987 15.3536
0.164548 15.9944
0.0478445 16.429
0.879863 15.1752
1.0788 15.0908
0.815169 15.2097
0.81772 15.2085
1.02585 15.1094
0.217677 15.8697
1.10794 15.0813
1.03769 15.1059
0.282425 15.7455
0.485012 15.4708
0.156139 16.0167
0.000274791 16.9894
0.0552383 16.3954
0.0299993 16.5754
0.298159 15.7195
0.368401 15.6154
1.45711 15
0.0398542 16.4784
0.422294 15.5425
1.05224 15.1014
0.0714353 16.3144
0.092411 16.2254
0.275189 15.7649
0.0880202 16.2383
0.660878 15.3126
0.591568 15.3688
1.25325 15.0001
0.0734814 16.3067
0.608987 15.3536
0.391009 15.5833
0.946356 15.1425
0.146533 16.0436
0.0685679 16.3261
0.584114 15.3778
1.06596 15.0952
0.148482 16.0378
0.153482 16.0309
0.00159209 16.9242
0.586694 15.374
0.855138 15.1876
0.0311906 16.5408
1.34446 15
0.0332251 16.5244
0.288701 15.7383
0.595368 15.3666
1.14626 15.0686
0.140205 16.0673
0.400718 15.5718
0.106121 16.1705
0.237447 15.8288
1.15546 15.0658
0.0123578 16.7152
0.160312 16.0058
0.388012 15.5876
0.524397 15.4325
0.473323 15.4877
0.0519525 16.406
0.00192097 16.9083
0.861844 15.1839
1.20796 15.0518
0.567419 15.3938
0.422294 15.5425
0.804284 15.2162
1.39698 15
0.0495588 16.4196
0.118526 16.1294
0.434359 15.5285
1.23811 15.0001
1.13698 15.0713
0.21533 15.8751
0.279292 15.7542
1.39782 15
0.846975 15.1918
0.00644577 16.8028
0.345146 15.6543
0.101639 16.1867
0.509275 15.4456
0.0157852 16.6778
0.82499 15.204
0.626042 15.3407
0.135079 16.0784
1.05658 15.0981
0.097992 16.2014
0.381587 15.5947
1.47846 15
1.14334 15.0693
0.717957 15.2734
0.118611 16.1291
1.10675 15.0828
1.49343 15
0.467228 15.4902
0.498559 15.4566
0.222782 15.8588
1.16918 15.0619
0.0125732 16.7118
0.101639 16.1867
0.289983 15.7359
0.000200466 16.9957
0.519634 15.4361
0.383695 15.5919
0.699224 15.2853
0.041314 16.4686
0.262415 15.7812
0.745097 15.2528
0.262415 15.7812
0.493894 15.4622
0.138221 16.071
0.0898852 16.2309
0.0379334 16.4916
1.1618 15.064
0.82499 15.204
1.41272 15
0.721107 15.2686
1.29474 15
1.30674 15
1.30674 15
0.0153534 16.6804
0.024617 16.6011
0.161666 16.0022
0.766325 15.2393
0.0372472 16.495
0.276199 15.7641
1.02497 15.1102
0.131692 16.0927
0.155452 16.0251
0.442865 15.521
0.0665021 16.3326
0.0300638 16.5711
1.06013 15.0967
0.76532 15.2399
1.25218 15.0001
0.977129 15.1294
0.22759 15.8504
0.346991 15.6429
0.0185012 16.6468
1.23811 15.0001
0.649724 15.3218
0.226458 15.8542
0.439096 15.5229
1.23811 15.0001
0.622827 15.3428
0.331231 15.6701
0.657161 15.3155
0.247866 15.8104
0.514982 15.44
