-14.6899 -11.204
-16.1783 -7.17182
-14.6417 -11.3615
-14.7655 -10.9195
-15.205 -9.33725
-16.6728 -4.95693
-16.4273 -6.13105
-14.6541 -11.3291
-16.5269 -5.6607
-15.1753 -9.4512
-16.6812 -4.92073
-16.6852 -4.90508
-15.0926 -9.74831
-14.6706 -11.2774
-15.0178 -10.134
-15.1338 -9.58524
-15.0623 -9.94828
-16.2512 -6.90376
-15.3217 -8.85281
-16.4187 -6.16553
-15.1039 -9.68877
-15.2089 -9.3282
-14.5255 -11.4872
-15.3064 -8.8605
-15.2033 -9.3542
-16.9357 -4.08282
-15.0438 -10.0278
-16.7361 -4.69977
-16.6405 -5.05289
-16.4822 -5.85483
-16.1343 -7.31451
-15.1803 -9.43651
-16.7541 -4.63111
-16.1615 -7.2287
-16.7038 -4.83352
-15.0501 -10.0048
-14.7983 -10.867
-16.4649 -5.92152
-14.6326 -11.3694
-16.7389 -4.66411
-15.1136 -9.65506
-16.4002 -6.21996
-16.4454 -6.01272
-16.6318 -5.08741
-15.431 -8.42412
-15.1793 -9.44557
-14.637 -11.3664
-15.2858 -8.94242
-16.4312 -6.08174
-14.5619 -11.4459
-14.937 -10.2475
-16.7586 -4.58995
-16.2251 -7.02437
-14.7655 -10.9195
-15.2009 -9.3638
-18.7953 -0.418786
-14.5666 -11.4444
-14.5788 -11.4426
-15.2234 -9.27098
-15.6025 -7.76786
-15.0576 -9.96935
-15.4586 -8.32689
-16.2472 -6.92096
-15.1345 -9.58227
-16.1584 -7.24743
-15.2162 -9.29098
-15.3453 -8.69121
-14.9241 -10.341
-14.6091 -11.4078
-16.6193 -5.13797
-14.5599 -11.4596
-14.9843 -10.2151
-15.1156 -9.64073
-16.688 -4.87552
-14.6592 -11.3149
-15.2064 -9.33527
-14.6706 -11.2774
-15.1866 -9.417
-14.9465 -10.2333
-14.8786 -10.6666
-15.1741 -9.4656
-15.2074 -9.32982
-15.4501 -8.35588
-18.6842 -0.560898
-16.4843 -5.82325
-14.922 -10.3611
-16.7705 -4.54435
-16.2274 -6.99241
-15.0857 -9.8497
-15.1961 -9.37224
-16.6066 -5.15476
-15.2997 -8.88321
-16.188 -7.11741
-15.6275 -7.67398
-16.6976 -4.85866
-14.5616 -11.4471
-15.2875 -8.94069
-16.2423 -6.93992
-16.1418 -7.2896
-15.2249 -9.2625
-15.2954 -8.89697
-16.4929 -5.77214
-14.6576 -11.3157
-16.7818 -4.38535
-15.6008 -7.77791
-16.3744 -6.27585
-14.6072 -11.4091
-16.4473 -6.00502
-14.9918 -10.1781
-18.6062 -0.844697
-15.6315 -7.66716
-16.4636 -5.93873
-15.2547 -9.06145
-16.1086 -7.40663
-16.7878 -4.36338
-15.7822 -7.65524
-14.6737 -11.2647
-16.5051 -5.71804
-16.1894 -7.11695
-16.5231 -5.66205
-16.1855 -7.12653
-16.738 -4.69305
-14.6464 -11.3371
-15.3049 -8.86151
-15.1228 -9.60675
-16.5543 -5.49488
-15.3837 -8.60901
-16.7762 -4.52286
-16.5049 -5.72272
-16.4851 -5.80903
-16.5287 -5.64262
-15.0595 -9.95827
-16.5956 -5.20246
-15.2816 -8.96443
-14.5874 -11.4207
-18.2233 -2.50994
-16.1673 -7.22164
-15.2374 -9.21006
-16.4454 -6.01272
-15.2751 -8.99603
-14.9168 -10.5336
-15.1155 -9.64509
-16.16 -7.23628
-15.2931 -8.90549
-14.4646 -11.6108
-18.2155 -2.80288
-16.6524 -5.00494
-15.9206 -7.63665
-14.6459 -11.3487
-14.6907 -11.1798
-16.0986 -7.41005
-14.6731 -11.2673
-16.6043 -5.16212
-15.8905 -7.65168
-14.6693 -11.2824
-14.676 -11.2555
-15.2191 -9.28401
-16.3533 -6.36371
-16.9939 -3.87134
-16.4276 -6.10443
-16.3684 -6.30382
-18.6411 -0.83037
-14.6709 -11.2724
-16.5772 -5.32942
-18.4325 -1.6532
-16.3597 -6.31296
-15.5078 -8.06125
-18.6419 -0.737518
-16.598 -5.19027
-18.7792 -0.43109
-14.6126 -11.3871
-15.0738 -9.89927
-16.5367 -5.5919
-15.2635 -9.04545
-15.5919 -7.81243
-18.2287 -2.34392
-16.5966 -5.19261
-18.4572 -1.59575
-15.89 -7.65184
-14.6722 -11.2711
-15.8823 -7.65341
-15.0592 -9.96201
-18.7995 -0.38991
-18.5011 -1.21848
-14.9533 -10.2316
-15.3445 -8.69317
-16.7135 -4.73911
-16.5792 -5.31937
-18.9641 -0.13302
-16.6053 -5.15729
-17.9626 -3.75158
-16.775 -4.52707
-18.0412 -3.34379
-16.5991 -5.18627
-15.942 -7.59605
-16.5986 -5.18869
-19.0609 0.102125
-15.89 -7.65184
-16.7794 -4.41547
-16.7912 -4.35236
-18.1524 -3.10601
-18.4692 -1.54251
-16.6585 -4.97384
-15.6191 -7.73488
-18.7364 -0.551615
-16.5756 -5.42367
-18.534 -1.11973
-14.6756 -11.2568
-18.6556 -0.676748
-15.953 -7.59592
-19.0463 0.0575827
-18.7991 -0.390014
-15.5894 -7.88915
-17.9521 -3.84353
-18.386 -1.84705
-16.7892 -4.36227
-18.6675 -0.673565
-16.5906 -5.31098
-19.8147 0.171767
-18.245 -2.26339
-19.0129 -0.0602031
-17.9361 -3.84809
-18.7649 -0.449499
-15.302 -8.88072
-18.3353 -1.95211
-18.9042 -0.167584
-15.89 -7.65184
-18.1517 -3.10914
-18.5939 -0.86958
-16.6571 -4.99315
-15.5932 -7.77984
-16.5133 -5.70499
-16.8364 -4.20398
-15.3316 -8.7575
-16.6074 -5.14766
-15.5035 -8.16717
-18.238 -2.30452
-15.5928 -7.77996
-14.8007 -10.8646
-16.6074 -5.14766
-18.1168 -3.2493
-16.5029 -5.74393
-16.7771 -4.47875
-16.6074 -5.14766
-15.3475 -8.68048
-15.2421 -9.18739
-15.4634 -8.31153
-16.8173 -4.25793
-15.5623 -7.93535
-16.4416 -6.05057
-18.0285 -3.60005
-16.6053 -5.15729
-16.5986 -5.18869
-16.4957 -5.76672
-15.161 -9.52422
-16.5448 -5.54707
-15.1826 -9.42669
-15.1038 -9.7034
-16.5966 -5.19838
-15.2706 -8.99995
-14.8704 -10.7141
-14.4891 -11.5673
-14.675 -11.2595
-15.6446 -7.66331
-16.9763 -3.96429
-16.2551 -6.88848
-15.9845 -7.5232
-14.6522 -11.3364
-18.3457 -1.91355
-15.6215 -7.6951
-16.7617 -4.55803
-15.5334 -7.97044
-16.2274 -6.9946
-15.1892 -9.40391
-16.5034 -5.74206
-15.2396 -9.19978
-16.943 -4.06543
-18.6411 -0.83037
-15.8828 -7.65336
-14.6741 -11.2634
-16.3019 -6.67405
-16.4073 -6.21305
-16.6291 -5.09152
-15.1913 -9.40131
-14.6642 -11.2946
-16.8143 -4.33625
-15.2961 -8.89499
-16.6885 -4.8736
-16.5029 -5.74457
-15.1198 -9.63295
-16.2236 -7.0317
-15.2606 -9.05196
-15.1279 -9.58941
-15.9416 -7.59691
-14.7391 -11.0552
-16.9046 -4.13242
-16.9624 -4.02309
-15.0531 -9.98604
-16.2547 -6.89163
-15.0486 -10.0091
-16.4942 -5.7719
-14.4938 -11.5125
-14.8223 -10.7634
-16.6996 -4.85202
-14.6308 -11.3816
-16.5014 -5.75284
-15.0347 -10.0621
-16.2112 -7.07843
-14.6706 -11.2774
-14.4485 -11.6256
-16.771 -4.54245
-15.1993 -9.36752
-15.3034 -8.86779
-15.2952 -8.90081
-16.3919 -6.23257
-16.9895 -3.92751
-14.4457 -11.6266
-14.4659 -11.6094
-16.7604 -4.58426
-16.2355 -6.98685
-16.6041 -5.16503
-15.5409 -7.9499
-15.6283 -7.67302
-14.6604 -11.31
-16.444 -6.04782
-16.7123 -4.76686
-16.7018 -4.84025
-15.0612 -9.95548
-15.0373 -10.0588
-14.4655 -11.6096
-15.3329 -8.74561
-16.4292 -6.09409
-15.111 -9.66176
-16.156 -7.2586
-14.6031 -11.4162
-16.7072 -4.79453
-16.5408 -5.57367
-14.6224 -11.3871
-15.2918 -8.91738
-15.3244 -8.76095
-16.704 -4.83057
-14.6662 -11.2945
-14.587 -11.4327
-16.9386 -4.07643
-16.5939 -5.26748
-15.0895 -9.74919
-18.8818 -0.210075
-14.5053 -11.4918
-16.3545 -6.317
-14.9877 -10.1978
-16.4918 -5.80881
-15.5598 -7.93938
-16.4749 -5.87742
-16.7289 -4.70325
-16.9688 -4.00501
-14.6756 -11.2568
-16.2345 -6.99136
-16.5403 -5.57456
-15.2788 -8.98144
-19.0773 0.161539
-15.0557 -9.98171
-14.6554 -11.3241
-14.6096 -11.397
-15.1804 -9.43407
-15.2213 -9.27099
-16.4926 -5.78178
-16.1795 -7.13503
-15.0819 -9.8666
-16.1698 -7.21148
-16.689 -4.87079
-16.5224 -5.67165
-16.5028 -5.74892
-16.3828 -6.24598
-17.9743 -3.6259
-15.0406 -10.0449
-16.7623 -4.55534
-14.5517 -11.4695
-15.0415 -10.0361
-16.5302 -5.62015
-16.7637 -4.551
-15.2904 -8.92917
-16.9168 -4.09776
-16.6252 -5.10871
-16.4577 -5.99792
-16.5103 -5.71613
-16.8437 -4.14381
-16.4711 -5.91244
-16.6489 -5.02302
-15.1935 -9.39171
-16.7366 -4.69798
-16.44 -6.06444
-14.6592 -11.3149
-15.5302 -7.99304
-16.6876 -4.89427
-15.1679 -9.49465
-14.9268 -10.2591
-16.0944 -7.44658
-16.4125 -6.17166
-16.5498 -5.52844
-16.1615 -7.22409
-15.3224 -8.85017
-15.1205 -9.6195
-16.1732 -7.20148
-14.6744 -11.2621
-16.62 -5.11714
-15.0498 -10.0051
-16.6905 -4.86589
-15.1698 -9.47789
-16.4827 -5.84641
-15.2154 -9.30026
-14.4488 -11.6253
-15.1479 -9.57142
-15.042 -10.0342
-16.413 -6.16917
-16.3525 -6.39761
-15.0298 -10.0877
-15.225 -9.26027
-14.425 -11.6121
-19.7903 0.214249
-17.9003 -3.82848
-17.0591 -3.83659
-19.0969 0.2034
-15.1781 -9.4435
-18.2312 -2.25779
-15.8895 -7.65172
-15.6298 -7.66047
-18.3344 -1.89263
-15.2347 -9.11585
-17.9852 -3.42741
-18.1101 -3.23922
-18.1656 -2.78053
-18.5116 -1.06799
-18.4441 -1.53756
-18.3755 -1.83901
-15.0915 -9.71059
-17.9596 -3.60116
-18.1409 -3.08971
-14.7272 -11.0311
-18.6008 -0.820793
-15.0369 -10.053
-14.792 -10.8559
-16.876 -4.11626
-16.3506 -6.39356
-15.3565 -8.50736
-16.5402 -5.56962
-16.5586 -5.36718
-16.5985 -5.18209
-16.498 -5.75073
-16.7036 -4.77394
-18.8684 -0.174988
-16.0934 -7.44478
-15.0773 -9.81719
-18.1783 -2.54168
-15.3324 -8.7151
-18.4987 -1.21289
-15.422 -8.39527
-16.7759 -4.3441
-16.8113 -4.22814
-18.4633 -1.4201
-19.0319 0.166004
-16.2714 -6.62329
-18.9489 -0.061125
-18.7199 -0.458974
-16.4031 -6.2058
-18.7899 -0.375924
-16.2534 -6.85697
-14.515 -11.4332
-19.0105 -0.0503257
-15.5996 -7.77727
-15.5105 -7.9848
-15.4818 -8.15229
-16.2926 -6.50496
-15.5525 -7.89922
-18.2114 -2.41949
-16.6691 -4.93936
-16.6398 -5.03209
-14.8988 -10.4572
-14.4929 -11.5116
-14.6895 -11.1994
-15.4535 -8.26528
-18.7983 -0.204103
-16.1386 -7.27619
-14.8527 -10.6368
-16.2348 -6.96573
-17.0182 -3.84498
-15.9527 -7.59338
-14.614 -11.3608
-18.6764 -0.555386
-16.7566 -4.55774
-14.9904 -10.1763
-16.7497 -4.62516
-16.1902 -7.07488
-16.9499 -3.98677
-14.9153 -10.3794
-15.3056 -8.8548
-18.6626 -0.673541
-16.0043 -7.44653
-15.2748 -8.95822
-16.4278 -6.05894
-16.9639 -3.98271
