-14.6937 -11.1295
-18.2728 -0.736716
-18.5032 0.185507
-18.3878 -0.218997
-17.7319 -3.64831
-17.9059 -3.07101
-16.7657 -4.13605
-17.7287 -3.65225
-15.101 -8.45544
-16.2601 -6.23455
-18.0145 -1.62504
-16.3273 -5.74528
-18.0314 -0.877612
-19.7352 0.19438
-15.9952 -6.61564
-16.5494 -4.56948
-15.8329 -7.51066
-15.4659 -7.69136
-16.5493 -5.47487
-16.8826 -4.11497
-16.72 -4.16445
-17.7467 -2.69301
-14.876 -7.58644
-18.1529 -0.498483
-19.4787 0.404604
-16.6857 -3.80587
-16.3435 -5.12525
-15.1367 -7.58263
-16.4854 -4.21364
-19.4763 0.384999
-17.8927 -0.743086
-17.6284 -3.60401
-16.1501 -5.59608
-14.7765 -7.64558
-15.2099 -7.21541
-17.865 -1.56491
-15.8267 -7.02374
-17.7582 -2.13554
-18.1083 -0.728488
-18.157 -0.328868
-16.4248 -4.3545
-14.6681 -9.07652
-14.6215 -10.441
-14.2646 -10.9411
-18.2004 0.362623
-16.8154 -3.77364
-17.6561 -2.8162
-18.1994 0.367251
-16.3523 -4.30034
-17.611 -3.34851
-17.686 -1.61429
-15.6384 -6.72179
-15.2683 -6.99568
-15.5723 -6.93615
-15.8148 -6.67891
-17.8236 -1.18857
-17.8514 -1.14872
-16.108 -5.07752
-14.9889 -7.47998
-16.3646 -3.96945
-15.9774 -5.5379
-15.9857 -5.46237
-17.2018 -3.54351
-19.1506 0.463325
-16.4524 -3.96084
-18.0516 -0.714961
-18.6227 0.422086
-17.5161 -3.40805
-14.4425 -10.4257
-13.1496 -10.6508
-13.4635 -10.5545
-14.6003 -8.44359
-16.0346 -5.41008
-18.0964 -0.194172
-15.7739 -5.9743
-17.2584 -3.32071
-14.9164 -6.89068
-15.9311 -5.53098
-14.0302 -9.00891
-13.9157 -9.49741
-14.542 -7.6692
-14.6638 -7.10011
-17.5192 -1.40829
-15.034 -6.73301
-18.0397 -0.682333
-17.7079 -0.800983
-14.2851 -8.89458
-14.416 -8.03238
-17.4673 -1.84749
-17.1167 -3.43214
-15.5797 -6.60059
-17.4602 -3.05056
-16.0227 -5.26994
-13.7306 -9.80474
-16.4149 -3.56918
-18.0871 0.0404931
-16.3504 -4.2773
-18.6915 0.48252
-13.1521 -10.2965
-19.1403 0.579585
