0.976354 0.00692324
0.0066168 0.983368
0.869719 0.283027
0.357732 0.835471
0.967981 0.036652
0.803513 0.417865
0.628792 0.649369
0.886989 0.252727
0.896555 0.227978
0.41133 0.802573
0.0672897 0.95882
0.38073 0.821073
0.297881 0.865559
0.944634 0.100758
0.725314 0.53671
0.954264 0.0910032
0.955186 0.0616422
0.64572 0.622934
0.392603 0.818252
0.565724 0.69731
0.879695 0.266055
0.317834 0.854682
0.240851 0.886942
0.710609 0.548056
0.694014 0.571991
0.0440873 0.966504
0.608377 0.66459
0.463157 0.77313
0.554493 0.721357
0.0796557 0.9489
0.743215 0.508187
0.838537 0.361474
0.795823 0.430771
0.931429 0.139135
0.636217 0.636522
0.663472 0.614356
0.344574 0.841569
0.916562 0.166717
0.923152 0.153285
0.4785 0.769139
0.281534 0.869344
0.127707 0.935389
0.332688 0.852976
0.750141 0.493735
0.843068 0.34054
0.108684 0.940785
0.137479 0.929271
0.206529 0.900932
0.593662 0.674976
0.154559 0.9238
0.961204 0.0483421
0.100368 0.94694
0.521688 0.732615
0.827518 0.37602
0.666265 0.60024
0.192842 0.908849
0.859426 0.306264
0.582421 0.686414
0.82005 0.398753
0.680337 0.584258
0.909548 0.18659
0.499358 0.751447
0.498172 0.766109
0.540162 0.730762
0.429979 0.791959
0.851389 0.322384
0.261382 0.881595
0.906882 0.214209
0.788372 0.446355
0.226109 0.89333
0.820377 0.398554
0.676279 0.590346
0.423554 0.795226
0.76805 0.48537
0.573387 0.691174
0.448463 0.784473
0.936621 0.123148
0.773851 0.470285
0.218784 0.896445
0.910804 0.183449
0.849378 0.333299
0.765562 0.490825
0.776183 0.465975
0.447537 0.785091
0.833186 0.37439
0.0205783 0.980748
0.600265 0.666279
0.2678 0.876536
0.513794 0.7472
0.857856 0.307706
0.905453 0.216293
0.936621 0.123148
0.545777 0.722574
0.733924 0.521634
0.733924 0.521634
0.517116 0.744809
0.782374 0.452561
0.0267419 0.978315
0.165458 0.917482
0.181062 0.914133
