3.99951 1.49021e-08
9.31379e-08 3.99878
0.00454895 3.73477
0.0272597 3.36684
0.540506 1.59974
0.558604 1.56901
1.46129 0.625937
2.38938 0.206332
0.0329732 3.30663
0.10924 2.78718
1.24559 0.781347
0.0034693 3.76787
0.335167 2.01942
0.470254 1.72725
0.573298 1.54464
1.68785 0.491159
2.34431 0.219854
0.0226371 3.42081
0.0366152 3.27121
0.160567 2.55773
0.167488 2.53048
1.26474 0.766313
1.89024 0.390801
2.18452 0.272472
3.19068 0.0456898
3.26525 0.0372486
3.77806 0.003167
0.0301544 3.33555
0.0421849 3.22063
0.868121 1.1412
1.05713 0.944456
1.07604 0.926745
1.87015 0.400013
2.06881 0.315465
2.24629 0.251238
3.86157 0.00121893
0.00634465 3.68773
0.0742728 2.98415
0.152836 2.58907
0.213208 2.36623
0.482895 1.70327
0.99044 1.00961
2.16292 0.280172
2.54467 0.163861
2.80003 0.106713
2.93857 0.0816675
2.95533 0.0789005
2.97425 0.0758446
3.16457 0.0488746
3.37199 0.0267981
3.61379 0.0098014
0.00201262 3.82256
0.0508646 3.14874
0.122961 2.72033
0.217172 2.3531
0.342272 2.00211
0.649626 1.42565
0.881823 1.12561
1.2979 0.74088
1.47608 0.616316
1.62656 0.525091
1.67519 0.498027
1.70694 0.480946
2.41208 0.199731
3.28956 0.0347021
3.32286 0.0313748
3.50098 0.0166178
3.74728 0.00412305
3.89281 0.000727832
0.000469508 3.9138
0.00154991 3.84407
0.024511 3.39827
0.114962 2.75872
0.26256 2.21294
0.268219 2.19662
0.375164 1.92514
0.477819 1.71284
0.492271 1.68579
0.78383 1.24246
0.947187 1.05425
1.42609 0.649331
1.49991 0.601078
1.5451 0.57302
1.58941 0.546535
1.74865 0.459186
2.29412 0.235581
3.03349 0.0667234
3.30064 0.0335744
3.65102 0.00796309
3.81135 0.00227824
0.00724995 3.66666
0.0121378 3.57145
0.0130975 3.55532
0.0254759 3.38703
0.0870923 2.90664
0.120406 2.73242
0.132558 2.67622
0.226951 2.32138
0.358164 1.96429
0.363296 1.95233
0.38117 1.91161
0.564092 1.55985
0.641779 1.43734
0.714122 1.33389
0.734903 1.30584
0.821007 1.19663
0.937706 1.0643
0.965092 1.03553
0.97471 1.02561
1.13248 0.875758
1.3442 0.706611
1.50889 0.595413
1.60794 0.535759
1.65314 0.51016
1.66257 0.504942
1.86015 0.404659
2.05304 0.321666
2.19717 0.26803
2.22439 0.258634
2.36867 0.212476
2.74515 0.117752
2.86371 0.0947092
2.88856 0.0902547
2.91976 0.0848374
3.71192 0.00538264
3.79231 0.00276822
3.91694 0.000435751
4.927e-05 3.97197
0.000704961 3.8945
0.0140937 3.53923
0.0192819 3.46385
0.0392298 3.24697
0.0646274 3.04775
0.0674506 3.0286
0.0779774 2.961
0.0892672 2.89416
0.135239 2.66425
0.18229 2.47447
0.254491 2.23661
0.25882 2.22385
0.28166 2.15879
0.287521 2.14268
0.319109 2.05952
0.32326 2.04902
0.385705 1.9015
1.00385 0.996158
1.04212 0.958746
1.21849 0.803077
1.27989 0.754603
1.28957 0.747198
1.35413 0.699447
1.38269 0.679177
1.44364 0.63758
1.55726 0.565652
1.64061 0.51716
1.72934 0.469167
1.79251 0.437123
1.84685 0.410895
1.902 0.385478
2.00782 0.339919
2.25728 0.24758
2.48274 0.180055
2.66285 0.135553
2.67681 0.132425
2.69282 0.128895
2.7149 0.124119
2.73303 0.120279
3.95569 0.000123404
0.000172212 3.94768
0.0054997 3.70886
0.0161957 3.50715
0.060656 3.07552
0.084234 2.92331
0.117041 2.74859
0.127279 2.70023
0.199895 2.41151
0.300093 2.10886
0.423749 1.81991
0.42853 1.81004
0.461091 1.74494
0.518302 1.63858
0.531568 1.61522
0.601362 1.49946
0.635924 1.44613
0.661487 1.40821
0.722399 1.32264
0.743299 1.29471
0.77306 1.25611
0.91188 1.09218
0.930627 1.07187
1.02228 0.977966
1.05337 0.948019
1.07984 0.923223
1.09129 0.912696
1.1028 0.90223
1.1247 0.882626
1.31185 0.73041
1.32306 0.722088
1.40575 0.663176
1.52091 0.587901
1.53449 0.579507
1.56489 0.56107
1.76483 0.450952
1.91212 0.380944
1.95797 0.360872
1.96652 0.357215
1.97852 0.352126
1.99745 0.344203
2.01994 0.334955
2.11117 0.299224
2.49815 0.175935
2.56614 0.15847
2.58377 0.154127
2.62118 0.145156
2.63107 0.14284
2.77761 0.111145
2.87405 0.0928401
3.05052 0.0642246
3.13856 0.0521668
3.35408 0.0284206
3.3922 0.0250298
3.40795 0.0236961
3.46453 0.0192311
3.55601 0.0130556
3.68609 0.0064129
3.7284 0.00477397
0.0107035 3.59687
0.0112146 3.58762
0.0171412 3.49344
0.0210142 3.44116
0.0484169 3.16826
0.194474 2.4305
0.207609 2.38504
0.222323 2.33628
0.235758 2.29356
0.272026 2.18578
0.275219 2.17677
0.353068 1.97629
0.456956 1.75302
0.582578 1.52951
0.595695 1.50844
0.607055 1.49051
0.700774 1.35228
0.799034 1.22349
1.03218 0.968332
1.1105 0.895287
1.11694 0.889521
1.19837 0.81957
1.20908 0.810753
1.27161 0.760979
1.43631 0.642463
1.77783 0.444417
1.98711 0.348513
2.02863 0.331432
2.27014 0.243346
2.37055 0.211914
2.56027 0.159932
2.60737 0.14843
2.8123 0.104334
2.8287 0.101203
3.48273 0.0179006
3.51927 0.0153828
3.52615 0.0149319
3.82806 0.00188863
3.97027 5.54506e-05
6.78976e-05 3.96711
0.00110657 3.86805
0.00127497 3.85845
0.0373193 3.26459
0.0437027 3.2075
0.0447294 3.19876
0.0810756 2.94212
0.129027 2.69222
0.169995 2.52078
0.195553 2.4267
0.24837 2.2549
0.250809 2.24757
0.290146 2.13554
0.397931 1.87466
0.40334 1.86298
0.433338 1.8002
0.439791 1.78712
0.444661 1.77734
0.677468 1.38513
0.8045 1.21674
0.812182 1.20734
0.856784 1.15428
0.86131 1.14904
1.1429 0.866643
1.16256 0.84968
1.16783 0.845185
1.39276 0.672153
1.48648 0.609626
1.59866 0.541134
1.71812 0.475038
1.82205 0.422716
1.8336 0.417179
1.93243 0.371956
2.09877 0.303917
2.30708 0.231451
2.31264 0.229693
2.32566 0.225616
2.33124 0.223879
2.45971 0.186325
2.52718 0.168339
2.64495 0.139628
2.9031 0.0877058
3.01862 0.0689489
3.10836 0.0561433
3.20597 0.0438815
3.22786 0.0413615
3.24763 0.0391573
3.33622 0.0300909
3.90004 0.000632384
0.15813 2.56751
3.59062 0.0110472
0.328137 2.03681
0.0055906 3.70651
0.0318741 3.31774
0.0585697 3.09052
0.0621686 3.06482
0.0828228 2.93166
0.0918386 2.87964
0.149042 2.60481
0.189659 2.44766
0.203734 2.39826
0.24413 2.26775
0.294104 2.12485
0.312933 2.07532
0.3143 2.0718
0.368465 1.94041
0.369948 1.93701
0.395624 1.87968
0.590994 1.51595
0.669453 1.39665
0.681493 1.37939
0.695674 1.35939
0.764497 1.26708
0.7925 1.2316
0.886415 1.12043
0.955522 1.04549
1.01366 0.986435
1.09512 0.909201
1.1877 0.828435
1.36267 0.693334
1.39708 0.669154
1.52694 0.584163
1.57559 0.554688
1.6328 0.521558
1.78598 0.440358
1.80725 0.42989
1.94603 0.366024
2.03907 0.327229
2.1236 0.294568
2.12716 0.293244
2.27935 0.240344
2.41967 0.197555
2.42917 0.194851
2.44251 0.191098
2.65091 0.138263
2.71892 0.123261
2.99957 0.071864
3.01226 0.0699139
3.24323 0.0396419
3.42601 0.0222166
3.44411 0.0207848
3.44864 0.0204343
3.57214 0.0120975
3.63238 0.0088584
3.93387 0.000275629
3.93871 0.000236585
2.84515 0.0981205
2.08465 0.309324
2.08465 0.309324
2.84515 0.0981205
0.000302605 3.93072
0.00810533 3.64799
0.0088929 3.63168
0.0098377 3.6131
0.0149767 3.52546
0.015277 3.52088
0.0179496 3.48204
0.0184436 3.47521
0.0310083 3.32664
0.0389884 3.24917
0.0478812 3.17261
0.0528101 3.13359
0.063392 3.05628
0.07229 2.99682
0.0933243 2.87136
0.0955753 2.85897
0.0978531 2.84659
0.138399 2.65032
0.142978 2.63048
0.145761 2.61861
0.149986 2.60087
0.172521 2.51109
0.175066 2.50143
0.17866 2.48793
0.189659 2.44766
0.223475 2.33255
0.308171 2.08764
0.34657 1.99176
0.405669 1.85798
0.409566 1.84967
0.411913 1.8447
0.436558 1.79366
0.451198 1.76435
0.495703 1.67946
0.506939 1.65895
0.526241 1.62454
0.536922 1.60592
0.587246 1.52197
0.61182 1.48306
0.686541 1.37223
0.728638 1.31423
0.747515 1.28916
0.751743 1.28362
0.755982 1.27809
0.760234 1.27258
0.789244 1.23567
0.827657 1.18863
0.83545 1.17933
0.843278 1.17007
0.850018 1.16216
0.892171 1.11398
0.918888 1.08454
0.923575 1.07946
1.14551 0.864372
1.22659 0.796526
1.31465 0.728325
1.33432 0.713813
1.36694 0.690288
1.41445 0.657224
1.76808 0.449314
1.83857 0.414817
1.94262 0.367502
2.04431 0.325137
2.15037 0.284714
2.22075 0.259877
2.51748 0.170852
2.68881 0.129773
2.76136 0.114425
2.99111 0.0731789
3.07402 0.0608666
3.10191 0.0570144
3.12344 0.0541368
3.34515 0.0292498
3.42827 0.022035
3.4759 0.0183939
3.57676 0.0118305
3.63006 0.00897367
3.66736 0.0072188
3.74019 0.00436155
3.83761 0.00168238
0.328137 2.03681
3.54451 0.0137624
0.18543 2.46297
0.239328 2.28248
0.0206618 3.44569
0.00866416 3.63634
0.0539381 3.12495
0.0550781 3.11633
0.0687247 3.02011
0.0793469 2.9526
0.0997717 2.83631
0.102099 2.82398
0.102489 2.82193
0.104847 2.80964
0.106434 2.80146
0.178144 2.48986
0.202084 2.40393
0.232804 2.30281
0.244733 2.26591
0.350173 1.98316
0.39103 1.88973
0.447924 1.77084
0.499147 1.67313
0.522705 1.63077
0.621406 1.46823
0.630097 1.45495
0.671452 1.39376
0.706919 1.34378
0.707946 1.34236
0.809984 1.21002
0.82988 1.18597
0.8388 1.17536
0.902578 1.10241
0.904899 1.09985
0.981954 1.01821
0.983164 1.01698
1.01735 0.982801
1.15336 0.857575
1.15467 0.856445
1.17576 0.838465
1.17708 0.837348
1.18504 0.830659
1.2293 0.794349
1.3315 0.715877
1.485 0.61058
