9.5554e-05 3.96099
4.01566 1.52886e-05
0.756883 1.27692
0.826446 1.19008
1.05348 0.947911
1.13528 0.873302
1.54119 0.575403
1.6398 0.517612
1.69025 0.489863
1.79345 0.436659
1.8462 0.411203
1.95398 0.362585
2.72912 0.121101
2.92634 0.0837206
3.06164 0.0626222
3.70835 0.0055192
3.86048 0.00123838
0.00238885 3.80689
0.00468214 3.73098
0.00773987 3.65583
0.011562 3.58145
0.0161486 3.50784
0.0214996 3.43499
0.034495 3.29158
0.0421393 3.22102
0.0597212 3.0822
0.0696588 3.01394
0.0803609 2.94644
0.0918274 2.87971
0.104058 2.81374
0.117054 2.74853
0.130813 2.68409
0.145338 2.62041
0.160626 2.5575
0.176679 2.49535
0.193497 2.43397
0.211079 2.37335
0.229425 2.31349
0.248536 2.2544
0.268411 2.19607
0.289051 2.13851
0.310455 2.08172
0.332623 2.02568
0.379254 1.91591
0.403716 1.86217
0.428942 1.8092
0.454932 1.75699
0.481688 1.70554
0.509207 1.65486
0.537491 1.60494
0.566539 1.55579
0.596352 1.5074
0.62693 1.45977
0.658271 1.41291
0.723248 1.32149
0.862375 1.14781
0.899067 1.1063
0.936524 1.06556
0.974746 1.02558
1.01373 0.986362
1.17732 0.837145
1.22013 0.801751
1.2637 0.767123
1.30804 0.733258
1.35314 0.700158
1.39901 0.667823
1.44564 0.636252
1.49303 0.605445
2.00902 0.339423
2.06483 0.317025
2.12139 0.295392
2.17873 0.274523
2.23682 0.254418
2.29568 0.235078
2.35531 0.216502
2.4157 0.198691
2.47685 0.181644
2.53877 0.165362
2.60146 0.149844
2.79409 0.107877
2.85983 0.0954164
3.13044 0.0532197
3.20001 0.0445817
3.27033 0.036708
3.34143 0.0295988
3.55929 0.0128577
3.63344 0.00880625
3.86048 0.00123838
0.0276151 3.3629
0.000859986 3.88356
0.000859986 3.88356
0.050548 3.15123
0.050548 3.15123
0.355556 1.97041
0.355556 1.97041
0.690377 1.36682
0.0276151 3.3629
2.60146 0.149844
3.41328 0.023254
3.4859 0.0176737
