0.999527 0.00125225
7.52917e-12 1.00308
0.657661 0.191156
0.013201 0.887772
0.0255665 0.859217
0.761254 0.12957
0.737573 0.150662
0.523757 0.278029
0.00783661 0.926095
0.229792 0.523703
0.594824 0.230164
0.576773 0.24207
0.0461198 0.788026
0.0740626 0.731466
0.541817 0.265112
0.686868 0.174083
0.835756 0.0880044
0.366421 0.397138
0.23805 0.514211
0.33065 0.427255
0.302911 0.452224
0.975402 0.0138723
0.610338 0.22087
0.389141 0.378689
0.00868177 0.90974
0.252076 0.500255
0.0554196 0.767489
0.641677 0.201163
0.149393 0.63046
0.129215 0.643352
0.895481 0.0557665
0.495766 0.298067
0.0594468 0.758468
0.562825 0.25149
0.795473 0.110227
0.877142 0.0659822
0.84897 0.079874
0.00242643 0.959605
0.818461 0.0969065
0.201239 0.555076
0.164449 0.596966
0.404416 0.366251
0.211282 0.543283
0.0367961 0.811516
0.348569 0.412176
0.997109 0.00528879
0.119604 0.65646
0.314093 0.442503
0.552304 0.258389
0.622649 0.213637
0.276071 0.478223
0.137252 0.632082
0.346059 0.414373
0.922084 0.0411521
0.711059 0.15889
0.0452865 0.808609
0.483646 0.306595
0.781763 0.117427
0.321428 0.435342
0.15543 0.607951
0.631439 0.207563
0.0296667 0.830809
0.265174 0.487667
0.0848246 0.712159
0.000250992 0.987185
0.860697 0.0739439
0.0902693 0.702532
0.960155 0.0216365
0.933598 0.0354307
0.417265 0.359721
0.431516 0.353886
0.380135 0.385895
0.0267987 0.838844
0.911726 0.0464884
0.291872 0.465136
0.945677 0.0284939
0.508337 0.289533
0.17312 0.587117
0.192509 0.563145
0.260385 0.493438
0.90437 0.0513293
0.700772 0.165084
0.374668 0.392337
0.283244 0.472241
0.463001 0.327333
0.444634 0.343574
0.868665 0.0693851
0.450287 0.330966
0.808108 0.103193
0.965764 0.0184331
0.47659 0.311616
0.00088746 0.973561
0.179415 0.579225
0.211282 0.543283
0.0957104 0.692858
0.771166 0.124153
0.0792173 0.721916
0.0985663 0.689249
0.694763 0.167597
0.508337 0.289533
