0.736198 0.820442
0.871278 0.756734
0.964208 0.506912
0.357157 0.929004
0.988925 0.0983203
0.952976 0.678129
0.986864 0.388828
0.956448 0.627108
0.221532 0.99326
0.992825 0.519757
0.231818 0.997127
0.375095 0.971009
0.989727 0.554328
0.995225 0.440733
0.991312 0.554205
0.376454 0.964318
0.899616 0.869965
0.90674 0.861055
0.971269 0.692295
0.934219 0.859003
0.747985 0.925898
0.979297 0.85222
0.981336 0.708379
0.592161 0.979708
0.77339 0.971215
0.507267 0.999268
0.580677 0.99533
0.99689 0.445798
0.913196 0.907556
0.635543 0.974632
0.790634 0.954747
0.818775 0.933346
0.777895 0.964213
0.996334 0.747637
0.995029 0.771955
0.990929 0.90285
0.991153 0.79548
0.999358 0.624196
0.8168 0.985537
0.657141 0.999593
0.726188 0.992741
0.682649 0.997543
0.723259 0.997003
0.827907 0.982524
0.747285 0.989068
0.845852 0.974813
0.968307 0.911387
0.959373 0.912919
0.918041 0.915124
0.881448 0.957002
0.992163 0.840265
0.994657 0.827212
0.998315 0.769836
0.992052 0.904797
0.992015 0.90568
0.99725 0.825919
0.997276 0.804453
0.883446 0.976836
0.850229 0.978119
0.80313 0.990341
0.724034 0.997952
0.716094 0.998744
0.755704 0.997794
0.78416 0.99682
0.988257 0.916178
0.963945 0.926925
0.989401 0.912983
0.948967 0.965264
0.928179 0.968316
0.999648 0.762882
0.999607 0.763736
0.994333 0.881228
0.99542 0.879928
0.996698 0.862633
0.992438 0.89136
0.99877 0.79277
0.999111 0.787439
0.999217 0.7754
0.998231 0.809495
0.99733 0.850994
0.910288 0.980609
0.89335 0.984199
0.897341 0.982507
0.853876 0.985771
0.8163 0.994992
0.834163 0.994184
0.804426 0.997997
0.724131 0.998117
0.981808 0.953881
0.989968 0.933225
0.983593 0.946496
0.988457 0.941104
0.968203 0.953934
0.98738 0.941615
0.946001 0.974452
0.954209 0.966103
0.938752 0.976834
0.952944 0.967063
0.938978 0.997673
0.999525 0.804036
