1.00016 24.9298
16.7911 1.71109e-06
2.03716 20.951
2.05527 3.12189
11.401 0.258531
12.6627 0.142851
12.3026 0.173151
13.9985 0.0505112
9.24435 0.509794
7.49247 0.771507
13.6831 0.0685153
1.02938 24.408
9.99991 0.413916
11.8102 0.220157
10.8987 0.310888
12.0848 0.192614
1.45218 22.0839
1.04322 23.9042
14.2639 0.0378699
1.58046 21.7819
1.09597 23.4562
6.48278 0.953835
9.64989 0.457679
2.33877 2.47511
14.4492 0.0307629
11.5747 0.24454
13.4564 0.0831446
3.13775 1.92751
1.15097 23.1455
4.78664 1.34123
1.91752 21.2054
1.26745 22.667
10.384 0.379747
2.49475 2.35141
15.7038 0.00666877
14.6907 0.0240257
6.73139 0.905527
5.44988 1.17355
9.86108 0.430826
2.09684 2.99518
2.16704 2.70617
8.27624 0.647267
8.69331 0.585652
3.44896 1.78669
1.00238 24.7204
3.81918 1.65627
15.9684 0.00364836
7.73363 0.731286
5.27358 1.2158
1.06716 23.7347
15.3288 0.0113612
16.5793 0.000205724
5.92738 1.06644
5.60686 1.13724
7.80945 0.71915
4.34107 1.472
8.04121 0.696449
7.20061 0.821423
15.0556 0.0160506
1.52812 21.9456
2.22469 2.61487
1.7111 21.5035
2.64737 2.21315
10.4879 0.367351
1.35457 22.4126
12.884 0.124945
2.9855 2.00599
8.45958 0.619739
13.0975 0.108512
3.31364 1.84536
8.10709 0.672991
9.10431 0.528579
1.84936 21.3069
8.99949 0.542857
16.0574 0.00285566
4.9548 1.29617
10.6651 0.336537
1.7111 21.5035
15.4923 0.00967546
4.23766 1.50162
10.7203 0.330456
4.58965 1.39597
1.35457 22.4126
1.22328 22.8492
2.59326 2.25115
2.81187 2.10461
4.58969 1.39597
3.62907 1.71422
16.4058 0.000723085
7.1512 0.829473
9.6501 0.457672
14.8382 0.0205308
3.63228 1.71297
6.07778 1.03471
8.86488 0.561467
2.92491 2.03879
13.2711 0.0972661
5.78798 1.10561
15.5803 0.00831269
5.00797 1.28234
