0.000274667 30.7984
0.000244148 46.479
0.486007 18.7883
0.00958281 24.5468
0 51.4454
0.0243538 23.5425
0.00109867 42.4205
0.0241096 28.4063
0.0248421 26.8
0.525346 25.9671
0.00964385 33.1513
0 52.7825
0.00183111 33.4851
0.000427259 50.1971
0.000305185 52.2925
0.000122074 54.586
0.000793481 53.1555
0.0173956 33.682
0.509598 28.5485
0.509476 28.7172
0.344523 29.5452
0.679373 28.2501
0.0248421 30.6229
3.05185e-05 55.8126
0.00836207 38.592
0.00189215 45.6997
0.00924711 36.5123
0.00848415 36.7264
0.00128178 46.1766
0 62.1003
0 66.2848
0.00964385 37.0663
3.05185e-05 57.0707
0.000793481 55.7077
0.0173956 35.293
0.0248421 31.296
0.518662 29.725
0.525346 29.1116
0.524369 29.2767
0.00405896 46.6167
0.00854518 37.0834
0.00146489 51.4939
0.00177007 47.166
0.000427259 56.0686
0.000854518 58.5475
0.000183111 62.4494
3.05185e-05 67.0943
0.000152593 63.6045
0.000457778 59.138
0.0175176 36.4891
0.0249641 34.893
0.0248726 35.9627
0.525346 31.2071
0.0252083 32.2656
0.000244148 60.786
0.00915555 38.2328
0.00860622 44.1423
0.00885037 38.8907
0.00970489 37.9676
0.00442518 48.9758
0.00607318 48.8806
6.1037e-05 63.8401
0.001648 51.7384
0.00189215 49.0229
0 68.8614
0.00109867 56.2356
0.00134281 56.8515
0.000488296 61.6161
6.1037e-05 67.5643
0.000183111 63.8899
0.437788 34.8218
0.519547 33.2874
0.023957 37.5211
0.0300913 35.7254
0.0253304 35.9729
0.00872829 48.5008
0.00897244 43.0526
0.0089114 47.1182
0.0168462 38.6133
0.00650044 50.016
0.00451674 50.1391
0.00903348 39.9634
0.00122074 58.8189
0.00219733 53.0506
0.00323496 52.7006
0.00183111 54.6758
0 69.4161
0.00134281 57.3137
0.00177007 56.9815
9.15555e-05 68.3385
0.0242317 38.8025
0.00061037 64.3096
0.0241096 39.0622
0.0250862 38.5275
0.469039 35.6232
0.525346 33.9997
0.179571 35.7619
0.0253304 36.8359
0.00970489 41.4803
0.00946074 41.8382
0.00921659 44.8899
0.00451674 51.6854
0.0239265 40.9801
0.00122074 61.0644
0.00128178 60.5126
0.000976592 64.034
0.00189215 55.0239
0.00195318 54.6842
0.00390637 53.1771
0 71.2255
0.000305185 64.677
0.000427259 66.183
0.00152593 57.5787
0.000976592 64.7757
0.571245 34.8119
0.0253609 37.5192
0.218787 36.9012
0.427747 36.3299
0.0253304 37.958
0.0242927 39.4245
0.00946074 42.8043
0.00970489 41.818
0.00921659 46.2449
0.0175176 41.7202
0.00646992 51.8619
0.00451674 53.3441
0.00122074 62.0187
0.00140385 60.823
0.000305185 68.6616
0.000152593 71.2009
0.000244148 70.5624
0.516556 35.6543
0.00393689 55.5646
0 73.5182
0.00177007 58.2314
0.000732444 66.5255
0.000549333 67.3366
0.00189215 58.0454
0.001648 58.404
0.000244148 73.2437
0.741874 34.9374
0.571245 36.2983
0.0253304 38.6214
0.516434 37.5195
0.517533 36.8521
0.00952177 44.6131
0.00970489 42.1806
0.0174566 41.8559
0.00921659 47.5951
0.00454726 53.6046
0.00872829 51.9362
0.0242317 41.7645
0.00122074 62.2055
0.000305185 72.0347
0.00140385 62.0345
0 74.0424
0.000427259 69.2864
0.000732444 66.9247
0.000640889 67.3709
0.00189215 58.3551
0.00167852 60.6492
0.00271615 58.0838
0.000518815 73.5351
0.0253304 40.7605
0.161901 38.9304
0.516923 37.9973
0.00970489 42.2964
0.00946074 48.4115
0.00454726 55.2992
0.00824 53.7873
0.00872829 52.4897
0.0252693 41.8978
0.001648 64.8892
0.00140385 66.3491
0.000274667 74.1529
0.00152593 65.6523
0.0093997 49.1852
0 75.7135
3.05185e-05 74.5159
0.000762963 68.6987
0.000640889 69.5134
0.00128178 68.0383
0.000854518 68.2582
0.00134281 67.2945
0.00170904 63.3282
0.00183111 61.9867
0.00189215 60.7269
0.00393689 58.7834
0.00192267 60.5075
0.00219733 59.753
0.0093997 51.8587
0.00158696 65.921
0.0167852 44.2202
0.522996 38.023
0.0253304 41.0724
0.162725 39.8762
0.00970489 46.6072
0.0169073 43.3015
0.0174566 42.6766
0.0250862 42.4764
0.00927763 52.7321
0.00866726 54.5933
0.00872829 53.879
0.00454726 55.5165
0.0162969 45.3101
0.001648 65.829
0.00140385 66.668
0.000549333 74.3651
0.000274667 74.4557
3.05185e-05 75.9403
6.1037e-05 74.6173
0 81.9646
0.00244148 62.7647
0.00128178 68.6052
0.000915555 70.6863
0.000732444 71.1225
0.000640889 71.6169
0.0011597 69.1371
0.000976592 70.3637
0.00317392 61.3377
0.00292978 61.4963
0.00183111 63.0388
0.00402844 60.4882
0.00357067 60.6232
0.276894 40.0814
0.525163 39.4339
0.524796 39.6752
0.661672 38.3663
0.0643941 41.2097
0.00970489 50.05
0.0119633 49.6218
0.0245369 43.0894
0.0248421 42.7227
0.0237434 43.7233
0.0196234 43.9993
0.0173956 44.5416
0.016541 48.3117
0.00872829 55.7123
0.00839259 55.8535
0.00454726 55.9539
0.0089114 54.1595
0.00958281 53.6388
0.00961333 52.8354
0.0172735 46.0494
0 83.0042
0.000244148 75.1564
6.1037e-05 76.4738
3.05185e-05 77.2654
0.00183111 63.4067
0.000732444 71.5388
0.00122074 69.5147
0.00128178 69.2565
0.000762963 71.1823
0.00158696 68.8633
0.000640889 72.2395
0.000915555 70.9739
0.00372326 60.8884
0.00259407 62.7727
0.0162664 51.7242
0.00854518 56.7644
0.500198 40.6296
0.525101 40.2914
0.675954 39.0537
0.685598 38.6996
0.226234 41.8195
0.179571 43.0648
0.344035 41.5594
0.0172735 49.6955
0.016541 51.6162
0.0248421 43.6979
0.0175176 47.8302
0.0173956 48.3816
0.0234382 47.75
0.0243538 44.7679
0.0159307 53.3346
0.0161138 53.1056
0.00927763 55.1397
0.00454726 56.8563
0.00958281 53.933
0.00885037 55.797
0.0253304 43.5423
0.000244148 76.1807
3.05185e-05 78.204
0 85.1782
0.000183111 77.7686
0.000488296 75.8595
0.00103763 71.4762
0.000640889 74.2851
0.000732444 74.1315
0.00152593 71.0828
0.001648 70.2536
0.00451674 60.9486
0.00402844 61.3279
0.00418104 61.1871
0.000976592 72.521
0.516861 41.7525
0.00811792 57.9525
0.8034 38.7674
0.527879 41.4709
0.677664 40.4122
0.764214 39.5969
0.282022 42.1481
0.469527 41.9515
0.0172735 50.3708
0.0170293 51.9599
0.0250862 45.7394
0.0252998 44.1647
0.0175176 48.1725
0.0243538 45.9379
0.0237434 47.9463
0.00848415 57.3101
0.00927763 55.8243
0.00921659 56.6445
0.00820948 57.8653
0.00454726 58.2024
0.00958281 54.1915
0.0160527 53.7994
0.0166631 53.1318
0.00897244 57.0317
6.1037e-05 78.4156
0.000152593 78.301
3.05185e-05 81.995
0 85.6239
0.000274667 76.3875
0.000244148 76.4193
0.00183111 64.063
0.00189215 63.4074
0.000976592 73.9674
0.00103763 71.9774
0.000732444 74.449
0.00134281 71.8716
0.00122074 71.8719
0.000671407 75.2395
0.0044557 62.06
0.00451674 61.1903
0.00894192 57.3434
0.819971 40.4611
0.725242 41.244
0.674612 41.7042
0.503952 42.2174
0.313272 42.713
0.0171514 52.0909
0.0225532 51.3236
0.0243538 47.2736
0.0249031 46.3338
0.0204474 51.4834
0.0253304 44.1718
0.0093997 57.2393
0.0097354 54.4266
0.00958281 54.8329
0.00454726 60.2882
0.00766015 60.1497
0.0238655 48.6049
0.00811792 58.2911
0.000152593 78.4026
6.1037e-05 80.7847
0.000427259 76.3919
0 86.315
0.000274667 76.5724
0.000244148 77.9174
0.00146489 71.5885
0.00183111 66.2182
0.00201422 64.5517
0.00268563 63.7287
0.00152593 71.7767
0.00128178 71.9059
0.00106815 72.0274
0.00103763 74.0479
0.00451674 64.0415
0.00824 59.4081
0.0242927 48.6276
0.0238655 48.9186
0.883602 41.5509
0.795709 41.9477
0.344005 42.8339
0.648122 42.5792
0.725242 42.4235
0.0175176 52.4416
0.0173956 53.1212
0.0252083 46.4818
0.0250862 47.1544
0.0243538 47.7967
0.0253304 44.6494
0.280099 44.4756
0.016419 54.4675
0.0129398 55.9122
0.00970489 56.0416
0.0162969 54.9618
0.00790429 60.9055
0.00598163 61.4275
0.00454726 63.0246
0.00909452 57.6967
0.000183111 81.6044
0.000244148 79.5734
9.15555e-05 81.6067
6.1037e-05 85.1791
0 87.1033
0.000549333 76.907
0.000366222 78.3608
0.000762963 75.0676
0.00292978 66.6515
0.00183111 66.7992
0.00393689 64.0604
0.00372326 64.4418
0.00317392 64.4557
0.00134281 72.092
0.00122074 72.2612
0.00103763 75.2886
0.00109867 72.5063
0.00952177 57.907
0.00872829 59.9079
0.00860622 60.4928
0.00842311 60.8959
0.0241707 49.3456
0.951964 42.2885
0.344493 44.3124
0.352336 44.0692
0.503983 43.5877
0.525346 42.9249
0.677786 42.5815
0.0238655 52.6284
0.0173956 53.2086
0.0252388 47.8674
0.0243538 48.9873
0.0253304 45.967
0.0110782 56.1623
0.00970489 56.472
0.00454726 63.6284
0.00717185 62.3702
0.00646992 62.46
0.313272 44.6577
0.016541 54.5537
0.0248421 48.6957
0.024781 48.7784
0.00909452 59.505
0.00921659 57.9071
0.000244148 81.2795
9.15555e-05 81.9326
0.000335704 79.9039
0.000549333 77.2302
0 87.6007
0.000488296 79.1213
6.1037e-05 86.2067
0.00183111 68.2509
0.00189215 67.2856
0.00195318 66.8851
0.00366222 64.4726
0.00347911 66.8473
0.00109867 72.7453
0.587848 44.7162
0.501907 45.1868
0.212714 45.9963
0.145421 46.5287
0.0253304 47.231
0.0242927 49.6255
0.00759911 63.056
0.00915555 59.8958
0.0240486 52.9508
0.0169073 54.7995
0.0156255 56.3249
0.00933866 58.0859
0.0089114 62.0978
0.0222785 53.3345
0.00970489 57.3677
0.0252388 48.0891
0.00869778 62.2796
6.1037e-05 86.2222
9.15555e-05 85.3105
0.000122074 82.4217
0.000244148 81.599
0 89.502
0.000518815 79.3383
0.000488296 79.5661
0.000549333 77.337
0.00317392 67.43
0.00259407 67.7072
0.00183111 70.7858
0.00189215 68.2789
0.00451674 65.3527
0.00439467 65.8932
0.00396741 66.3243
6.1037e-05 88.2631
0.000518815 79.3497
0.000488296 81.1704
0.000152593 83.9261
0.000122074 86.8601
0.000671407 77.9047
0.0240486 57.1424
0.00122074 73.0768
0.0160527 61.376
0.0241096 55.1145
0 89.506
0.500168 54.8807
0.00189215 68.3235
0.00390637 67.8099
0.00317392 67.8876
0.00402844 67.1357
0.0044557 66.5934
0.00454726 66.0829
0 122.338
