-19.9887 0.0213054
-14.462 -11.6207
-19.0743 0.0085622
-17.0487 -3.86822
-17.9241 -3.86195
-16.6433 -5.05399
-15.8659 -7.73854
-18.1418 -3.31433
-15.043 -10.007
-16.699 -4.69438
-18.4764 -1.75978
-15.2939 -8.91719
-15.591 -7.87834
-16.6054 -5.30057
-15.6202 -7.76758
-16.1504 -7.2573
-18.4317 -1.96491
-15.5184 -8.10277
-18.7725 -0.567288
-15.0004 -10.2058
-18.0974 -3.54284
-18.3543 -2.33718
-16.9489 -3.98891
-18.2284 -2.76738
-15.0992 -9.78983
-18.6706 -0.982082
-14.5301 -11.4787
-18.9698 -0.159621
-15.4891 -8.1733
-16.8336 -4.33791
-18.1993 -3.09579
-18.6288 -1.11602
-15.2506 -9.14339
-16.4571 -6.01628
-16.3405 -6.54137
-18.0274 -3.7354
-18.5982 -1.25507
-16.3067 -6.64845
-15.3448 -8.76831
-16.103 -7.38702
-16.274 -6.80559
-18.2146 -3.04072
-14.7184 -11.1813
-19.0331 -0.0558404
-14.6457 -11.3529
-16.7909 -4.48311
-15.4441 -8.37915
-15.388 -8.56064
-14.5646 -11.3918
-16.0679 -7.47884
-15.973 -7.62636
-18.7127 -0.832727
-16.4059 -6.19783
-17.9665 -3.83973
-16.5749 -5.45937
-18.0663 -3.63716
-15.9153 -7.72232
-16.2056 -7.07834
-16.8749 -4.23272
-18.8575 -0.408659
-14.6898 -11.2715
-14.7597 -11.0295
-18.3924 -2.15586
-14.8673 -10.6964
-18.3241 -2.48961
-14.9604 -10.3206
-15.2336 -9.21486
-18.9194 -0.253396
-15.4191 -8.40273
-14.8014 -10.9063
-15.3639 -8.66154
-18.3134 -2.56191
-16.4247 -6.07771
-16.3776 -6.38501
-18.8986 -0.310369
-16.4864 -5.79367
-18.5111 -1.55055
-16.5262 -5.61744
-16.7631 -4.5711
-18.7127 -0.832727
-15.1557 -9.54308
-18.4003 -2.11704
-18.5614 -1.4035
-15.204 -9.35259
-16.8749 -4.23272
-16.5396 -5.5046
-16.5164 -5.73424
-14.9115 -10.5617
-16.7133 -4.59623
-17.0159 -3.89772
-18.5111 -1.55055
-15.193 -9.39118
-16.3836 -6.34489
-15.1205 -9.70248
-18.8273 -0.485418
-16.9822 -3.98226
-15.162 -9.5155
-14.8761 -10.582
-18.564 -1.39197
-18.2875 -2.70687
