0.500137 0.788974
0.152348 1.29658
0.125614 1.38412
0.00405896 1.78299
0.25016 0.95502
0.524064 0.593328
0.500015 0.904732
0.000488296 1.84014
0.129521 1.33734
0.125523 1.49846
0.00244148 1.79216
3.05185e-05 1.9592
0.402875 0.904978
0.125004 1.52334
0.766289 0.413414
0.00793481 1.58538
0 2.08709
0.515793 0.756315
0 2.15663
0.00830103 1.69458
0.00402844 1.87893
3.05185e-05 2.03469
0.136753 1.44285
0.0157781 1.62461
0.824396 0.621862
0.500504 0.930589
0.000122074 1.97057
0.136876 1.4198
0.00439467 1.81524
0.00061037 1.89437
0.148961 1.35226
0.589984 0.827431
0.758446 0.636343
0.750542 0.641053
0.25016 1.10489
0.500046 0.940541
0.750023 0.644981
0.0626545 1.60472
0.332072 0.962839
0.500626 0.906249
0.00451674 1.79149
0.129032 1.48998
0.152501 1.32257
0.500656 0.881595
0.507828 0.850231
0.566942 0.852323
0.14124 1.42831
0.000152593 1.98966
0.508438 0.875432
0.133335 1.52187
0.25013 1.35547
0.250496 1.27851
0.500626 0.939394
0.00454726 1.79496
0.500015 1.03778
0.089877 1.61869
0.129429 1.60897
0.750175 0.691133
0.750023 0.697185
0.500168 1.00273
0.757866 0.644603
0.750664 0.675094
0.254555 1.13941
0.15247 1.36097
0.391278 1.10765
0.250038 1.35944
0.0201727 1.66441
0.000122074 2.02043
0.152379 1.42344
0.00061037 1.90755
0.136876 1.47719
0.386731 1.12852
0.250649 1.16408
0.274087 1.13709
0.250526 1.21488
3.05185e-05 2.09648
0.883328 0.638233
0.062624 1.64807
0.508347 0.935247
0.500137 1.00559
0.511734 0.853514
0.0118412 1.79155
0.133457 1.51158
0.0118717 1.77523
0.015656 1.7512
0.0122379 1.75579
0 2.23786
0.136753 1.55293
0.000122074 2.02415
3.05185e-05 2.12535
0.507859 0.94647
0.0742515 1.66095
0.00796533 1.80135
0.152867 1.36334
0.390667 1.15958
0.137211 1.47893
0.750542 0.713164
0.129551 1.61437
0.500137 1.06065
0.500626 1.01316
0.500504 1.0273
0.500046 1.06508
0.129521 1.63841
0.133335 1.61045
0.125034 1.65403
0.500656 1.00797
0.750023 0.772565
0.750053 0.726394
0.0234382 1.76659
0.000640889 1.91403
0.0234687 1.70027
0.027955 1.69197
0.254555 1.18705
0.269662 1.17934
0.395184 1.13287
0.391156 1.13708
0.254524 1.21679
0.250526 1.30302
0.15247 1.40331
0.152501 1.39136
0.750664 0.694849
0.757958 0.645045
0.253945 1.21787
0.589862 0.86553
0.0123295 1.78953
0.0156255 1.78911
0.0196844 1.77996
0 2.2972
0.0161138 1.78728
0.00781274 1.8343
0.504074 0.948509
0.502609 0.964237
0.250496 1.3239
0.508438 0.927477
0.148564 1.45845
0.628925 0.914509
0.00796533 1.83698
0.50795 0.955865
0.000640889 1.93252
0.400037 1.16452
0.402478 1.13787
0.253945 1.25496
0.500534 1.0468
0.500656 1.01876
0.13187 1.63947
0.133335 1.63527
0.500626 1.03408
0.750023 0.852195
0.750511 0.762868
0.750053 0.7835
0.00784326 1.9152
0.250618 1.30779
0.15247 1.4403
0.757988 0.723828
0.0670492 1.70074
0.0235908 1.70234
0.250526 1.36526
0.398968 1.16599
0.375652 1.18009
0.265786 1.19636
0.258339 1.22124
0.750664 0.725416
0.758446 0.685965
0.769707 0.659416
0.750175 0.774918
0.500137 1.0691
0.00451674 1.9302
0.500046 1.12049
0.277505 1.18088
0.750633 0.756713
0.574389 0.933346
0.63686 0.906358
0.511765 0.933945
0.507859 0.957859
0.00793481 1.84324
0.149052 1.47883
0.0162358 1.79616
0 2.32201
0.0201727 1.79456
0.137364 1.50912
0.145054 1.47996
0.25013 1.36662
0.152989 1.36813
0.0122379 1.80665
0.00830103 1.82863
0.100131 1.67423
3.05185e-05 2.1382
0.00061037 2.03426
0.000122074 2.05246
0.136876 1.58037
0.00796533 1.87597
0.0273446 1.71267
0.258339 1.28648
0.137242 1.62867
0.511765 0.947512
0.500534 1.04829
0.253945 1.31904
0.750175 0.807097
0.000488296 2.0661
3.05185e-05 2.21424
0.332072 1.18928
0.00781274 1.93943
0.500504 1.083
0.500137 1.1401
0.750511 0.780796
0.750053 0.809826
0.132847 1.66701
0.133427 1.64093
0.500656 1.02329
0.750023 0.879845
0.0670492 1.70552
0.0235908 1.78035
0.274056 1.22625
0.258461 1.26851
0.261727 1.2568
0.753929 0.767894
0.757988 0.734548
0.750664 0.769246
0.773583 0.707276
0.250649 1.32239
0.266243 1.22889
0.254524 1.31369
0.140629 1.51446
0.125004 1.69178
0.12891 1.67498
0.000122074 2.21346
0.000152593 2.10964
0.250038 1.38253
0.250008 1.4183
0.25016 1.37372
0.00793481 1.88392
0.137364 1.51817
0.50795 0.967817
0.00833155 1.87227
0 2.50752
0.00845363 1.82869
0.0123295 1.82036
0.01236 1.8161
0.500015 1.15509
0.402875 1.16244
0.00390637 1.94604
0.000640889 1.98926
0.0118717 1.82996
3.05185e-05 2.22715
0.402478 1.1964
0.136723 1.6472
0.750664 0.789549
0.000518815 2.07077
0.500504 1.10508
0.133335 1.67617
0.133457 1.66664
0.132969 1.6796
0.500656 1.03274
0.500168 1.1555
0.391156 1.20797
0.750511 0.805783
0.0273751 1.78037
0.0673849 1.70876
0.262215 1.25729
0.274575 1.23703
0.250649 1.3502
0.761773 0.743386
0.774071 0.708354
0.750053 0.830716
0.750023 0.902003
0.500046 1.19006
0.277841 1.23496
0.261879 1.28245
0.757866 0.780664
0 2.50956
0.50795 1.00426
0.0117496 1.89968
0.000152593 2.17155
0.129063 1.68165
0.250008 1.48239
0.140751 1.55019
0.000488296 2.16009
0.000640889 2.01702
0.125523 1.69677
0.000122074 2.21926
0.25013 1.41135
0.250038 1.44312
0.14066 1.59462
0.25016 1.4003
0.00793481 1.909
0.0117191 1.90556
0.145177 1.51714
0.00454726 1.9633
0.00442518 2.00568
0.250526 1.37438
0.750175 0.807526
0.254067 1.32088
0.500626 1.06325
0.500534 1.08196
0.515671 0.949839
0.137333 1.64067
0.258339 1.287
0.0630207 1.77764
0.0667745 1.75345
0.132969 1.69585
0.505905 1.04288
0.0787683 1.73114
0.500626 1.08648
0.50795 1.02947
0.500137 1.1971
0.516251 0.982201
0.250038 1.44554
0.250649 1.35667
0.0118717 1.92043
0.757866 0.785303
0.500046 1.20541
0.750023 0.94793
0.750053 0.8556
0.750145 0.830912
0.500504 1.10684
0.500656 1.06713
0.136723 1.69107
0.504898 1.06637
0.500168 1.19244
0.777398 0.734434
0.0708335 1.755
0.894711 0.729772
0.0899991 1.71851
0.0273751 1.82294
0.0279855 1.78388
0.0274667 1.81656
0.262246 1.26534
0.375042 1.23966
0.277963 1.24406
0.761864 0.782829
0.769585 0.775581
0.750542 0.821489
0.0826746 1.72153
0.399091 1.20839
0.0670186 1.77637
0.250526 1.37759
0.00454726 1.96579
0.254067 1.33492
0.000152593 2.23198
0.000640889 2.07143
0.00451674 2.02041
0.132939 1.69696
0.000488296 2.22299
0.141118 1.60553
0.00833155 1.9372
0.258431 1.30353
0.00793481 1.94192
0.25016 1.40282
0.152379 1.54326
0.250008 1.49502
0.149052 1.55191
0.508347 1.02606
0 2.56156
0.144566 1.56065
0.00390637 2.02077
0.52797 0.960162
0.527512 0.979619
0.527848 0.971251
0.00061037 2.08592
0.750664 0.789931
0.136845 1.66123
3.05185e-05 2.2431
0.0122074 1.89084
0.0122379 1.84487
0.328654 1.27172
0.762352 0.789664
0.628956 0.974776
0.750175 0.840204
0.250526 1.41276
0.757836 0.799404
0.144688 1.60395
0.750023 0.956103
0.14127 1.67267
0.750664 0.810729
0.402966 1.2323
0.750633 0.840107
0.500626 1.10768
0.500534 1.12419
0.500504 1.13056
0.500046 1.2071
0.750053 0.856319
0.757866 0.798575
0.0279855 1.82863
0.129032 1.72034
0.27015 1.27633
0.262337 1.29192
0.387371 1.24027
0.765801 0.786922
0.773492 0.77575
0.0781274 1.75605
0.777886 0.757705
0.877956 0.741643
0.87698 0.742418
0.757988 0.792017
0.507828 1.07314
0.335978 1.24631
0.00442518 2.02962
0.145177 1.58462
0 2.56262
0.00784326 1.96979
0.00454726 1.98217
0.137211 1.67371
0.250618 1.39004
0.257973 1.35195
0.152501 1.55385
0.144536 1.62615
0.000488296 2.25241
0.000518815 2.22439
0.00390637 2.07381
0.0703452 1.78123
0.132969 1.70177
0.0117496 1.94214
0.0118717 1.93857
0.258461 1.32098
0.00796533 1.94747
0.152989 1.55139
0.15247 1.55649
0.161657 1.54467
0.254555 1.36139
0.508438 1.02739
0.250649 1.38427
0.527512 0.979901
0.0122379 1.91196
3.05185e-05 2.28394
0.00061037 2.09603
0.0123295 1.86569
0.0161138 1.85631
0.0157476 1.85915
0.250038 1.44626
0.519669 0.983764
0.50795 1.04199
0.0787683 1.7316
0.508316 1.0517
0.00061037 2.10652
0.507828 1.08208
0.257851 1.36417
0.144566 1.62879
0.500046 1.2376
0.761864 0.810369
0.500656 1.11642
0.129551 1.72612
0.129398 1.72811
0.762383 0.795439
0.0822779 1.76599
0.262337 1.32226
0.500626 1.11848
0.502945 1.1078
0.758477 0.814322
0.0820643 1.76653
0.273598 1.29014
0.757866 0.823078
0.262368 1.29881
0.770165 0.791586
0.500137 1.22257
0.500504 1.14461
0.0786462 1.80858
0.750053 0.856718
0.335978 1.25062
0.277505 1.28286
0.063509 1.85107
0.500015 1.24474
0.340373 1.24918
0.777978 0.761383
0.512345 1.02794
0 2.61709
0.152379 1.58952
0.00451674 2.03517
0.00442518 2.04021
0.507981 1.06191
0.00454726 1.98927
0.250649 1.41
0.254036 1.3944
0.148442 1.62262
0.148961 1.61328
0.25782 1.37659
0.125004 1.73863
0.000488296 2.25659
0.00842311 1.94765
0.00833155 1.9691
0.0118717 1.94468
0.258461 1.35526
0.261757 1.33089
0.250008 1.57684
0.152501 1.58893
0.000518815 2.24296
0.508438 1.04688
0.133335 1.70684
0.137333 1.67562
0.086581 1.74178
0.250038 1.50509
0.0123295 1.93706
0.25016 1.44838
0.250526 1.44692
0.523606 0.988165
3.05185e-05 2.28769
0.0157781 1.90967
0.0161443 1.85812
0.0201422 1.85658
0.75396 0.829567
0.750175 0.840835
