0.277615 3.21671
0.294233 2.98127
0.788856 2.42991
0.54741 2.80969
0.16129 3.45244
0.00977517 4.17734
0.135875 3.53179
0.745846 2.49381
0.106549 3.60471
0.550342 2.79484
0.600196 2.5805
0.00391007 4.65999
0.88172 2.31629
0.892473 2.24729
0.0058651 4.40929
0.0254154 3.9464
0.056696 3.85833
0.907136 2.1127
0.232649 3.40018
0.906158 2.22324
0.0811339 3.8578
0.0879765 3.605
0 4.99808
0.364614 2.86994
0.0136852 4.6689
0.085044 3.98562
0.497556 2.91798
0 5.16584
0.000977517 5.0053
0.0957967 3.84451
0.100684 3.8072
0.0215054 4.50156
0.994135 2.19632
0.607038 2.84941
0.593353 2.89349
0.0860215 3.91987
0.699902 2.59889
0.139785 3.6319
0.0254154 4.14396
0.00879765 4.98593
0.0107527 4.93727
0.927664 2.34615
0.0391007 4.05735
0.747801 2.50539
0.629521 2.63341
0.0156403 4.57815
0.173998 3.53498
0.268817 3.46005
0.620723 2.69136
0.26784 3.50448
0.0332356 4.08506
0.304985 3.42088
0.0127077 4.85667
0.319648 3.18401
0.318671 3.24778
0.366569 3.05024
0.946237 2.24531
0.619746 2.7212
0.84653 2.49575
0.325513 3.44297
0.103617 3.84066
0.300098 3.47172
0.993157 2.26393
0.00684262 5.21497
0.531769 3.02118
0.00195503 5.24501
0.550342 2.93527
0 5.60178
0.644184 2.73078
0.260997 3.55674
0.931574 2.53608
0.959922 2.46853
0.00879765 4.99931
0.0342131 4.34651
0.0371457 4.23016
0.0322581 4.50455
0.201369 3.66288
0.746823 2.6479
0.100684 3.93327
0.0498534 4.15828
0.0967742 4.057
0.168133 3.82165
0.754643 2.55891
0.210166 3.56346
0.42522 3.07689
0.431085 3.06513
0.394917 3.18315
0.40176 3.08318
0.350929 3.41666
0.371457 3.24528
0.0195503 4.69048
0.626588 2.82152
0.0146628 4.74685
0.973607 2.47304
0 5.82384
0.652004 3.27699
0.438905 3.3094
0.0185728 4.84373
0.688172 2.7419
0.882698 2.59329
