0.996482 1.23789e-05
-0.999429 16.0046
0.000791392 1.00158
-0.000871394 9.00523
-0.165732 10.0219
-0.748589 14.0519
0.0584245 0.886564
0.312572 0.472557
-0.302162 10.9043
-0.532113 12.4758
0.930861 0.00478025
0.716973 0.0801041
-0.0362937 9.21908
-0.26464 10.6579
-0.685764 13.5849
-0.94924 15.5965
-0.844872 14.783
-0.580171 12.8176
0.367023 0.400659
-0.382453 11.441
-0.26464 10.6579
0.859257 0.0198086
-0.0895087 9.54506
0.793681 0.0425674
0.621368 0.143362
0.668094 0.110162
0.241126 0.57589
0.536227 0.215085
-0.782746 14.3092
-0.0751756 9.45671
-0.782746 14.3092
-0.409478 11.6245
-0.683217 13.5661
0.126777 0.762518
-0.432802 11.7841
-0.503601 12.2752
-0.937314 15.5024
0.466527 0.284594
-0.344978 11.1889
0.570183 0.184743
0.146084 0.729172
-0.858417 14.8874
-0.595346 12.9265
-0.453742 11.9283
-0.344978 11.1889
0.818869 0.0328084
-0.470118 12.0417
0.415547 0.341586
