2.57996e-05 17.0341
1.61925 15
1.23102 15.0002
1.22324 15.0491
0.110484 16.2183
0.29146 15.7302
0.0123063 16.7162
0.00714646 16.8563
0.126447 16.1032
0.662127 15.3265
0.0257213 16.5805
0.0216969 16.6898
0.455297 15.5091
0.327673 15.6736
0.0790513 16.2784
0.704773 15.3035
0.039135 16.5555
0.0436746 16.4717
0.0592513 16.3809
0.380027 15.5998
0.875672 15.1802
0.969177 15.1331
0.351406 15.6493
0.40644 15.5864
0.519478 15.4375
0.055538 16.4468
0.00374094 16.8925
0.495771 15.4599
0.364262 15.6195
0.802702 15.2285
0.0669866 16.3314
0.643406 15.3313
0.615961 15.3631
0.480846 15.4769
1.04039 15.1041
0.996798 15.1215
0.147235 16.0469
0.563368 15.3967
0.825669 15.2187
0.163071 15.9998
0.441585 15.5373
0.000644989 16.9623
0.625774 15.3483
0.953133 15.1436
0.925762 15.1534
0.41901 15.5673
1.02016 15.1144
1.13156 15.0761
0.590122 15.3709
0.586895 15.3836
0.26167 15.7892
0.721901 15.2698
0.834425 15.2017
0.759889 15.2508
0.26167 15.7892
0.248895 15.8118
0.239894 15.8269
0.426242 15.5396
0.533025 15.4262
0.18064 15.9538
0.168107 15.9872
1.1149 15.0789
0.206194 15.9015
1.14914 15.0697
1.05909 15.0998
1.19789 15.0549
0.775465 15.2405
0.331328 15.67
0.785937 15.2345
0.74472 15.2529
0.902805 15.1631
0.850127 15.1906
0.935569 15.1486
0.0789482 16.3059
0.709348 15.294
0.217982 15.8777
1.17966 15.0599
0.000335394 16.9862
0.859183 15.1853
0.732143 15.2613
0.133035 16.086
1.08199 15.0911
0.902805 15.1631
0.141782 16.0633
0.545064 15.4157
1.21022 15.0524
0.230171 15.8542
1.06956 15.0937
1.00851 15.1199
0.556486 15.4152
1.22864 15.0392
1.16117 15.0657
0.203937 15.9302
0.485028 15.4712
1.09984 15.0831
0.185774 15.9415
1.09527 15.0844
0.19532 15.934
1.17048 15.0635
0.224027 15.8659
