1.00006 24.9779
16.7379 0.000285437
2.08223 3.04633
2.06663 20.9177
5.0118 1.28735
2.48825 2.39333
5.24512 1.22803
2.75447 2.17778
16.483 0.000412659
2.80306 2.10997
16.7186 0.000395309
5.44727 1.18253
2.97659 2.01105
4.89394 1.33837
2.60168 2.2494
2.24771 2.58301
2.44619 2.54056
2.16739 2.71443
2.57041 2.26941
5.14336 1.25035
5.55625 1.17222
3.8975 1.63429
2.12027 2.87376
3.53081 1.77095
15.8498 0.0044178
15.9608 0.00347151
3.80902 1.64999
4.00302 1.63347
13.6074 0.0732428
2.15698 2.73461
15.6922 0.00616095
1.87106 21.205
4.49308 1.45006
3.72103 1.69344
3.34208 1.87628
6.10401 1.02984
16.2442 0.00141818
16.3385 0.000986879
6.34879 0.981131
12.9475 0.119828
1.82696 21.2833
5.86074 1.08081
8.25475 0.651044
9.75643 0.4443
13.5377 0.0808906
3.2633 1.89782
8.38336 0.631251
1.95391 21.0627
4.07682 1.55474
6.17056 1.02122
5.46509 1.17737
3.43502 1.85669
1.00369 24.6752
4.35598 1.46494
10.5388 0.35118
10.4697 0.360273
8.44851 0.621446
1.99997 20.9854
15.7961 0.00536352
4.56341 1.44743
10.213 0.38933
2.08383 2.90899
3.19307 1.95706
3.59999 1.72599
14.0005 0.0504616
12.7261 0.13777
3.38303 1.87506
13.0253 0.113981
7.57223 0.758453
13.8006 0.0620908
7.21883 0.821854
4.73709 1.35484
7.50461 0.770482
13.443 0.0839788
13.3773 0.0884429
4.81745 1.33854
6.54497 0.94741
5.98297 1.05481
3.8444 1.64342
7.32776 0.799594
9.44047 0.485041
1.01254 24.3889
7.48127 0.777584
3.50249 1.82666
6.29863 0.998264
8.63187 0.598253
15.1173 0.0148664
14.6199 0.0257982
6.05419 1.04587
1.04591 23.8774
4.20039 1.51455
1.01582 24.3137
8.52115 0.614853
2.27059 2.55356
8.31662 0.641193
1.03887 23.9554
2.0328 20.942
10.8208 0.320536
13.8593 0.0608222
11.2345 0.27622
12.9022 0.123338
5.786 1.09806
7.37306 0.793666
2.78788 2.12281
12.3788 0.168966
1.54907 21.8482
11.5309 0.248226
11.6491 0.234122
16.2072 0.00161131
10.114 0.401252
6.58533 0.93382
10.0439 0.408552
9.81639 0.436839
1.28647 22.5901
12.7924 0.13406
14.5589 0.0276102
1.8963 21.1645
10.2781 0.388391
6.46841 0.959907
14.7382 0.0229019
10.6727 0.33614
12.8598 0.126662
12.2757 0.176332
1.00282 24.7547
11.49 0.249421
15.6523 0.00695926
3.47322 1.83497
2.32071 2.54837
3.04028 1.97661
1.08171 23.5591
14.6858 0.0244489
4.25629 1.51358
12.432 0.162347
12.6909 0.140306
11.4264 0.257036
12.6451 0.144396
6.4989 0.953956
9.99475 0.415776
15.6064 0.00709397
3.13878 1.96068
1.486 22.0002
14.2639 0.0378604
3.70277 1.69914
13.9644 0.0528392
10.6399 0.343458
7.05394 0.848252
5.61031 1.13715
1.30041 22.527
1.19962 22.9005
10.7669 0.326758
1.5006 21.963
15.3379 0.0109676
13.6791 0.0696536
4.2912 1.48486
1.72793 21.4702
9.92467 0.423021
4.68973 1.40115
1.51811 21.9206
3.0619 1.96582
1.36636 22.3209
4.04128 1.57545
1.18612 22.9616
9.35338 0.500372
3.23499 1.94291
5.89522 1.07426
15.5339 0.00811922
3.11292 1.96325
15.3804 0.0102642
9.60474 0.467117
14.0669 0.04716
2.39045 2.5425
13.1498 0.105176
6.41242 0.973766
14.8646 0.0205306
4.68538 1.40211
1.33522 22.4141
1.74707 21.4345
7.00695 0.855015
4.16688 1.52419
5.74256 1.12199
1.79718 21.3418
10.3849 0.370812
2.99754 2.00016
1.01016 24.4603
15.2993 0.0116012
15.4891 0.00865777
13.1927 0.101942
13.7589 0.066562
13.92 0.0547211
4.42696 1.45323
7.28622 0.811803
4.59989 1.446
6.01882 1.04767
1.05118 23.822
8.4878 0.619177
1.53307 21.8853
16.089 0.00236072
7.41816 0.78883
10.7206 0.331874
11.9918 0.203324
8.04724 0.68259
8.88326 0.559614
1.00027 24.9057
1.09047 23.5305
11.369 0.262983
4.01205 1.57987
6.26213 0.998532
15.0524 0.0161121
10.0772 0.404861
9.96782 0.421657
1.02172 24.2514
1.16646 23.078
12.3245 0.171197
9.6433 0.459191
9.13548 0.52437
7.26096 0.815968
10.9605 0.305249
9.23095 0.512437
4.63832 1.44419
8.20464 0.658441
1.1451 23.1751
14.4094 0.0324407
1.07403 23.6402
15.5687 0.00769542
8.34132 0.638244
1.71003 21.5057
16.1549 0.00192569
9.50027 0.478994
9.01575 0.544148
1.00776 24.5046
1.77633 21.3774
1.91398 21.1323
11.1296 0.288889
8.15089 0.667195
6.7465 0.902694
10.2955 0.379955
8.91972 0.554552
4.13867 1.54344
1.61255 21.7119
6.92104 0.872191
1.00559 24.5767
11.0384 0.295914
7.80833 0.720035
9.10669 0.529648
1.40403 22.2123
12.242 0.178834
6.95227 0.864868
4.38636 1.45571
11.8053 0.218667
1.62761 21.6745
1.03446 24.0089
9.31691 0.501555
1.39032 22.2542
6.62334 0.929975
1.00111 24.8094
9.89001 0.427917
11.4483 0.254547
10.5952 0.344816
8.66794 0.58927
12.4915 0.157607
11.1896 0.281448
6.21507 1.02069
3.6476 1.70957
15.0114 0.016964
14.821 0.0215099
5.20253 1.23584
14.44 0.0310743
9.5426 0.472196
1.42737 22.1559
4.7632 1.35281
14.654 0.0250373
1.66506 21.5968
1.81225 21.3105
7.96049 0.697073
16.1349 0.00209252
16.0094 0.0029587
7.84453 0.715993
1.37924 22.2821
15.2612 0.012485
11.5754 0.242301
12.5846 0.148964
8.57541 0.606222
9.56949 0.468249
9.17387 0.519207
1.10994 23.3581
1.76331 21.4017
7.92457 0.700809
12.5485 0.151991
10.8804 0.313457
10.3398 0.373545
6.42153 0.971306
1.10484 23.3923
5.69074 1.12318
1.17762 23.0244
11.9553 0.205048
11.7749 0.221573
7.16825 0.833801
8.8502 0.563515
10.8535 0.316823
13.1182 0.109391
12.0264 0.197956
1.09453 23.4605
12.6108 0.147235
16.3745 0.00080498
1.13481 23.2251
4.79438 1.33967
15.1481 0.0141959
13.4924 0.0810147
6.69619 0.913817
13.7265 0.0672606
11.745 0.224962
1.32412 22.4481
16.0594 0.00271906
7.86882 0.711161
12.4584 0.159968
14.475 0.0301609
9.39128 0.49196
7.9038 0.710659
9.705 0.451735
7.78048 0.725278
11.6035 0.238448
1.00058 24.8599
14.2304 0.0396208
8.57899 0.602963
9.19732 0.518836
9.2644 0.508503
1.45027 22.0965
6.22835 1.00538
16.4016 0.000682876
1.92918 21.1035
6.98348 0.860883
12.5228 0.154378
10.5759 0.35021
1.44484 22.1237
9.67196 0.456564
2.00837 20.9729
14.3117 0.0358795
11.6891 0.231968
1.64075 21.6472
6.77936 0.896571
9.07154 0.533719
14.977 0.017564
11.8898 0.211182
8.18729 0.660705
12.2094 0.181738
13.3469 0.0907188
1.41735 22.1863
14.5013 0.0294883
11.0785 0.294575
14.5325 0.0281749
7.6004 0.757158
2.09051 2.88801
14.153 0.0428311
1.46797 22.0442
1.0708 23.6579
1.12184 23.3157
6.71562 0.908475
9.28749 0.504927
1.22451 22.8067
3.23696 1.89944
1.68304 21.5616
10.1603 0.394938
1.65358 21.6206
12.3455 0.169602
14.3681 0.0336665
13.3207 0.0925402
6.88988 0.877873
16.4353 0.000598567
7.62749 0.753093
6.66053 0.92098
6.8006 0.893467
13.2248 0.101144
15.8012 0.00519043
8.69225 0.585801
10.429 0.364482
1.57002 21.8005
8.96765 0.548284
11.2755 0.271704
1.21326 22.8454
9.40851 0.48903
15.457 0.009113
1.10233 23.4485
5.64578 1.12841
1.1499 23.1324
1.0219 24.2055
1.02444 24.1714
13.089 0.11018
1.59007 21.7558
13.2448 0.0981875
1.26424 22.6808
14.2044 0.0410057
7.6723 0.742799
11.0081 0.300302
14.1791 0.0417868
3.60833 1.72548
14.9525 0.018141
11.3219 0.266528
12.8189 0.130314
6.8705 0.879756
13.2741 0.0956401
7.64793 0.745218
13.4755 0.0821385
1.12988 23.2514
14.1224 0.0442816
2.35302 2.54773
1.15582 23.1077
10.9891 0.301167
11.8407 0.216339
1.46439 22.0578
14.8984 0.0193461
5.93513 1.07161
1.94295 21.0816
10.1732 0.39436
7.98492 0.691342
16.0266 0.00282588
1.5977 21.7392
10.7438 0.328999
5.93513 1.07161
11.3555 0.263383
3.64199 1.70991
10.9205 0.309116
7.12261 0.835253
7.70792 0.735444
1.03068 24.1056
8.94876 0.551242
8.79615 0.571803
5.16381 1.24352
13.2938 0.0943399
1.12952 23.2981
7.08186 0.842259
4.27152 1.49208
1.20791 22.8655
1.06239 23.7131
7.41325 0.790067
1.1785 22.9948
7.73996 0.730259
16.4567 0.000532512
1.02651 24.1286
1.00675 24.5689
1.05592 23.7714
10.3555 0.371725
14.3552 0.0348069
9.50904 0.478713
1.35158 22.3671
7.16227 0.834022
14.1033 0.0452575
12.1861 0.184187
15.2341 0.012738
12.153 0.189419
1.69568 21.5344
8.00908 0.687573
14.7731 0.0227787
12.0788 0.193157
12.111 0.191473
1.57617 21.7892
9.86167 0.431731
1.31423 22.4803
8.73394 0.581309
14.3226 0.0355605
1.35187 22.3666
1.27414 22.6312
2.58411 2.25905
15.2155 0.0130735
8.76374 0.576374
7.75241 0.7298
5.18662 1.24176
10.4347 0.363975
6.84327 0.885589
12.0509 0.195708
1.3095 22.4954
15.1797 0.0137537
10.9147 0.31048
6.64631 0.921553
13.0477 0.112186
8.07758 0.676954
11.9173 0.209119
1.25515 22.6849
13.0661 0.11081
11.1444 0.28617
4.4193 1.45553
15.4171 0.0097265
11.7159 0.227508
15.0434 0.0162271
1.22916 22.7805
1.23664 22.7606
5.61644 1.13623
13.6969 0.0678172
11.0747 0.294977
2.37052 2.5463
11.9297 0.206926
4.14013 1.54296
7.69612 0.738139
11.3083 0.270739
8.12193 0.670128
4.63832 1.44419
14.9262 0.0191573
11.8608 0.213533
1.05765 23.7574
1.27497 22.6282
14.7983 0.022095
