# value = 
0.0814578 6.67636e-15 1.45956e-16 8.89929e-17 3.78447e-16 1.4209e-15 3.96369e-16 8.51854e-17 5.08708e-18 2.58131e-16 
# fitness = 
0.280775 0.922913 
# rank = 
1
# crowd_dist = 
1e+14
------------------------------------------------
# value = 
0.331504 0 0 3.62346e-16 1.51704e-16 0 0 6.66285e-16 5.07566e-17 0 
# fitness = 
1 0.00194569 
# rank = 
1
# crowd_dist = 
1e+14
------------------------------------------------
# value = 
0.113149 9.34892e-16 2.1143e-15 2.67479e-16 2.5804e-16 5.51875e-16 1.02563e-14 3.93144e-16 1.27986e-18 1.39636e-15 
# fitness = 
0.766531 0.415371 
# rank = 
1
# crowd_dist = 
0.0298369
------------------------------------------------
# value = 
0.102373 1.99072e-16 6.12063e-15 3.18413e-16 1.67368e-15 5.84569e-15 5.3328e-16 3.11706e-16 0 0 
# fitness = 
0.552688 0.696909 
# rank = 
1
# crowd_dist = 
0.0292355
------------------------------------------------
# value = 
0.233579 1.15694e-15 4.87641e-18 1.48872e-15 6.05617e-17 5.51875e-16 2.76363e-16 4.97081e-17 7.91711e-17 1.75117e-16 
# fitness = 
0.706667 0.502561 
# rank = 
1
# crowd_dist = 
0.0291217
------------------------------------------------
# value = 
0.110317 1.57736e-16 3.89066e-15 2.3769e-15 0 2.18808e-16 9.42496e-16 1.6073e-16 0 7.30229e-16 
# fitness = 
0.714457 0.491931 
# rank = 
1
# crowd_dist = 
0.029018
------------------------------------------------
# value = 
0.0681066 3.99373e-16 0 1.1395e-15 1.51704e-16 2.87606e-16 0 2.22196e-16 8.27913e-16 0 
# fitness = 
0.40728 0.835544 
# rank = 
1
# crowd_dist = 
0.0259297
------------------------------------------------
# value = 
0.425326 9.34892e-16 1.89226e-15 2.67479e-16 2.5804e-16 5.51875e-16 1.02563e-14 3.93144e-16 1.27986e-18 1.39636e-15 
# fitness = 
0.831631 0.311511 
# rank = 
1
# crowd_dist = 
0.0257405
------------------------------------------------
# value = 
0.231561 1.15694e-15 4.87641e-18 1.48872e-15 6.05617e-17 5.51875e-16 1.16454e-15 4.97081e-17 7.91711e-17 3.97162e-16 
# fitness = 
0.726425 0.474412 
# rank = 
1
# crowd_dist = 
0.0252484
------------------------------------------------
# value = 
0.261405 4.90803e-16 1.15899e-16 2.3769e-15 0 5.51875e-16 3.87385e-16 2.71753e-16 7.91711e-17 0 
# fitness = 
0.694358 0.519835 
# rank = 
1
# crowd_dist = 
0.0251466
------------------------------------------------
# value = 
0.103292 8.2387e-16 8.44257e-15 2.3769e-15 6.05617e-17 0 2.17296e-17 1.6073e-16 7.91711e-17 7.30229e-16 
# fitness = 
0.571806 0.675352 
# rank = 
1
# crowd_dist = 
0.0249552
------------------------------------------------
# value = 
0.273399 1.15694e-15 8.44257e-15 2.3769e-15 6.05617e-17 0 2.17296e-17 2.71753e-16 7.91711e-17 7.30229e-16 
# fitness = 
0.8168 0.335769 
# rank = 
1
# crowd_dist = 
0.0248676
------------------------------------------------
# value = 
0.0587904 1.02027e-16 8.44257e-15 1.42636e-17 9.92781e-16 2.43286e-17 4.91854e-15 1.6285e-15 2.42851e-16 2.12472e-15 
# fitness = 
0.594049 0.649697 
# rank = 
1
# crowd_dist = 
0.0248329
------------------------------------------------
# value = 
0.0695529 9.34892e-16 2.26921e-16 4.54342e-17 3.59954e-17 0 2.60041e-17 6.87e-17 1.27986e-18 9.52273e-16 
# fitness = 
0.383038 0.854585 
# rank = 
1
# crowd_dist = 
0.0243318
------------------------------------------------
# value = 
0.101812 3.34569e-15 1.37965e-15 6.41726e-15 9.71436e-18 4.21694e-16 1.91832e-15 8.02785e-17 6.1065e-17 2.25653e-15 
# fitness = 
0.541048 0.709651 
# rank = 
1
# crowd_dist = 
0.0238896
------------------------------------------------
# value = 
0.0957554 2.68758e-16 3.89066e-15 2.3769e-15 0 2.18808e-16 1.16454e-15 1.6073e-16 0 7.30229e-16 
# fitness = 
0.422488 0.82338 
# rank = 
1
# crowd_dist = 
0.0236137
------------------------------------------------
# value = 
0.274096 1.30929e-15 6.12063e-15 6.5148e-16 2.67289e-15 5.84569e-15 1.31044e-15 3.11706e-16 1.81465e-16 0 
# fitness = 
0.824093 0.324082 
# rank = 
1
# crowd_dist = 
0.0234799
------------------------------------------------
# value = 
0.0386568 1.15694e-15 4.87641e-18 7.11568e-16 6.05617e-17 0 1.16454e-15 4.97081e-17 7.91711e-17 1.75117e-16 
# fitness = 
0.925321 0.146108 
# rank = 
1
# crowd_dist = 
0.0229253
------------------------------------------------
# value = 
0.0625378 9.34892e-16 2.1143e-15 2.67479e-16 2.5804e-16 5.51875e-16 9.93697e-15 3.93144e-16 1.27986e-18 1.39636e-15 
# fitness = 
0.514912 0.737198 
# rank = 
1
# crowd_dist = 
0.0227428
------------------------------------------------
# value = 
0.071406 1.30929e-15 6.12063e-15 6.5148e-16 2.67289e-15 5.84569e-15 1.31044e-15 3.11706e-16 1.81465e-16 0 
# fitness = 
0.355034 0.876105 
# rank = 
1
# crowd_dist = 
0.0226067
------------------------------------------------
# value = 
0.120638 1.15694e-15 4.87641e-18 2.3769e-15 0 5.51875e-16 9.42496e-16 3.82775e-16 7.91711e-17 1.39636e-15 
# fitness = 
0.87842 0.231028 
# rank = 
1
# crowd_dist = 
0.0221274
------------------------------------------------
# value = 
0.113695 9.34892e-16 1.89226e-15 2.67479e-16 2.5804e-16 5.51875e-16 1.02563e-14 3.93144e-16 1.27986e-18 1.39636e-15 
# fitness = 
0.776033 0.40073 
# rank = 
1
# crowd_dist = 
0.0214081
------------------------------------------------
# value = 
0.0579305 1.15694e-15 8.44257e-15 2.3769e-15 6.05617e-17 0 2.17296e-17 2.71753e-16 0 7.30229e-16 
# fitness = 
0.612321 0.627477 
# rank = 
1
# crowd_dist = 
0.0213203
------------------------------------------------
# value = 
0.0336773 3.99373e-16 0 1.1395e-15 1.51704e-16 2.87606e-16 0 2.22196e-16 8.27913e-16 0 
# fitness = 
0.96199 0.0769216 
# rank = 
1
# crowd_dist = 
0.0212176
------------------------------------------------
# value = 
0.216333 1.30929e-15 5.89858e-15 6.5148e-16 2.45084e-15 5.84569e-15 1.19941e-15 0 1.81465e-16 0 
# fitness = 
0.885198 0.219794 
# rank = 
1
# crowd_dist = 
0.0212154
------------------------------------------------
# value = 
0.0556471 1.15694e-15 5.55599e-15 4.89523e-16 0 2.18808e-16 1.16454e-15 1.6073e-16 0 7.30229e-16 
# fitness = 
0.660291 0.566342 
# rank = 
1
# crowd_dist = 
0.0208499
------------------------------------------------
# value = 
0.114894 1.57736e-16 8.44257e-15 2.67479e-16 1.05976e-15 4.40852e-16 1.9417e-15 7.15842e-16 7.91711e-17 1.75117e-16 
# fitness = 
0.796191 0.36896 
# rank = 
1
# crowd_dist = 
0.0206924
------------------------------------------------
# value = 
0.0560318 1.99072e-16 6.12063e-15 3.18413e-16 1.67368e-15 5.84569e-15 5.3328e-16 3.11706e-16 7.04428e-17 0 
# fitness = 
0.652294 0.577106 
# rank = 
1
# crowd_dist = 
0.0205021
------------------------------------------------
# value = 
0.272591 1.15694e-15 8.44257e-15 2.3769e-15 6.05617e-17 0 2.17296e-17 2.71753e-16 7.91711e-17 7.30229e-16 
# fitness = 
0.808264 0.349616 
# rank = 
1
# crowd_dist = 
0.0201532
------------------------------------------------
# value = 
0.0720942 1.15694e-15 4.87641e-18 2.3769e-15 6.05617e-17 0 1.83067e-15 4.97081e-17 7.91711e-17 1.39636e-15 
# fitness = 
0.345603 0.882238 
# rank = 
1
# crowd_dist = 
0.0201276
------------------------------------------------
# value = 
0.108076 1.57736e-16 3.89066e-15 1.26668e-15 0 2.18808e-16 1.16454e-15 1.6073e-16 0 7.30229e-16 
# fitness = 
0.67044 0.552732 
# rank = 
1
# crowd_dist = 
0.020052
------------------------------------------------
# value = 
0.0728288 0 1.49011e-15 7.2969e-16 1.41077e-16 6.26691e-16 3.80122e-15 6.68751e-17 4.94961e-15 2.76272e-15 
# fitness = 
0.336157 0.889007 
# rank = 
1
# crowd_dist = 
0.0200071
------------------------------------------------
# value = 
0.0960646 2.68758e-16 3.89066e-15 2.3769e-15 0 2.18808e-16 1.16454e-15 1.6073e-16 0 7.30229e-16 
# fitness = 
0.428055 0.818652 
# rank = 
1
# crowd_dist = 
0.0199454
------------------------------------------------
# value = 
0.120076 1.15694e-15 4.87641e-18 6.00546e-16 0 5.51875e-16 9.42496e-16 2.71753e-16 7.91711e-17 1.39636e-15 
# fitness = 
0.871469 0.242971 
# rank = 
1
# crowd_dist = 
0.019445
------------------------------------------------
# value = 
0.109042 9.34892e-16 2.1143e-15 2.67479e-16 2.5804e-16 5.51875e-16 1.02563e-14 3.93144e-16 1.27986e-18 1.39636e-15 
# fitness = 
0.68966 0.527102 
# rank = 
1
# crowd_dist = 
0.019434
------------------------------------------------
# value = 
0.0973779 1.30929e-15 6.12063e-15 3.18413e-16 2.67289e-15 5.84569e-15 2.00213e-16 3.11706e-16 1.81465e-16 0 
# fitness = 
0.452431 0.797564 
# rank = 
1
# crowd_dist = 
0.0190959
------------------------------------------------
# value = 
0.112579 1.15694e-15 8.44257e-15 2.3769e-15 6.05617e-17 0 2.17296e-17 1.6073e-16 7.91711e-17 7.30229e-16 
# fitness = 
0.756425 0.43058 
# rank = 
1
# crowd_dist = 
0.0185779
------------------------------------------------
# value = 
0.0685325 2.1305e-16 8.44257e-15 1.25286e-16 7.70736e-16 2.43286e-17 4.91854e-15 1.6285e-15 2.42851e-16 2.12472e-15 
# fitness = 
0.399941 0.842269 
# rank = 
1
# crowd_dist = 
0.0184373
------------------------------------------------
# value = 
0.277279 1.15694e-15 6.33315e-15 2.3769e-15 6.05617e-17 0 2.17296e-17 1.6073e-16 7.91711e-17 6.4095e-17 
# fitness = 
0.856291 0.269629 
# rank = 
1
# crowd_dist = 
0.0184259
------------------------------------------------
# value = 
0.124021 3.34569e-15 1.37965e-15 6.41726e-15 9.71436e-18 4.21694e-16 1.91832e-15 0 0 2.25653e-15 
# fitness = 
0.91515 0.165881 
# rank = 
1
# crowd_dist = 
0.017806
------------------------------------------------
# value = 
0.117735 1.15694e-15 4.87641e-18 2.3769e-15 6.05617e-17 5.51875e-16 1.6534e-16 4.97081e-17 7.91711e-17 1.39636e-15 
# fitness = 
0.839936 0.296956 
# rank = 
1
# crowd_dist = 
0.0171504
------------------------------------------------
# value = 
0.119349 1.15694e-15 8.44257e-15 1.82179e-15 6.05617e-17 0 2.17296e-17 2.71753e-16 7.91711e-17 1.75117e-16 
# fitness = 
0.862131 0.259728 
# rank = 
1
# crowd_dist = 
0.0168961
------------------------------------------------
# value = 
0.12174 1.26048e-16 7.13516e-16 6.41726e-15 9.71436e-18 9.76806e-16 6.97072e-16 8.02785e-17 6.1065e-17 1.25733e-15 
# fitness = 
0.891337 0.20849 
# rank = 
1
# crowd_dist = 
0.0168608
------------------------------------------------
# value = 
0.214134 1.30929e-15 6.12063e-15 6.5148e-16 2.67289e-15 5.84569e-15 1.31044e-15 3.11706e-16 1.81465e-16 0 
# fitness = 
0.904337 0.18565 
# rank = 
1
# crowd_dist = 
0.0168329
------------------------------------------------
# value = 
0.138068 3.99373e-16 0 1.1395e-15 4.06813e-17 2.87606e-16 0 2.22196e-16 8.27913e-16 0 
# fitness = 
0.989467 0.0233431 
# rank = 
1
# crowd_dist = 
0.0168005
------------------------------------------------
# value = 
0.064573 1.15694e-15 8.44257e-15 7.11568e-16 0 2.18808e-16 1.16454e-15 1.6073e-16 0 7.30229e-16 
# fitness = 
0.473514 0.777914 
# rank = 
1
# crowd_dist = 
0.0167086
------------------------------------------------
# value = 
0.102883 9.34892e-16 2.26921e-16 4.54342e-17 1.47018e-16 5.51875e-16 2.60041e-17 6.87e-17 1.27986e-18 9.52273e-16 
# fitness = 
0.563297 0.684291 
# rank = 
1
# crowd_dist = 
0.0163093
------------------------------------------------
# value = 
0.0574905 1.15694e-15 4.87641e-18 1.56457e-16 6.05617e-17 0 9.42496e-16 4.97081e-17 7.91711e-17 3.97162e-16 
# fitness = 
0.62164 0.615227 
# rank = 
1
# crowd_dist = 
0.0162792
------------------------------------------------
# value = 
0.225636 4.67138e-17 8.44257e-15 7.11568e-16 1.05976e-15 4.40852e-16 1.6534e-16 7.15842e-16 0 1.75117e-16 
# fitness = 
0.789624 0.37927 
# rank = 
1
# crowd_dist = 
0.0162075
------------------------------------------------
# value = 
0.0372551 4.90803e-16 5.00088e-15 2.3769e-15 0 5.51875e-16 2.76363e-16 2.71753e-16 0 0 
# fitness = 
0.937425 0.124236 
# rank = 
1
# crowd_dist = 
0.0156332
------------------------------------------------
# value = 
0.119696 5.32139e-16 6.12063e-15 6.5148e-16 5.63462e-16 7.25321e-17 8.66347e-16 3.11706e-16 1.81465e-16 0 
# fitness = 
0.86664 0.251759 
# rank = 
1
# crowd_dist = 
0.015589
------------------------------------------------
# value = 
0.0570093 9.34892e-16 2.1143e-15 2.67479e-16 2.5804e-16 5.51875e-16 1.02563e-14 3.93144e-16 1.27986e-18 1.39636e-15 
# fitness = 
0.631802 0.603418 
# rank = 
1
# crowd_dist = 
0.0155696
------------------------------------------------
# value = 
0.0368595 1.15694e-15 4.87641e-18 7.11568e-16 0 0 1.16454e-15 4.97081e-17 7.91711e-17 1.75117e-16 
# fitness = 
0.940578 0.117666 
# rank = 
1
# crowd_dist = 
0.0155587
------------------------------------------------
# value = 
0.0856442 6.67636e-15 1.45956e-16 8.89929e-17 3.78447e-16 1.4209e-15 3.96369e-16 8.51854e-17 5.08708e-18 2.58131e-16 
# fitness = 
0.294092 0.91527 
# rank = 
1
# crowd_dist = 
0.0155112
------------------------------------------------
# value = 
0.229659 4.67138e-17 8.44257e-15 2.67479e-16 1.05976e-15 4.40852e-16 1.9417e-15 7.15842e-16 7.91711e-17 1.75117e-16 
# fitness = 
0.746122 0.44604 
# rank = 
1
# crowd_dist = 
0.0154084
------------------------------------------------
# value = 
0.289367 1.15694e-15 6.33315e-15 2.3769e-15 6.05617e-17 0 2.17296e-17 1.6073e-16 7.91711e-17 6.4095e-17 
# fitness = 
0.949601 0.1014 
# rank = 
1
# crowd_dist = 
0.0153841
------------------------------------------------
# value = 
0.036064 5.32139e-16 6.12063e-15 6.5148e-16 2.67289e-15 1.4048e-15 8.66347e-16 3.11706e-16 1.81465e-16 0 
# fitness = 
0.946578 0.107298 
# rank = 
1
# crowd_dist = 
0.0151043
------------------------------------------------
# value = 
0.293232 6.01825e-16 1.89226e-15 2.67479e-16 2.5804e-16 5.51875e-16 1.06816e-14 3.93144e-16 1.27986e-18 1.39636e-15 
# fitness = 
0.967765 0.0670097 
# rank = 
1
# crowd_dist = 
0.015079
------------------------------------------------
# value = 
0.0494551 3.99373e-16 1.08815e-16 1.1395e-15 1.51704e-16 6.55615e-17 0 2.22196e-16 8.27913e-16 0 
# fitness = 
0.780125 0.393346 
# rank = 
1
# crowd_dist = 
0.0150545
------------------------------------------------
# value = 
0.0762243 4.90803e-16 6.7101e-16 2.3769e-15 6.05617e-17 0 2.17296e-17 1.6073e-16 7.91711e-17 7.30229e-16 
# fitness = 
0.301576 0.910527 
# rank = 
1
# crowd_dist = 
0.0149185
------------------------------------------------
# value = 
0.096691 1.57736e-16 4.87641e-18 1.82179e-15 6.05617e-17 5.51875e-16 1.16454e-15 4.97081e-17 7.91711e-17 1.39636e-15 
# fitness = 
0.439539 0.808476 
# rank = 
1
# crowd_dist = 
0.0148866
------------------------------------------------
# value = 
0.0698597 1.30929e-15 6.12063e-15 6.5148e-16 2.67289e-15 5.84569e-15 1.31044e-15 3.11706e-16 1.81465e-16 0 
# fitness = 
0.378153 0.859187 
# rank = 
1
# crowd_dist = 
0.0148827
------------------------------------------------
# value = 
0.0642288 2.1305e-16 8.44257e-15 1.42636e-17 5.48692e-16 2.43286e-17 4.91854e-15 1.6285e-15 2.42851e-16 2.12472e-15 
# fitness = 
0.480385 0.771577 
# rank = 
1
# crowd_dist = 
0.0148421
------------------------------------------------
# value = 
0.0736046 1.30929e-15 5.89858e-15 6.5148e-16 2.30395e-16 5.84569e-15 1.19941e-15 0 1.81465e-16 0 
# fitness = 
0.32691 0.895153 
# rank = 
1
# crowd_dist = 
0.0146146
------------------------------------------------
# value = 
0.123889 3.34569e-15 1.37965e-15 6.41726e-15 9.71436e-18 4.21694e-16 1.91832e-15 0 0 2.25653e-15 
# fitness = 
0.913871 0.168216 
# rank = 
1
# crowd_dist = 
0.0145905
------------------------------------------------
# value = 
0.0975642 1.30929e-15 6.12063e-15 3.18413e-16 2.67289e-15 5.84569e-15 2.00213e-16 3.11706e-16 1.81465e-16 0 
# fitness = 
0.455976 0.79435 
# rank = 
1
# crowd_dist = 
0.0144452
------------------------------------------------
# value = 
0.114273 1.15694e-15 6.33315e-15 2.3769e-15 6.05617e-17 0 1.01888e-14 1.6073e-16 7.91711e-17 6.4095e-17 
# fitness = 
0.785865 0.385591 
# rank = 
1
# crowd_dist = 
0.0142451
------------------------------------------------
# value = 
0.0875379 1.15694e-15 4.87641e-18 2.3769e-15 6.05617e-17 5.51875e-16 1.6534e-16 4.97081e-17 7.91711e-17 1.39636e-15 
# fitness = 
0.308585 0.906348 
# rank = 
1
# crowd_dist = 
0.0140244
------------------------------------------------
# value = 
0.0546266 8.19902e-17 4.58282e-15 1.21645e-15 7.98929e-16 6.49061e-15 2e-15 1.66248e-15 2.96697e-17 8.24949e-15 
# fitness = 
0.68128 0.538884 
# rank = 
1
# crowd_dist = 
0.0139326
------------------------------------------------
# value = 
0.213871 1.30929e-15 5.89858e-15 6.5148e-16 2.67289e-15 5.84569e-15 1.19941e-15 0 1.81465e-16 0 
# fitness = 
0.90651 0.181692 
# rank = 
1
# crowd_dist = 
0.0137294
------------------------------------------------
# value = 
0.276702 9.34892e-16 1.89226e-15 4.54342e-17 2.5804e-16 5.51875e-16 2.84079e-16 3.93144e-16 1.27986e-18 1.39636e-15 
# fitness = 
0.850615 0.27892 
# rank = 
1
# crowd_dist = 
0.0137284
------------------------------------------------
# value = 
0.096691 1.57736e-16 4.87641e-18 1.82179e-15 6.05617e-17 5.51875e-16 1.16454e-15 4.97081e-17 7.91711e-17 1.39636e-15 
# fitness = 
0.439539 0.808476 
# rank = 
1
# crowd_dist = 
0.0135081
------------------------------------------------
# value = 
0.101064 9.34892e-16 1.89226e-15 2.67479e-16 2.5804e-16 5.51875e-16 1.02563e-14 3.93144e-16 1.27986e-18 1.39636e-15 
# fitness = 
0.525642 0.726057 
# rank = 
1
# crowd_dist = 
0.0135079
------------------------------------------------
# value = 
0.210529 6.67636e-15 1.45956e-16 8.89929e-17 3.78447e-16 1.4209e-15 3.96369e-16 8.51854e-17 5.08708e-18 2.58131e-16 
# fitness = 
0.931657 0.135039 
# rank = 
1
# crowd_dist = 
0.0135038
------------------------------------------------
# value = 
0.0573795 1.15694e-15 2.26921e-16 4.89523e-16 0 2.18808e-16 8.31474e-16 1.6073e-16 0 7.30229e-16 
# fitness = 
0.623988 0.612432 
# rank = 
1
# crowd_dist = 
0.0134751
------------------------------------------------
# value = 
0.0787237 4.90803e-16 8.44257e-15 2.3769e-15 6.05617e-17 0 2.17296e-17 1.6073e-16 7.91711e-17 7.30229e-16 
# fitness = 
0.2865 0.919792 
# rank = 
1
# crowd_dist = 
0.0133597
------------------------------------------------
# value = 
0.0546266 8.19902e-17 4.58282e-15 1.21645e-15 7.98929e-16 6.49061e-15 2e-15 1.66248e-15 2.96697e-17 8.24949e-15 
# fitness = 
0.68128 0.538884 
# rank = 
1
# crowd_dist = 
0.013344
------------------------------------------------
# value = 
0.0706223 1.15694e-15 4.87641e-18 1.48872e-15 6.05617e-17 5.51875e-16 1.16454e-15 4.97081e-17 7.91711e-17 6.4095e-17 
# fitness = 
0.366429 0.867266 
# rank = 
1
# crowd_dist = 
0.0133228
------------------------------------------------
# value = 
0.0592134 1.02027e-16 8.44257e-15 1.42636e-17 9.92781e-16 2.43286e-17 4.91854e-15 1.6285e-15 2.42851e-16 2.12472e-15 
# fitness = 
0.585049 0.660289 
# rank = 
1
# crowd_dist = 
0.0131208
------------------------------------------------
# value = 
0.0209264 6.67636e-15 1.41884e-16 0 1.20737e-16 9.76806e-16 2.52983e-16 8.02785e-17 6.1065e-17 3.03369e-15 
# fitness = 
0.997037 0.00929542 
# rank = 
1
# crowd_dist = 
0.0128893
------------------------------------------------
# value = 
0.104809 1.15694e-15 5.55599e-15 4.89523e-16 0 2.18808e-16 1.16454e-15 1.6073e-16 0 7.30229e-16 
# fitness = 
0.603429 0.638084 
# rank = 
1
# crowd_dist = 
0.0128259
------------------------------------------------
# value = 
0.0993288 0 1.6285e-16 9.84069e-16 1.59793e-16 1.82804e-16 8.51279e-16 1.53693e-15 3.19164e-16 7.44476e-15 
# fitness = 
0.490472 0.761554 
# rank = 
1
# crowd_dist = 
0.012454
------------------------------------------------
# value = 
0.0746758 8.2387e-16 8.44257e-15 2.3769e-15 6.05617e-17 0 2.17296e-17 1.6073e-16 7.91711e-17 7.30229e-16 
# fitness = 
0.315423 0.902426 
# rank = 
1
# crowd_dist = 
0.0123148
------------------------------------------------
# value = 
0.115289 2.88351e-16 0 1.1395e-15 1.51704e-16 2.87606e-16 0 2.22196e-16 8.27913e-16 0 
# fitness = 
0.802616 0.357793 
# rank = 
1
# crowd_dist = 
0.0121939
------------------------------------------------
# value = 
0.0564396 1.15694e-15 8.44257e-15 2.3769e-15 6.05617e-17 0 2.17296e-17 1.6073e-16 7.91711e-17 7.30229e-16 
# fitness = 
0.643772 0.588039 
# rank = 
1
# crowd_dist = 
0.0120936
------------------------------------------------
# value = 
0.104949 3.34569e-15 1.37965e-15 6.41726e-15 9.71436e-18 4.21694e-16 1.91832e-15 8.02785e-17 6.1065e-17 2.25653e-15 
# fitness = 
0.606327 0.634889 
# rank = 
1
# crowd_dist = 
0.0119402
------------------------------------------------
# value = 
0.0703932 4.21116e-16 6.12063e-15 6.5148e-16 2.67289e-15 1.4048e-15 8.66347e-16 2.00684e-16 1.81465e-16 0 
# fitness = 
0.369887 0.865159 
# rank = 
1
# crowd_dist = 
0.011934
------------------------------------------------
# value = 
0.231081 2.68758e-16 4.87641e-18 7.11568e-16 6.05617e-17 0 1.16454e-15 4.97081e-17 7.91711e-17 3.97162e-16 
# fitness = 
0.731311 0.467007 
# rank = 
1
# crowd_dist = 
0.0118972
------------------------------------------------
# value = 
0.290475 1.15694e-15 6.33315e-15 2.67479e-16 6.05617e-17 0 2.17296e-17 1.6073e-16 7.91711e-17 6.4095e-17 
# fitness = 
0.95538 0.0902325 
# rank = 
1
# crowd_dist = 
0.0118215
------------------------------------------------
# value = 
0.0300756 4.67138e-17 8.44257e-15 2.67479e-16 1.05976e-15 4.40852e-16 1.9417e-15 7.15842e-16 7.91711e-17 1.75117e-16 
# fitness = 
0.978731 0.0455284 
# rank = 
1
# crowd_dist = 
0.0115322
------------------------------------------------
# value = 
0.299004 1.15694e-15 5.55599e-15 4.89523e-16 0 2.18808e-16 1.16454e-15 1.6073e-16 0 7.30229e-16 
# fitness = 
0.985482 0.0320194 
# rank = 
1
# crowd_dist = 
0.0113704
------------------------------------------------
# value = 
0.0563596 1.15694e-15 4.87641e-18 1.56457e-16 6.05617e-17 0 9.42496e-16 4.97081e-17 7.91711e-17 3.97162e-16 
# fitness = 
0.645447 0.585098 
# rank = 
1
# crowd_dist = 
0.0111931
------------------------------------------------
# value = 
0.0993288 0 1.6285e-16 9.84069e-16 1.59793e-16 1.82804e-16 8.51279e-16 1.53693e-15 3.19164e-16 7.44476e-15 
# fitness = 
0.490472 0.761554 
# rank = 
1
# crowd_dist = 
0.0111135
------------------------------------------------
# value = 
0.281521 1.15694e-15 4.87641e-18 1.48872e-15 0 0 1.16454e-15 4.97081e-17 7.91711e-17 3.97162e-16 
# fitness = 
0.895028 0.201325 
# rank = 
1
# crowd_dist = 
0.0110765
------------------------------------------------
# value = 
0.0979949 1.15694e-15 4.87641e-18 1.48872e-15 0 0 1.16454e-15 4.97081e-17 7.91711e-17 3.97162e-16 
# fitness = 
0.464251 0.786092 
# rank = 
1
# crowd_dist = 
0.0109233
------------------------------------------------
# value = 
0.230298 2.88351e-16 0 1.1395e-15 1.51704e-16 2.87606e-16 0 2.22196e-16 8.27913e-16 0 
# fitness = 
0.739417 0.455129 
# rank = 
1
# crowd_dist = 
0.0108629
------------------------------------------------
# value = 
0.0519418 1.15694e-15 4.87641e-18 1.48872e-15 6.05617e-17 5.51875e-16 1.16454e-15 4.97081e-17 7.91711e-17 3.97162e-16 
# fitness = 
0.734425 0.462741 
# rank = 
1
# crowd_dist = 
0.0108167
------------------------------------------------
# value = 
0.0601608 9.34892e-16 2.26921e-16 4.54342e-17 3.69062e-16 5.51875e-16 2.60041e-17 6.87e-17 1.27986e-18 9.52273e-16 
# fitness = 
0.564904 0.68251 
# rank = 
1
# crowd_dist = 
0.0107681
------------------------------------------------
# value = 
0.101188 1.57736e-16 3.89066e-15 2.3769e-15 0 2.18808e-16 7.20452e-16 1.6073e-16 0 7.30229e-16 
# fitness = 
0.52819 0.723018 
# rank = 
1
# crowd_dist = 
0.0107373
------------------------------------------------
# value = 
0.281521 1.15694e-15 4.87641e-18 1.48872e-15 0 0 1.16454e-15 4.97081e-17 7.91711e-17 3.97162e-16 
# fitness = 
0.895028 0.201325 
# rank = 
1
# crowd_dist = 
0.0103615
------------------------------------------------
