0.280775 0.923154
1 0.00154289
0.716033 0.489776
0.552954 0.696879
0.696306 0.517592
0.538332 0.712112
0.938157 0.123799
0.570087 0.677597
0.926771 0.144774
0.881681 0.225615
0.635578 0.598744
0.487622 0.764051
0.727668 0.472253
0.468059 0.78308
0.919843 0.157499
0.326549 0.894784
0.651775 0.57757
0.52556 0.726217
0.800921 0.360998
0.30222 0.910195
0.449176 0.800316
0.342275 0.885034
0.667149 0.557824
0.376703 0.860357
0.393543 0.847411
0.69174 0.52436
0.659672 0.567309
0.613104 0.626738
0.674686 0.547068
0.474479 0.776999
0.957822 0.0860325
0.893199 0.204833
0.911372 0.172934
0.438596 0.809603
0.589111 0.655321
0.603866 0.63712
0.875113 0.236807
0.840935 0.295974
0.900077 0.19253
0.408988 0.834946
0.861797 0.260397
0.433247 0.814551
0.745437 0.446934
0.791596 0.376784
0.737868 0.458809
0.772462 0.406551
0.577458 0.668956
0.992621 0.0180127
0.755004 0.433037
0.682353 0.53668
0.58222 0.663378
0.39955 0.842321
0.951258 0.0982262
0.816007 0.337345
0.83458 0.306749
0.791596 0.376784
0.850182 0.280212
0.758746 0.426354
0.734548 0.463017
0.748139 0.44161
0.31498 0.902814
0.497561 0.75472
0.90635 0.181725
0.374956 0.861721
0.775883 0.400373
0.618466 0.619298
0.49897 0.753476
0.507759 0.743781
0.364275 0.869524
0.869531 0.246997
0.414599 0.829679
0.449092 0.800483
0.780715 0.393027
0.980646 0.0416181
0.765246 0.416741
0.945744 0.109274
0.987072 0.0282556
0.780715 0.393027
0.318824 0.900171
0.89596 0.200413
0.625536 0.610757
0.280841 0.922393
0.292058 0.916625
0.945744 0.109274
0.954445 0.0921888
0.652762 0.576256
0.968498 0.0659769
0.4243 0.822421
0.599392 0.642409
0.292432 0.916389
0.965568 0.0706103
0.839123 0.298386
0.827818 0.31797
0.419938 0.825957
0.806667 0.352001
0.829831 0.314651
0.764342 0.418122
0.821842 0.327249
0.347168 0.881703
0.595485 0.647071
