# value = 
0.87435 0.0825137 0.119744 0.226062 0.845262 0.660883 0.521312 0.623451 0.913566 0.331021 
# fitness = 
0.996487 8.37596 
# rank = 
8
# crowd_dist = 
0.165252
------------------------------------------------
# value = 
0.71588 0.745467 0.374102 0.758144 0.361673 0.729169 0.318524 0.498615 0.783318 0.453334 
# fitness = 
0.985016 8.6682 
# rank = 
9
# crowd_dist = 
0.423812
------------------------------------------------
# value = 
0.556026 0.723241 0.0917243 0.223801 0.443162 0.526671 0.897754 0.894738 0.458379 0.111321 
# fitness = 
0.95296 8.40647 
# rank = 
4
# crowd_dist = 
0.152965
------------------------------------------------
# value = 
0.63187 0.332728 0.193835 0.751615 0.55879 0.0390973 0.412497 0.0801021 0.662548 0.326063 
# fitness = 
0.995891 7.91016 
# rank = 
3
# crowd_dist = 
0.0929513
------------------------------------------------
# value = 
0.411123 0.378429 0.0715298 0.785225 0.136573 0.433202 0.514394 0.455097 0.931817 0.297712 
# fitness = 
0.813124 8.27112 
# rank = 
2
# crowd_dist = 
0.269433
------------------------------------------------
# value = 
0.908431 0.487843 0.0209525 0.000155812 0.711644 0.464115 0.526827 0.609398 0.358853 0.985205 
# fitness = 
0.975432 8.31014 
# rank = 
6
# crowd_dist = 
0.228825
------------------------------------------------
# value = 
0.72072 0.990723 0.317933 0.914555 0.742338 0.876723 0.953652 0.154835 0.956825 0.616201 
# fitness = 
0.978662 9.20143 
# rank = 
10
# crowd_dist = 
1e+14
------------------------------------------------
# value = 
0.480898 0.367948 0.994629 0.552428 0.153172 0.131202 0.98563 0.667566 0.586299 0.917447 
# fitness = 
0.999721 8.79271 
# rank = 
11
# crowd_dist = 
0.536568
------------------------------------------------
# value = 
0.965278 0.494731 0.40529 0.986231 0.494887 0.116934 0.450346 0.0217133 0.726333 0.809199 
# fitness = 
0.998929 8.45402 
# rank = 
9
# crowd_dist = 
0.212679
------------------------------------------------
# value = 
0.0069185 0.447052 0.799922 0.324852 0.361607 0.542259 0.201575 0.315259 0.697094 0.1584 
# fitness = 
0.999995 8.15684 
# rank = 
6
# crowd_dist = 
0.0492871
------------------------------------------------
# value = 
0.93146 0.177992 0.526347 0.926089 0.73042 0.67952 0.0572906 0.71605 0.347086 0.64359 
# fitness = 
0.980978 8.58222 
# rank = 
8
# crowd_dist = 
0.346747
------------------------------------------------
# value = 
0.633497 0.312364 0.138321 0.038787 0.298595 0.633207 0.155722 0.748941 0.654921 0.882054 
# fitness = 
0.996811 8.16475 
# rank = 
6
# crowd_dist = 
0.141644
------------------------------------------------
# value = 
0.558139 0.661839 0.329106 0.358061 0.986691 0.690713 0.90032 0.188265 0.00597228 0.597414 
# fitness = 
0.946933 8.5547 
# rank = 
4
# crowd_dist = 
0.200062
------------------------------------------------
# value = 
0.346665 0.937432 0.775406 0.873012 0.86352 0.505826 0.552532 0.920811 0.221875 0.899618 
# fitness = 
0.999941 9.20534 
# rank = 
13
# crowd_dist = 
1e+14
------------------------------------------------
# value = 
0.564401 0.855372 0.211982 0.702721 0.894159 0.510577 0.335929 0.049881 0.259518 0.990849 
# fitness = 
0.929212 8.59627 
# rank = 
4
# crowd_dist = 
0.383161
------------------------------------------------
# value = 
0.931935 0.817657 0.652688 0.261041 0.175718 0.639379 0.951755 0.0760382 0.827645 0.957727 
# fitness = 
0.98131 8.79804 
# rank = 
10
# crowd_dist = 
0.808144
------------------------------------------------
# value = 
0.673452 0.174309 0.895159 0.448858 0.0473216 0.758679 0.954684 0.599853 0.67949 0.17656 
# fitness = 
1 8.54955 
# rank = 
11
# crowd_dist = 
0.0296737
------------------------------------------------
# value = 
0.499471 0.243891 0.0319319 0.711453 0.946612 0.926091 0.222031 0.282541 0.975972 0.481548 
# fitness = 
1 8.58505 
# rank = 
13
# crowd_dist = 
1e+14
------------------------------------------------
# value = 
0.27339 0.907907 0.299206 0.926079 0.168949 0.474924 0.565458 0.120704 0.550962 0.393103 
# fitness = 
0.816707 8.45058 
# rank = 
3
# crowd_dist = 
0.271023
------------------------------------------------
# value = 
0.0784305 0.224414 0.567412 0.973589 0.673273 0.614734 0.732268 0.627957 0.214587 0.411758 
# fitness = 
0.287789 8.77612 
# rank = 
2
# crowd_dist = 
1e+14
------------------------------------------------
# value = 
0.804516 0.714058 0.655649 0.836448 0.425512 0.602262 0.76254 0.647542 0.884803 0.738512 
# fitness = 
0.999237 9.11325 
# rank = 
12
# crowd_dist = 
1e+14
------------------------------------------------
# value = 
0.129091 0.158193 0.646419 0.428296 0.0842719 0.815368 0.90322 0.64973 0.936072 0.454182 
# fitness = 
0.954776 8.69573 
# rank = 
8
# crowd_dist = 
0.272897
------------------------------------------------
# value = 
0.0428323 0.0145025 0.678596 0.610244 0.988092 0.351869 0.224978 0.72036 0.979826 0.439565 
# fitness = 
0.880183 8.68487 
# rank = 
5
# crowd_dist = 
0.288027
------------------------------------------------
# value = 
0.132118 0.784342 0.153624 0.787768 0.62079 0.579135 0.390029 0.38333 0.226678 0.274832 
# fitness = 
0.970759 8.32721 
# rank = 
4
# crowd_dist = 
0.171334
------------------------------------------------
# value = 
0.121842 0.355769 0.433025 0.768261 0.784065 0.517297 0.58363 0.687285 0.167027 0.519702 
# fitness = 
0.892482 8.60601 
# rank = 
5
# crowd_dist = 
0.40157
------------------------------------------------
# value = 
0.141467 0.209859 0.534204 0.820064 0.820104 0.522296 0.171933 0.0450816 0.242656 0.151759 
# fitness = 
0.994804 7.99437 
# rank = 
4
# crowd_dist = 
0.0981142
------------------------------------------------
# value = 
0.484647 0.374774 0.936101 0.63827 0.162542 0.556891 0.217406 0.552571 0.940221 0.444083 
# fitness = 
0.999922 8.58539 
# rank = 
11
# crowd_dist = 
0.0454962
------------------------------------------------
# value = 
0.827404 0.062063 0.799852 0.260429 0.830324 0.583917 0.777726 0.413954 0.271202 0.944753 
# fitness = 
1 8.63399 
# rank = 
13
# crowd_dist = 
0.0586757
------------------------------------------------
# value = 
0.933655 0.41267 0.154612 0.467859 0.232734 0.974715 0.990155 0.404667 0.019797 0.232811 
# fitness = 
0.982537 8.18108 
# rank = 
4
# crowd_dist = 
0.0709211
------------------------------------------------
# value = 
0.556426 0.504444 0.607585 0.492527 0.142714 0.770127 0.0494184 0.36012 0.322699 0.98964 
# fitness = 
0.951828 8.34884 
# rank = 
3
# crowd_dist = 
0.230974
------------------------------------------------
# value = 
0.804203 0.150102 0.0517025 0.604055 0.410531 0.882027 0.187972 0.188257 0.295981 0.459175 
# fitness = 
0.99919 7.84055 
# rank = 
3
# crowd_dist = 
1e+14
------------------------------------------------
# value = 
0.13301 0.229636 0.871844 0.287622 0.697496 0.104578 0.262337 0.687651 0.509245 0.282134 
# fitness = 
0.974533 8.2031 
# rank = 
4
# crowd_dist = 
0.135656
------------------------------------------------
# value = 
0.920462 0.0656714 0.786578 0.528047 0.558198 0.929292 0.298175 0.607617 0.289412 0.620874 
# fitness = 
0.975207 8.5342 
# rank = 
7
# crowd_dist = 
0.668379
------------------------------------------------
# value = 
0.597256 0.0936145 0.770976 0.648959 0.69767 0.181507 0.530985 0.885642 0.369764 0.826966 
# fitness = 
0.925583 8.67476 
# rank = 
7
# crowd_dist = 
1e+14
------------------------------------------------
# value = 
0.344816 0.502774 0.0566021 0.216661 0.790396 0.754098 0.321239 0.0527331 0.441748 0.830485 
# fitness = 
0.999975 8.21315 
# rank = 
9
# crowd_dist = 
1e+14
------------------------------------------------
# value = 
0.334867 0.36221 0.896156 0.121445 0.890257 0.454354 0.0507372 0.188432 0.0619711 0.340149 
# fitness = 
1 7.91362 
# rank = 
5
# crowd_dist = 
1e+14
------------------------------------------------
# value = 
0.809306 0.659227 0.433763 0.580282 0.308186 0.131433 0.761789 0.839172 0.0170745 0.131553 
# fitness = 
0.999724 8.16384 
# rank = 
6
# crowd_dist = 
0.0133801
------------------------------------------------
# value = 
0.666138 0.361891 0.634328 0.72274 0.578552 0.424723 0.476838 0.899791 0.477457 0.918586 
# fitness = 
1 8.84392 
# rank = 
14
# crowd_dist = 
1e+14
------------------------------------------------
# value = 
0.730275 0.812324 0.280796 0.626431 0.933769 0.171054 0.0807857 0.984506 0.359486 0.142757 
# fitness = 
0.964765 8.41299 
# rank = 
5
# crowd_dist = 
0.415847
------------------------------------------------
# value = 
0.324655 0.168792 0.801984 0.758418 0.749073 0.110171 0.889851 0.510862 0.949342 0.906926 
# fitness = 
0.999995 8.96939 
# rank = 
12
# crowd_dist = 
0.590005
------------------------------------------------
# value = 
0.642416 0.61548 0.268816 0.276743 0.33822 0.847368 0.701467 0.815058 0.747159 0.178923 
# fitness = 
0.999434 8.57186 
# rank = 
10
# crowd_dist = 
0.100965
------------------------------------------------
# value = 
0.733644 0.477435 0.991247 0.0144398 0.103866 0.925016 0.185494 0.184652 0.909523 0.544979 
# fitness = 
0.96022 8.38994 
# rank = 
4
# crowd_dist = 
0.105814
------------------------------------------------
# value = 
0.327409 0.234178 0.713771 0.129393 0.992596 0.462844 0.239563 0.882447 0.973707 0.188906 
# fitness = 
0.999999 8.58316 
# rank = 
12
# crowd_dist = 
1e+14
------------------------------------------------
# value = 
0.789373 0.616122 0.804386 0.058189 0.892866 0.142606 0.905557 0.594333 0.957663 0.652716 
# fitness = 
0.993183 8.89248 
# rank = 
11
# crowd_dist = 
0.775717
------------------------------------------------
# value = 
0.773256 0.691307 0.130151 0.764503 0.705746 0.234017 0.689519 0.89124 0.418668 0.599042 
# fitness = 
0.975002 8.71006 
# rank = 
9
# crowd_dist = 
0.254156
------------------------------------------------
# value = 
0.436219 0.746077 0.83322 0.149991 0.87547 0.825816 0.612835 0.115033 0.708263 0.586542 
# fitness = 
0.884901 8.85287 
# rank = 
6
# crowd_dist = 
0.479286
------------------------------------------------
# value = 
0.303939 0.497635 0.202664 0.108324 0.555824 0.0955298 0.25093 0.461381 0.689862 0.208593 
# fitness = 
0.993709 7.75315 
# rank = 
2
# crowd_dist = 
1e+14
------------------------------------------------
# value = 
0.114098 0.463118 0.8999 0.244248 0.227621 0.605646 0.478265 0.917141 0.496886 0.896933 
# fitness = 
0.782903 8.78863 
# rank = 
3
# crowd_dist = 
0.579212
------------------------------------------------
# value = 
0.516183 0.933106 0.64301 0.349402 0.083096 0.51848 0.175218 0.695931 0.633513 0.883481 
# fitness = 
0.999907 8.62248 
# rank = 
11
# crowd_dist = 
0.180429
------------------------------------------------
# value = 
0.282472 0.937452 0.381116 0.485136 0.0457759 0.93694 0.580666 0.296706 0.398322 0.270529 
# fitness = 
0.902895 8.40075 
# rank = 
3
# crowd_dist = 
0.161957
------------------------------------------------
# value = 
0.505299 0.512419 0.733647 0.405198 0.756668 0.961268 0.0108442 0.234933 0.878409 0.50773 
# fitness = 
1 8.65648 
# rank = 
13
# crowd_dist = 
0.228274
------------------------------------------------
# value = 
0.131866 0.394592 0.440836 0.774877 0.743994 0.523932 0.293356 0.919212 0.219863 0.926869 
# fitness = 
0.969619 8.75464 
# rank = 
9
# crowd_dist = 
0.363508
------------------------------------------------
# value = 
0.802693 0.502335 0.864321 0.183809 0.987472 0.910097 0.120749 0.568138 0.206803 0.519071 
# fitness = 
0.998932 8.60171 
# rank = 
10
# crowd_dist = 
0.550363
------------------------------------------------
# value = 
0.838666 0.712101 0.0314904 0.572313 0.1173 0.788158 0.533581 0.128144 0.0230911 0.41199 
# fitness = 
1 7.88825 
# rank = 
4
# crowd_dist = 
1e+14
------------------------------------------------
# value = 
0.635874 0.154957 0.806582 0.0767098 0.929834 0.550576 0.600642 0.22319 0.469788 0.820504 
# fitness = 
0.997863 8.50782 
# rank = 
9
# crowd_dist = 
0.315211
------------------------------------------------
# value = 
0.15006 0.272481 0.32284 0.0143809 0.45629 0.310311 0.924478 0.577039 0.878449 0.13128 
# fitness = 
0.999532 8.17585 
# rank = 
7
# crowd_dist = 
1e+14
------------------------------------------------
# value = 
0.0961099 0.717116 0.843382 0.1276 0.289429 0.960681 0.915759 0.82301 0.088825 0.93885 
# fitness = 
0.428877 9.01007 
# rank = 
3
# crowd_dist = 
1e+14
------------------------------------------------
# value = 
0.235 0.724699 0.093807 0.0415822 0.801409 0.0236408 0.592158 0.40205 0.246831 0.0619456 
# fitness = 
0.693667 7.7703 
# rank = 
1
# crowd_dist = 
0.549529
------------------------------------------------
# value = 
0.222555 0.396891 0.334426 0.545395 0.411272 0.790716 0.855706 0.33575 0.367755 0.734155 
# fitness = 
0.823017 8.60191 
# rank = 
4
# crowd_dist = 
1e+14
------------------------------------------------
# value = 
0.46703 0.463865 0.451271 0.310412 0.591465 0.7407 0.271093 0.507224 0.56371 0.359918 
# fitness = 
0.993985 8.34821 
# rank = 
7
# crowd_dist = 
0.316472
------------------------------------------------
# value = 
0.446073 0.798711 0.0846172 0.53988 0.840293 0.886026 0.563521 0.432451 0.288077 0.810352 
# fitness = 
0.936551 8.76418 
# rank = 
8
# crowd_dist = 
1e+14
------------------------------------------------
# value = 
0.494396 0.510631 0.207243 0.828822 0.056026 0.618515 0.619538 0.911732 0.954265 0.987293 
# fitness = 
1 8.91593 
# rank = 
13
# crowd_dist = 
0.941324
------------------------------------------------
# value = 
0.645887 0.421295 0.451158 0.0971577 0.731707 0.0426232 0.837857 0.00279998 0.549847 0.401567 
# fitness = 
0.999766 8.0024 
# rank = 
5
# crowd_dist = 
0.0613454
------------------------------------------------
# value = 
0.362718 0.99592 0.200278 0.447335 0.535801 0.0405706 0.333362 0.0993217 0.473021 0.621438 
# fitness = 
0.995036 8.10912 
# rank = 
5
# crowd_dist = 
0.220654
------------------------------------------------
# value = 
0.909674 0.967417 0.13207 0.116917 0.79624 0.188096 0.735432 0.415778 0.0998275 0.689697 
# fitness = 
0.975052 8.29959 
# rank = 
5
# crowd_dist = 
0.109646
------------------------------------------------
# value = 
0.403071 0.745714 0.110992 0.854229 0.842872 0.842699 0.896853 0.680729 0.845499 0.446699 
# fitness = 
0.836591 9.14529 
# rank = 
6
# crowd_dist = 
1e+14
------------------------------------------------
# value = 
0.0822968 0.208217 0.44262 0.282575 0.655552 0.97842 0.323145 0.988914 0.0777419 0.796166 
# fitness = 
0.281315 8.66329 
# rank = 
1
# crowd_dist = 
1e+14
------------------------------------------------
# value = 
0.610352 0.987416 0.763584 0.742422 0.104333 0.559823 0.930517 0.839765 0.975602 0.0303448 
# fitness = 
0.961446 9.00843 
# rank = 
9
# crowd_dist = 
1e+14
------------------------------------------------
# value = 
0.529462 0.378673 0.776059 0.640454 0.232902 0.618931 0.483153 0.129755 0.299661 0.328652 
# fitness = 
0.997416 8.17668 
# rank = 
7
# crowd_dist = 
0.210244
------------------------------------------------
# value = 
0.576454 0.381958 0.536869 0.0190737 0.664532 0.192421 0.997494 0.987678 0.181335 0.0752358 
# fitness = 
0.905239 8.26726 
# rank = 
2
# crowd_dist = 
0.200394
------------------------------------------------
# value = 
0.783844 0.791687 0.0626516 0.547428 0.534109 0.166985 0.107251 0.464626 0.00675005 0.0828526 
# fitness = 
0.988314 7.57322 
# rank = 
1
# crowd_dist = 
1e+14
------------------------------------------------
# value = 
0.494971 0.536212 0.461525 0.27103 0.176667 0.694428 0.889961 0.65982 0.824182 0.189622 
# fitness = 
1 8.53662 
# rank = 
11
# crowd_dist = 
1e+14
------------------------------------------------
# value = 
0.988472 0.400636 0.57158 0.525341 0.41971 0.236112 0.717762 0.417204 0.22379 0.899097 
# fitness = 
0.999998 8.41324 
# rank = 
10
# crowd_dist = 
0.0908915
------------------------------------------------
# value = 
0.49244 0.00763353 0.690784 0.555091 0.555061 0.224892 0.722076 0.662312 0.689518 0.728826 
# fitness = 
0.999999 8.59076 
# rank = 
12
# crowd_dist = 
0.367302
------------------------------------------------
# value = 
0.745165 0.184489 0.265039 0.20669 0.455519 0.441706 0.901118 0.34548 0.101526 0.7253 
# fitness = 
0.950492 8.06018 
# rank = 
2
# crowd_dist = 
0.210282
------------------------------------------------
# value = 
0.535102 0.0899975 0.125937 0.106682 0.615338 0.545647 0.342793 0.3331 0.962851 0.566583 
# fitness = 
0.993672 8.08084 
# rank = 
4
# crowd_dist = 
0.0943674
------------------------------------------------
# value = 
0.232197 0.455291 0.574217 0.92298 0.0103823 0.129278 0.147873 0.732459 0.79159 0.837391 
# fitness = 
0.720059 8.55015 
# rank = 
2
# crowd_dist = 
0.618925
------------------------------------------------
# value = 
0.461285 0.536755 0.0218801 0.726323 0.743445 0.477399 0.168029 0.644563 0.822879 0.269555 
# fitness = 
0.986125 8.4163 
# rank = 
7
# crowd_dist = 
0.313352
------------------------------------------------
# value = 
0.369863 0.357981 0.359552 0.4958 0.464662 0.97489 0.041447 0.807456 0.30799 0.004298 
# fitness = 
0.985006 8.14411 
# rank = 
4
# crowd_dist = 
0.0710995
------------------------------------------------
# value = 
0.374039 0.540187 0.459589 0.948256 0.463167 0.469971 0.0775333 0.61104 0.20243 0.869123 
# fitness = 
0.974935 8.51661 
# rank = 
6
# crowd_dist = 
0.329783
------------------------------------------------
# value = 
0.448431 0.663714 0.405878 0.470312 0.390038 0.149323 0.94771 0.558067 0.793887 0.770589 
# fitness = 
0.947155 8.72588 
# rank = 
8
# crowd_dist = 
0.205077
------------------------------------------------
# value = 
0.827622 0.16375 0.12857 0.187174 0.65955 0.593233 0.162064 0.700997 0.400689 0.470054 
# fitness = 
1 7.96631 
# rank = 
4
# crowd_dist = 
0.0890304
------------------------------------------------
# value = 
0.705295 0.774728 0.0102412 0.164884 0.722983 0.473409 0.634855 0.800517 0.0844489 0.837285 
# fitness = 
0.994829 8.45399 
# rank = 
8
# crowd_dist = 
0.307153
------------------------------------------------
# value = 
0.66964 0.53288 0.500999 0.075518 0.00319185 0.891037 0.224841 0.950902 0.449104 0.018728 
# fitness = 
1 8.05855 
# rank = 
6
# crowd_dist = 
1e+14
------------------------------------------------
# value = 
0.721492 0.276726 0.182478 0.850062 0.463899 0.842028 0.443295 0.625964 0.543025 0.843984 
# fitness = 
0.977573 8.68905 
# rank = 
8
# crowd_dist = 
0.308366
------------------------------------------------
# value = 
0.0960179 0.24832 0.618711 0.106259 0.413204 0.341695 0.579668 0.0480593 0.142211 0.664117 
# fitness = 
0.427209 7.90615 
# rank = 
1
# crowd_dist = 
0.701223
------------------------------------------------
# value = 
0.885344 0.811851 0.196997 0.386343 0.887369 0.200189 0.277381 0.11221 0.151091 0.726485 
# fitness = 
0.990479 8.11162 
# rank = 
4
# crowd_dist = 
0.0688105
------------------------------------------------
# value = 
0.130938 0.872583 0.00321058 0.313416 0.722645 0.46711 0.155444 0.16594 0.0930736 0.698469 
# fitness = 
0.965137 7.98813 
# rank = 
3
# crowd_dist = 
0.226177
------------------------------------------------
# value = 
0.00992318 0.189091 0.94679 0.628635 0.295351 0.359994 0.970329 0.875018 0.408053 0.11254 
# fitness = 
0.99996 8.57035 
# rank = 
11
# crowd_dist = 
0.0331735
------------------------------------------------
# value = 
0.539135 0.293397 0.924391 0.736132 0.679741 0.811761 0.936321 0.957121 0.923971 0.0874117 
# fitness = 
0.989289 9.14277 
# rank = 
11
# crowd_dist = 
1e+14
------------------------------------------------
# value = 
0.683606 0.0549094 0.959994 0.686817 0.368326 0.682639 0.153927 0.52377 0.848579 0.247 
# fitness = 
0.999938 8.46241 
# rank = 
10
# crowd_dist = 
0.101341
------------------------------------------------
# value = 
0.22224 0.858502 0.436092 0.169029 0.487137 0.731443 0.529023 0.457466 0.606461 0.937076 
# fitness = 
0.826378 8.77408 
# rank = 
5
# crowd_dist = 
1e+14
------------------------------------------------
# value = 
0.570006 0.145596 0.230473 0.494398 0.881728 0.910214 0.306158 0.818048 0.867335 0.230129 
# fitness = 
0.915531 8.62855 
# rank = 
6
# crowd_dist = 
0.430198
------------------------------------------------
# value = 
0.90546 0.550941 0.285039 0.865454 0.237758 0.653364 0.548094 0.391685 0.177134 0.396672 
# fitness = 
0.97664 8.28315 
# rank = 
5
# crowd_dist = 
0.168229
------------------------------------------------
# value = 
0.638685 0.399374 0.255174 0.0747773 0.568403 0.742311 0.80622 0.097426 0.199777 0.412681 
# fitness = 
0.998737 8.01293 
# rank = 
5
# crowd_dist = 
0.075633
------------------------------------------------
# value = 
0.0345019 0.769783 0.558276 0.264975 0.26418 0.440004 0.175189 0.570338 0.258052 0.0425239 
# fitness = 
0.957087 7.91217 
# rank = 
2
# crowd_dist = 
0.18068
------------------------------------------------
# value = 
0.800468 0.163512 0.593465 0.0855061 0.028966 0.831223 0.73887 0.57706 0.222908 0.916005 
# fitness = 
0.998441 8.30137 
# rank = 
8
# crowd_dist = 
0.179404
------------------------------------------------
# value = 
0.973732 0.861594 0.315379 0.228906 0.936371 0.883782 0.971217 0.742591 0.981208 0.170994 
# fitness = 
0.999766 9.05435 
# rank = 
12
# crowd_dist = 
0.632698
------------------------------------------------
# value = 
0.155271 0.0157099 0.940777 0.713547 0.280685 0.204957 0.153551 0.455874 0.775296 0.411603 
# fitness = 
0.99995 8.20624 
# rank = 
8
# crowd_dist = 
1e+14
------------------------------------------------
# value = 
0.498398 0.575763 0.575115 0.0918629 0.66127 0.604081 0.923086 0.40014 0.18114 0.145994 
# fitness = 
1 8.30142 
# rank = 
10
# crowd_dist = 
1e+14
------------------------------------------------
