# value = 
0.868568 0.0707839 0.265799 0.546205 0.230193 0.120714 0.652007 0.997905 0.649607 0.926063 
# fitness = 
0.9983 8.43434 
# rank = 
9
# crowd_dist = 
0.301008
------------------------------------------------
# value = 
0.330217 0.163848 0.188881 0.27038 0.788817 0.345636 0.980409 0.802542 0.994285 0.447502 
# fitness = 
1 8.64906 
# rank = 
14
# crowd_dist = 
1e+14
------------------------------------------------
# value = 
0.718906 0.0401736 0.1163 0.39872 0.124697 0.270714 0.445309 0.753829 0.469862 0.390659 
# fitness = 
0.98115 7.72164 
# rank = 
3
# crowd_dist = 
0.203096
------------------------------------------------
# value = 
0.309156 0.338431 0.461443 0.574954 0.884636 0.691637 0.695668 0.536643 0.689542 0.345275 
# fitness = 
0.99789 8.74102 
# rank = 
11
# crowd_dist = 
0.11549
------------------------------------------------
# value = 
0.462705 0.0197591 0.509123 0.651586 0.290139 0.29794 0.997222 0.270548 0.100482 0.991508 
# fitness = 
0.988529 8.29046 
# rank = 
6
# crowd_dist = 
0.150606
------------------------------------------------
# value = 
0.718051 0.819388 0.0316811 0.834351 0.218108 0.156378 0.105065 0.663417 0.910207 0.574928 
# fitness = 
0.982282 8.37475 
# rank = 
7
# crowd_dist = 
0.69536
------------------------------------------------
# value = 
0.0540766 0.219363 0.913358 0.51552 0.794317 0.797994 0.207156 0.489985 0.334637 0.896698 
# fitness = 
0.692435 8.78064 
# rank = 
2
# crowd_dist = 
0.291751
------------------------------------------------
# value = 
0.83526 0.797342 0.916457 0.344383 0.448928 0.206596 0.642323 0.44615 0.477144 0.742806 
# fitness = 
1 8.66473 
# rank = 
15
# crowd_dist = 
1e+14
------------------------------------------------
# value = 
0.437658 0.195195 0.562194 0.469339 0.0295458 0.780302 0.625717 0.134611 0.443719 0.535924 
# fitness = 
0.892803 8.14693 
# rank = 
2
# crowd_dist = 
0.217528
------------------------------------------------
# value = 
0.709539 0.497796 0.755287 0.622897 0.0133158 0.549604 0.420891 0.220472 0.0395887 0.755528 
# fitness = 
0.99164 8.17194 
# rank = 
6
# crowd_dist = 
0.103611
------------------------------------------------
# value = 
0.117171 0.874849 0.55287 0.033628 0.219232 0.00179749 0.240224 0.861556 0.447948 0.717368 
# fitness = 
0.831718 8.24206 
# rank = 
3
# crowd_dist = 
0.59763
------------------------------------------------
# value = 
0.604361 0.885605 0.912563 0.166555 0.354944 0.942109 0.946857 0.980661 0.0767203 0.390577 
# fitness = 
0.945068 8.91438 
# rank = 
10
# crowd_dist = 
0.260599
------------------------------------------------
# value = 
0.516585 0.786259 0.888373 0.271871 0.409156 0.901688 0.821475 0.830047 0.122161 0.861064 
# fitness = 
0.999893 8.98569 
# rank = 
15
# crowd_dist = 
1e+14
------------------------------------------------
# value = 
0.585574 0.239331 0.735913 0.138444 0.272959 0.955145 0.140242 0.513183 0.816701 0.588189 
# fitness = 
0.904407 8.42977 
# rank = 
4
# crowd_dist = 
0.0867079
------------------------------------------------
# value = 
0.230552 0.421062 0.473794 0.143115 0.587617 0.828738 0.0852246 0.534474 0.809399 0.161945 
# fitness = 
0.736772 8.30436 
# rank = 
1
# crowd_dist = 
0.332515
------------------------------------------------
# value = 
0.925051 0.325984 0.948204 0.813424 0.597856 0.35736 0.715112 0.419331 0.187407 0.837273 
# fitness = 
0.977073 8.73945 
# rank = 
10
# crowd_dist = 
0.266599
------------------------------------------------
# value = 
0.280394 0.772981 0.0766044 0.0163071 0.911425 0.349564 0.971452 0.0516666 0.862747 0.788153 
# fitness = 
0.885297 8.60135 
# rank = 
6
# crowd_dist = 
0.720696
------------------------------------------------
# value = 
0.639856 0.0932989 0.209215 0.11365 0.236414 0.796832 0.942388 0.321639 0.331307 0.751788 
# fitness = 
0.999004 8.13226 
# rank = 
6
# crowd_dist = 
0.116876
------------------------------------------------
# value = 
0.483584 0.256358 0.077772 0.431788 0.0697818 0.675628 0.789147 0.784894 0.0949584 0.976554 
# fitness = 
0.999885 8.30074 
# rank = 
8
# crowd_dist = 
0.13217
------------------------------------------------
# value = 
0.622167 0.375353 0.749535 0.698772 0.39166 0.66096 0.0483352 0.363112 0.712626 0.911082 
# fitness = 
0.985938 8.62414 
# rank = 
8
# crowd_dist = 
0.760979
------------------------------------------------
# value = 
0.151265 0.352482 0.00438115 0.36048 0.466132 0.240795 0.157313 0.40852 0.562434 0.488619 
# fitness = 
0.9997 7.73474 
# rank = 
4
# crowd_dist = 
1e+14
------------------------------------------------
# value = 
0.160308 0.0460179 0.744977 0.23808 0.477805 0.814759 0.913708 0.266953 0.599653 0.00866631 
# fitness = 
0.999998 8.27969 
# rank = 
10
# crowd_dist = 
1e+14
------------------------------------------------
# value = 
0.243506 0.22182 0.384019 0.993041 0.920592 0.775679 0.654001 0.968927 0.138791 0.366627 
# fitness = 
0.639075 8.88387 
# rank = 
2
# crowd_dist = 
1e+14
------------------------------------------------
# value = 
0.880009 0.290056 0.719109 0.884391 0.650536 0.185241 0.125186 0.807849 0.593762 0.68762 
# fitness = 
0.993801 8.63522 
# rank = 
9
# crowd_dist = 
0.337497
------------------------------------------------
# value = 
0.296468 0.75407 0.733638 0.0414456 0.99215 0.211443 0.856205 0.905858 0.478396 0.455858 
# fitness = 
0.978948 8.82434 
# rank = 
11
# crowd_dist = 
0.338269
------------------------------------------------
# value = 
0.914524 0.721902 0.677678 0.298543 0.714944 0.59827 0.0742224 0.368944 0.567198 0.213014 
# fitness = 
0.974344 8.34168 
# rank = 
5
# crowd_dist = 
0.109756
------------------------------------------------
# value = 
0.735571 0.447207 0.50307 0.45468 0.331598 0.153606 0.639922 0.456784 0.961455 0.233683 
# fitness = 
0.95787 8.32184 
# rank = 
4
# crowd_dist = 
0.249151
------------------------------------------------
# value = 
0.144404 0.257923 0.987753 0.878042 0.299369 0.979903 0.0894854 0.155574 0.885761 0.567881 
# fitness = 
0.997433 8.69634 
# rank = 
10
# crowd_dist = 
0.276975
------------------------------------------------
# value = 
0.611432 0.800285 0.289784 0.28911 0.0988288 0.00472744 0.88738 0.173051 0.373672 0.454578 
# fitness = 
0.964201 7.92539 
# rank = 
3
# crowd_dist = 
0.661883
------------------------------------------------
# value = 
0.386065 0.109243 0.901785 0.889134 0.563924 0.233383 0.0427406 0.203845 0.690167 0.00419583 
# fitness = 
0.925971 8.07159 
# rank = 
2
# crowd_dist = 
0.170903
------------------------------------------------
# value = 
0.437528 0.834571 0.262119 0.425281 0.712612 0.561488 0.405184 0.802098 0.717062 0.290945 
# fitness = 
0.892093 8.68377 
# rank = 
8
# crowd_dist = 
1e+14
------------------------------------------------
# value = 
0.369979 0.328494 0.0912307 0.659763 0.617603 0.190059 0.664491 0.504984 0.363111 0.0381624 
# fitness = 
0.984773 7.9658 
# rank = 
4
# crowd_dist = 
0.174593
------------------------------------------------
# value = 
0.959562 0.749175 0.147406 0.861347 0.63831 0.711329 0.0947298 0.68105 0.915174 0.784896 
# fitness = 
0.997665 8.87668 
# rank = 
12
# crowd_dist = 
0.290286
------------------------------------------------
# value = 
0.685246 0.352703 0.619467 0.947366 0.777984 0.332079 0.508854 0.183168 0.134177 0.225916 
# fitness = 
0.999895 8.26649 
# rank = 
8
# crowd_dist = 
0.0757204
------------------------------------------------
# value = 
0.474114 0.504156 0.554409 0.565344 0.16392 0.172013 0.755404 0.82841 0.676997 0.118514 
# fitness = 
0.998406 8.38224 
# rank = 
8
# crowd_dist = 
0.153256
------------------------------------------------
# value = 
0.866573 0.636559 0.86769 0.0139782 0.497905 0.505999 0.725307 0.592635 0.18705 0.640482 
# fitness = 
0.998731 8.52209 
# rank = 
10
# crowd_dist = 
0.203487
------------------------------------------------
# value = 
0.377532 0.872296 0.993184 0.996999 0.819661 0.771168 0.329078 0.328515 0.954336 0.463255 
# fitness = 
0.96372 9.20607 
# rank = 
12
# crowd_dist = 
1e+14
------------------------------------------------
# value = 
0.554431 0.42845 0.967412 0.108841 0.993794 0.131331 0.280853 0.749198 0.959742 0.95785 
# fitness = 
0.957404 8.88329 
# rank = 
10
# crowd_dist = 
0.321936
------------------------------------------------
# value = 
0.867712 0.826314 0.594409 0.735402 0.840293 0.0923142 0.241401 0.5656 0.684949 0.428451 
# fitness = 
0.998496 8.65997 
# rank = 
11
# crowd_dist = 
0.101171
------------------------------------------------
# value = 
0.206082 0.0624811 0.300747 0.199266 0.0594797 0.120409 0.970434 0.388558 0.448924 0.924771 
# fitness = 
0.957978 7.98114 
# rank = 
2
# crowd_dist = 
0.212683
------------------------------------------------
# value = 
0.851813 0.003355 0.353221 0.819225 0.112196 0.347015 0.950556 0.393049 0.096213 0.910298 
# fitness = 
0.999948 8.22176 
# rank = 
8
# crowd_dist = 
1e+14
------------------------------------------------
# value = 
0.350899 0.963925 0.736612 0.945308 0.699327 0.576905 0.0376222 0.940729 0.142505 0.722572 
# fitness = 
0.99971 8.94136 
# rank = 
14
# crowd_dist = 
1e+14
------------------------------------------------
# value = 
0.36918 0.348586 0.785053 0.669927 0.547852 0.844533 0.790336 0.518286 0.23309 0.23926 
# fitness = 
0.98633 8.65004 
# rank = 
9
# crowd_dist = 
0.533365
------------------------------------------------
# value = 
0.443057 0.0849032 0.242615 0.796277 0.904128 0.35481 0.143292 0.854684 0.747859 0.239505 
# fitness = 
0.921712 8.41217 
# rank = 
4
# crowd_dist = 
0.19528
------------------------------------------------
# value = 
0.764982 0.0987583 0.20343 0.501594 0.0440663 0.902758 0.0784983 0.0816885 0.843487 0.221003 
# fitness = 
0.963206 7.70582 
# rank = 
2
# crowd_dist = 
1e+14
------------------------------------------------
# value = 
0.80426 0.212667 0.569589 0.589313 0.882594 0.117441 0.433845 0.672929 0.635727 0.666936 
# fitness = 
0.999199 8.56858 
# rank = 
11
# crowd_dist = 
0.0992388
------------------------------------------------
# value = 
0.912189 0.0787834 0.751839 0.154803 0.875061 0.655967 0.509613 0.0183526 0.510651 0.257473 
# fitness = 
0.974527 8.14585 
# rank = 
5
# crowd_dist = 
0.218894
------------------------------------------------
# value = 
0.257858 0.275632 0.356231 0.461288 0.777226 0.400297 0.364046 0.855724 0.481986 0.207532 
# fitness = 
0.66629 8.3771 
# rank = 
1
# crowd_dist = 
0.162711
------------------------------------------------
# value = 
0.0767269 0.286246 0.420199 0.646316 0.875559 0.302793 0.763757 0.309404 0.975722 0.399484 
# fitness = 
0.297809 8.75195 
# rank = 
1
# crowd_dist = 
1e+14
------------------------------------------------
# value = 
0.97634 0.887911 0.478267 0.728179 0.0427142 0.353327 0.384146 0.552328 0.37168 0.894797 
# fitness = 
0.99987 8.53248 
# rank = 
12
# crowd_dist = 
1e+14
------------------------------------------------
# value = 
0.8098 0.629538 0.170429 0.166031 0.0908254 0.947655 0.566328 0.454871 0.803379 0.0483142 
# fitness = 
0.999755 8.17094 
# rank = 
7
# crowd_dist = 
0.233269
------------------------------------------------
# value = 
0.662403 0.880106 0.33456 0.0826022 0.526422 0.210119 0.385395 0.290178 0.519523 0.361117 
# fitness = 
1 8.02981 
# rank = 
6
# crowd_dist = 
1e+14
------------------------------------------------
# value = 
0.689662 0.495863 0.249028 0.167929 0.224042 0.291742 0.521256 0.608188 0.84407 0.892936 
# fitness = 
0.999652 8.36255 
# rank = 
7
# crowd_dist = 
0.300838
------------------------------------------------
# value = 
0.502985 0.65387 0.522474 0.673413 0.819901 0.613299 0.621068 0.38623 0.0681703 0.424447 
# fitness = 
1 8.56915 
# rank = 
13
# crowd_dist = 
1e+14
------------------------------------------------
# value = 
0.434544 0.730574 0.304553 0.769104 0.813176 0.830974 0.979223 0.198571 0.121152 0.498746 
# fitness = 
0.875753 8.77742 
# rank = 
6
# crowd_dist = 
1e+14
------------------------------------------------
# value = 
0.559687 0.810814 0.994609 0.808715 0.978743 0.218651 0.100457 0.499999 0.826839 0.944526 
# fitness = 
0.942478 9.09723 
# rank = 
10
# crowd_dist = 
1e+14
------------------------------------------------
# value = 
0.392935 0.329824 0.598396 0.915409 0.00323722 0.418298 0.528708 0.624305 0.804527 0.596878 
# fitness = 
0.888442 8.60826 
# rank = 
7
# crowd_dist = 
1e+14
------------------------------------------------
# value = 
0.0487521 0.239071 0.327452 0.353305 0.00817493 0.140628 0.184279 0.987398 0.339199 0.305431 
# fitness = 
0.792314 7.69121 
# rank = 
1
# crowd_dist = 
0.528948
------------------------------------------------
# value = 
0.486144 0.898886 0.116246 0.480753 0.707601 0.0949884 0.699404 0.808058 0.594987 0.526244 
# fitness = 
0.999958 8.62722 
# rank = 
13
# crowd_dist = 
0.558837
------------------------------------------------
# value = 
0.752584 0.987923 0.856067 0.350981 0.903331 0.859305 0.769278 0.43204 0.48361 0.573805 
# fitness = 
0.951075 9.10649 
# rank = 
11
# crowd_dist = 
1e+14
------------------------------------------------
# value = 
0.028918 0.532362 0.812876 0.35637 0.885667 0.821051 0.496998 0.0699456 0.808449 0.836196 
# fitness = 
0.982692 8.89316 
# rank = 
12
# crowd_dist = 
0.714005
------------------------------------------------
# value = 
0.375377 0.294593 0.735082 0.491622 0.775346 0.442684 0.586611 0.47475 0.250741 0.181598 
# fitness = 
0.970947 8.34171 
# rank = 
5
# crowd_dist = 
0.166963
------------------------------------------------
# value = 
0.000993363 0.00332589 0.169521 0.857061 0.354307 0.0728523 0.716365 0.123585 0.504892 0.199975 
# fitness = 
1 7.71204 
# rank = 
3
# crowd_dist = 
1e+14
------------------------------------------------
# value = 
0.69739 0.53381 0.732337 0.510267 0.89018 0.618004 0.331318 0.387178 0.68795 0.139767 
# fitness = 
0.998349 8.58896 
# rank = 
10
# crowd_dist = 
0.117848
------------------------------------------------
# value = 
0.223374 0.0633265 0.43436 0.958457 0.554949 0.209706 0.40114 0.14156 0.684455 0.651882 
# fitness = 
0.81422 8.31492 
# rank = 
3
# crowd_dist = 
0.282764
------------------------------------------------
# value = 
0.323158 0.685449 0.655208 0.492679 0.54251 0.00951429 0.565531 0.258875 0.133099 0.0704232 
# fitness = 
0.999987 7.93875 
# rank = 
5
# crowd_dist = 
1e+14
------------------------------------------------
# value = 
0.45885 0.83049 0.604233 0.191188 0.340756 0.494413 0.809192 0.672074 0.881591 0.497141 
# fitness = 
0.9812 8.78363 
# rank = 
11
# crowd_dist = 
0.228576
------------------------------------------------
# value = 
0.811842 0.104965 0.560468 0.246202 0.0634217 0.115417 0.455907 0.464562 0.256976 0.140363 
# fitness = 
0.999854 7.33927 
# rank = 
1
# crowd_dist = 
1e+14
------------------------------------------------
# value = 
0.116444 0.580134 0.825812 0.771651 0.0728135 0.368321 0.781166 0.638345 0.627196 0.914265 
# fitness = 
0.820781 8.91113 
# rank = 
4
# crowd_dist = 
1e+14
------------------------------------------------
# value = 
0.708768 0.0860466 0.744754 0.313001 0.277234 0.0855107 0.807414 0.0864258 0.757585 0.689005 
# fitness = 
0.992294 8.1582 
# rank = 
6
# crowd_dist = 
0.0561724
------------------------------------------------
# value = 
0.583567 0.569427 0.793969 0.144034 0.815628 0.857391 0.259451 0.271536 0.321953 0.516427 
# fitness = 
0.903124 8.49396 
# rank = 
4
# crowd_dist = 
0.255862
------------------------------------------------
# value = 
0.411898 0.438397 0.0965618 0.23771 0.210048 0.169375 0.606031 0.991214 0.80772 0.233227 
# fitness = 
0.812103 8.17026 
# rank = 
2
# crowd_dist = 
0.412428
------------------------------------------------
# value = 
0.905478 0.516488 0.319274 0.650233 0.829489 0.596508 0.735744 0.636903 0.682934 0.493329 
# fitness = 
0.976631 8.83659 
# rank = 
10
# crowd_dist = 
0.258939
------------------------------------------------
# value = 
0.325907 0.266501 0.0627556 0.119877 0.410535 0.878384 0.977268 0.669986 0.14992 0.299221 
# fitness = 
0.999998 8.15032 
# rank = 
7
# crowd_dist = 
1e+14
------------------------------------------------
# value = 
0.186414 0.561818 0.737618 0.282975 0.799528 0.947666 0.452351 0.40556 0.938879 0.260071 
# fitness = 
0.998902 8.80413 
# rank = 
12
# crowd_dist = 
0.111272
------------------------------------------------
# value = 
0.638787 0.844358 0.776559 0.958061 0.494591 0.606048 0.554569 0.230334 0.24295 0.237503 
# fitness = 
0.998762 8.63457 
# rank = 
11
# crowd_dist = 
0.0863792
------------------------------------------------
# value = 
0.723663 0.568858 0.504004 0.786419 0.688734 0.914539 0.664803 0.666002 0.584525 0.814722 
# fitness = 
0.974435 9.09367 
# rank = 
11
# crowd_dist = 
0.531962
------------------------------------------------
# value = 
0.965223 0.770939 0.376541 0.702841 0.0539143 0.176069 0.650507 0.506265 0.581628 0.589386 
# fitness = 
0.99892 8.41213 
# rank = 
9
# crowd_dist = 
0.196316
------------------------------------------------
# value = 
0.766336 0.220415 0.433744 0.542894 0.178476 0.928335 0.148942 0.733045 0.158669 0.391892 
# fitness = 
0.96507 8.11105 
# rank = 
4
# crowd_dist = 
0.19184
------------------------------------------------
# value = 
0.970548 0.882332 0.96075 0.474552 0.66875 0.649484 0.389091 0.333553 0.315487 0.973616 
# fitness = 
0.999558 8.8994 
# rank = 
13
# crowd_dist = 
0.915279
------------------------------------------------
# value = 
0.148275 0.28071 0.744555 0.524816 0.983551 0.798469 0.700885 0.634058 0.304734 0.282513 
# fitness = 
0.99915 8.75444 
# rank = 
12
# crowd_dist = 
0.197421
------------------------------------------------
# value = 
0.223444 0.0710702 0.502929 0.657188 0.613965 0.681405 0.585522 0.762907 0.41445 0.744191 
# fitness = 
0.813469 8.70775 
# rank = 
3
# crowd_dist = 
1e+14
------------------------------------------------
# value = 
0.154799 0.384999 0.626523 0.115549 0.859551 0.295274 0.765033 0.248642 0.628827 0.0805202 
# fitness = 
0.999936 8.23099 
# rank = 
8
# crowd_dist = 
0.0486514
------------------------------------------------
# value = 
0.222258 0.777102 0.36123 0.966813 0.301918 0.344781 0.765283 0.00280297 0.978839 0.0700171 
# fitness = 
0.826181 8.51743 
# rank = 
4
# crowd_dist = 
0.407421
------------------------------------------------
# value = 
0.285316 0.202283 0.141087 0.788245 0.85947 0.755052 0.46965 0.444993 0.517959 0.8841 
# fitness = 
0.924403 8.69719 
# rank = 
9
# crowd_dist = 
1e+14
------------------------------------------------
# value = 
0.189184 0.672758 0.269099 0.815707 0.788307 0.12865 0.110981 0.55334 0.377291 0.739808 
# fitness = 
0.997711 8.43304 
# rank = 
8
# crowd_dist = 
0.319593
------------------------------------------------
# value = 
0.63386 0.599549 0.51691 0.99509 0.566363 0.818828 0.339872 0.331645 0.821631 0.31871 
# fitness = 
0.996993 8.77543 
# rank = 
11
# crowd_dist = 
0.209139
------------------------------------------------
# value = 
0.401662 0.106947 0.520993 0.54275 0.895192 0.380463 0.297802 0.364842 0.825456 0.81576 
# fitness = 
0.842745 8.58923 
# rank = 
5
# crowd_dist = 
0.550335
------------------------------------------------
# value = 
0.248942 0.0146401 0.488518 0.518041 0.830347 0.276824 0.646691 0.941328 0.830164 0.0239819 
# fitness = 
0.631001 8.55124 
# rank = 
1
# crowd_dist = 
0.395108
------------------------------------------------
# value = 
0.681136 0.464025 0.623531 0.198045 0.459115 0.189894 0.016873 0.798986 0.521539 0.838504 
# fitness = 
0.999975 8.27965 
# rank = 
9
# crowd_dist = 
1e+14
------------------------------------------------
# value = 
0.117697 0.923202 0.94545 0.63869 0.465951 0.840642 0.0191529 0.763753 0.205484 0.844609 
# fitness = 
0.839391 8.93185 
# rank = 
5
# crowd_dist = 
1e+14
------------------------------------------------
# value = 
0.579513 0.454427 0.859249 0.0680306 0.972468 0.689596 0.344855 0.619159 0.630925 0.175019 
# fitness = 
0.903056 8.60289 
# rank = 
7
# crowd_dist = 
0.675561
------------------------------------------------
# value = 
0.643141 0.31206 0.639044 0.266672 0.510106 0.0981585 0.456566 0.526979 0.897145 0.978105 
# fitness = 
0.999524 8.52904 
# rank = 
11
# crowd_dist = 
1e+14
------------------------------------------------
# value = 
0.365482 0.0148416 0.901306 0.310933 0.653531 0.367257 0.151575 0.672684 0.13101 0.35706 
# fitness = 
0.992086 8.01662 
# rank = 
5
# crowd_dist = 
0.183538
------------------------------------------------
# value = 
0.517293 0.710523 0.811486 0.376542 0.778554 0.783954 0.0661387 0.123408 0.403113 0.697063 
# fitness = 
0.999864 8.55608 
# rank = 
12
# crowd_dist = 
0.174723
------------------------------------------------
# value = 
0.298428 0.0462534 0.00912391 0.937471 0.312925 0.51923 0.0356297 0.769491 0.0462086 0.932775 
# fitness = 
0.984152 8.04329 
# rank = 
4
# crowd_dist = 
0.116798
------------------------------------------------
# value = 
0.747596 0.411691 0.947616 0.648902 0.722624 0.601147 0.0161593 0.874199 0.273832 0.14717 
# fitness = 
0.950041 8.52301 
# rank = 
5
# crowd_dist = 
0.523766
------------------------------------------------
# value = 
0.231258 0.791125 0.857693 0.0427448 0.167667 0.636246 0.826699 0.233806 0.759655 0.229812 
# fitness = 
0.729501 8.52513 
# rank = 
2
# crowd_dist = 
0.443662
------------------------------------------------
# value = 
0.930869 0.0580824 0.276065 0.939993 0.995554 0.588991 0.459223 0.0311834 0.358481 0.505431 
# fitness = 
0.980573 8.33054 
# rank = 
6
# crowd_dist = 
0.623354
------------------------------------------------
# value = 
0.963958 0.106077 0.917122 0.911574 0.754979 0.639746 0.512722 0.771138 0.513945 0.786553 
# fitness = 
0.998698 8.9935 
# rank = 
13
# crowd_dist = 
1e+14
------------------------------------------------
