1.63782 15
2.75437e-05 17.0509
1.22499 15.0477
1.62093 15
1.35661 15
1.31976 15.0001
1.23869 15.0002
1.35661 15
0.386773 15.5913
0.40149 15.5707
1.2318 15.0002
1.31979 15.0001
1.22837 15.0139
0.809017 15.2153
0.220923 15.8634
0.0269211 16.5711
0.303092 15.714
0.794083 15.2222
0.726272 15.2658
0.994748 15.1216
0.00287195 16.878
0.691128 15.2923
0.865892 15.1818
0.171932 15.9805
0.854757 15.1876
0.31568 15.6905
0.97989 15.1278
0.64995 15.3212
0.668321 15.3091
0.635675 15.3319
0.00602522 16.8095
0.626441 15.3394
0.043614 16.4541
0.183404 15.9521
0.781482 15.2298
0.73632 15.2584
0.235255 15.8388
1.17831 15.0601
1.03185 15.109
0.0409807 16.4705
0.14301 16.0559
0.0214697 16.621
0.276123 15.7566
0.700715 15.2828
0.659538 15.3134
1.0776 15.0903
0.843355 15.1938
2.97239e-05 17.0206
0.205024 15.8975
0.154185 16.022
0.449252 15.5111
0.680431 15.2986
0.614247 15.3493
0.524483 15.4305
0.0339746 16.5303
0.678276 15.3014
0.516078 15.4406
0.166736 15.991
0.337185 15.658
0.954898 15.1391
0.621266 15.3436
1.22869 15.009
0.947036 15.143
0.00156748 16.9236
0.907546 15.1623
0.341324 15.6524
0.000863819 16.9564
0.282027 15.7461
0.0353394 16.5084
1.12879 15.074
1.03874 15.1043
0.0871722 16.2471
0.0395295 16.4899
1.08754 15.087
0.0177214 16.6545
1.12161 15.0761
0.441304 15.5209
0.319106 15.685
0.407215 15.5625
0.472622 15.487
0.252605 15.8078
1.13932 15.0705
1.18517 15.0581
0.567675 15.3907
0.000633692 16.9863
0.240279 15.8232
0.0504733 16.4147
0.356186 15.6299
0.186878 15.9398
0.710385 15.2761
0.941291 15.1448
0.210786 15.8852
0.210786 15.8852
0.547964 15.4108
0.22445 15.8589
1.19752 15.0558
0.201825 15.9065
0.247683 15.8089
0.0101315 16.744
0.757992 15.2449
0.849785 15.1905
0.147814 16.0397
0.159574 16.0159
0.816238 15.2096
0.0467873 16.4353
0.498961 15.4562
0.256326 15.7925
0.00736226 16.7856
0.377012 15.6007
0.129105 16.105
0.0965728 16.209
0.467387 15.4945
0.598097 15.3631
0.745209 15.2527
1.21293 15.051
1.22387 15.0479
0.913528 15.1578
0.0308095 16.5476
1.19221 15.0576
0.530546 15.4247
0.00425218 16.8536
1.09084 15.0859
0.114504 16.1419
0.512947 15.4426
0.998895 15.1206
0.149481 16.0355
1.05304 15.0992
1.16858 15.0628
0.119411 16.1288
0.242362 15.8192
0.457796 15.5007
0.82397 15.2046
0.83587 15.1979
0.603512 15.3581
0.0129407 16.7225
0.330588 15.6674
0.000826822 16.9593
0.0715863 16.3082
0.490667 15.4658
0.436402 15.5263
0.900405 15.1644
1.00606 15.1177
0.536937 15.4191
0.347068 15.6428
0.82397 15.2046
0.262523 15.7817
0.00247372 16.9009
0.593755 15.3665
0.446913 15.5153
0.177215 15.965
0.572022 15.3864
0.293379 15.729
0.429968 15.5345
0.306817 15.7046
0.972685 15.1311
1.14958 15.0675
0.83587 15.1979
1.14938 15.0681
0.0501864 16.433
0.740454 15.2559
0.351077 15.6371
0.362027 15.6274
8.6062e-05 17.0099
0.197188 15.9146
0.0901735 16.2356
0.561161 15.3956
1.11542 15.078
0.13906 16.065
0.560104 15.3992
1.06174 15.0969
0.968437 15.1335
0.479196 15.4783
0.0124581 16.7364
0.0235827 16.6001
0.418087 15.5476
0.00463031 16.8496
0.228809 15.8465
1.23057 15.0008
0.542968 15.4132
0.129767 16.0937
0.0378882 16.5011
1.10704 15.081
0.77572 15.2332
1.04422 15.1025
0.918144 15.1561
1.09977 15.085
0.0778573 16.2846
1.01033 15.1153
0.662727 15.3108
0.765757 15.2417
0.373929 15.6049
0.268341 15.7814
0.711859 15.2751
0.499937 15.4552
0.0132683 16.7053
0.0699031 16.3155
0.024519 16.5918
0.933759 15.1496
0.259136 15.7898
0.109013 16.1671
0.000266604 16.9938
0.640959 15.3275
0.960926 15.137
0.476938 15.4816
0.306817 15.7046
0.00780874 16.7801
0.0581638 16.3753
0.177215 15.965
0.425009 15.5405
0.0558759 16.3846
1.62894 15
0.121767 16.1185
0.0838702 16.2595
0.0639538 16.3441
0.162385 16.0002
0.719188 15.2703
0.0636882 16.3454
1.01847 15.1123
0.423119 15.5424
0.432645 15.5303
0.812913 15.211
0.934757 15.1478
0.116658 16.1389
0.0533926 16.4038
0.364948 15.6182
1.15975 15.0651
0.0928443 16.2195
0.922674 15.154
0.718626 15.2706
0.464024 15.4986
0.60888 15.3537
0.105569 16.1724
0.578064 15.3804
1.07285 15.0931
0.00875263 16.7638
0.485123 15.4746
0.133078 16.0868
1.15975 15.0651
0.0824403 16.2617
0.229869 15.8445
0.0314361 16.5413
0.506484 15.4487
0.0674184 16.3289
0.00524634 16.829
1.21205 15.0518
0.963415 15.1353
0.695518 15.2865
0.92636 15.1525
0.0161042 16.6717
0.161256 16.003
0.41109 15.5575
0.588822 15.3714
0.329257 15.67
0.897082 15.1667
0.553166 15.403
0.285873 15.7397
0.644715 15.3246
0.0197982 16.6362
1.0695 15.0932
0.97799 15.1287
0.76215 15.2429
0.886401 15.1712
0.552914 15.4031
0.539531 15.4168
0.527774 15.4285
0.190133 15.9316
0.104719 16.1809
0.0168882 16.6669
0.790926 15.225
0.0159431 16.6869
0.750805 15.2492
0.271525 15.7646
0.0607972 16.3616
0.074584 16.2944
0.3697 15.6111
0.325077 15.6761
0.00215184 16.9058
0.582704 15.3762
1.20479 15.0534
0.1922 15.9309
0.110051 16.1568
0.0984903 16.1985
0.00524634 16.829
0.891145 15.1691
0.872525 15.1789
0.871433 15.1794
0.772871 15.2349
0.750805 15.2492
0.41109 15.5575
0.00166446 16.9192
0.099607 16.1955
1.20479 15.0534
0.0592818 16.3668
0.0159431 16.6869
0.325077 15.6761
0.790926 15.225
0.0197982 16.6362
0.124601 16.1154
0.0676592 16.3259
0.194397 15.9211
