0.999997 0.00230939
0.280775 0.923114
0.491817 0.759863
0.609084 0.631033
0.471969 0.779275
0.708457 0.500844
0.759955 0.424646
0.293858 0.915176
0.687193 0.529638
0.512952 0.739323
0.766297 0.414999
0.947006 0.106664
0.596235 0.647136
0.887742 0.215343
0.55097 0.698357
0.789925 0.378546
0.484376 0.767108
0.897649 0.196533
0.399734 0.84194
0.621639 0.616288
0.80017 0.362168
0.428322 0.818814
0.526134 0.725461
0.39211 0.847884
0.412774 0.831924
0.876098 0.235652
0.380967 0.856947
0.747459 0.443731
0.459681 0.791017
0.735034 0.461913
0.882538 0.224537
0.695688 0.518474
0.84242 0.293162
0.728581 0.471552
0.83646 0.302553
0.329984 0.892671
0.310558 0.905807
0.363434 0.869525
0.917568 0.161571
0.860678 0.261741
0.7156 0.490685
0.777544 0.398342
0.941223 0.117455
0.675975 0.545254
0.525244 0.726394
0.799953 0.362515
0.322604 0.897299
0.513297 0.738527
0.566265 0.681145
0.820894 0.329472
0.813827 0.339925
0.82351 0.324194
0.9044 0.185303
0.590119 0.654124
0.634957 0.5994
0.581809 0.663517
0.561815 0.68694
0.343332 0.884426
0.282597 0.921696
0.643717 0.588229
0.975787 0.0516615
0.923213 0.150228
0.667918 0.555858
0.31144 0.905259
0.722853 0.479749
0.969605 0.0628645
0.955962 0.0888282
0.829777 0.313982
0.813827 0.339925
0.962976 0.0753665
0.653337 0.575773
0.695292 0.518977
0.343332 0.884426
0.353966 0.876712
0.642598 0.589268
0.931849 0.134266
0.925031 0.146803
0.541958 0.708064
0.373783 0.862239
0.418632 0.827064
0.968527 0.0656391
0.573649 0.67353
0.675975 0.545254
0.63279 0.602453
0.437042 0.810661
0.741827 0.452684
0.446758 0.802757
0.541958 0.708064
0.720002 0.484327
0.852553 0.276226
0.585693 0.65972
0.86977 0.246633
0.863439 0.257069
0.784034 0.388405
0.991901 0.0189233
0.353966 0.876712
0.901596 0.190478
0.437042 0.810661
0.955962 0.0888282
0.869586 0.246951
