0.280775 0.922913
1 0.00194569
0.766531 0.415371
0.552688 0.696909
0.706667 0.502561
0.714457 0.491931
0.40728 0.835544
0.831631 0.311511
0.726425 0.474412
0.694358 0.519835
0.571806 0.675352
0.8168 0.335769
0.594049 0.649697
0.383038 0.854585
0.541048 0.709651
0.422488 0.82338
0.824093 0.324082
0.925321 0.146108
0.514912 0.737198
0.355034 0.876105
0.87842 0.231028
0.776033 0.40073
0.612321 0.627477
0.96199 0.0769216
0.885198 0.219794
0.660291 0.566342
0.796191 0.36896
0.652294 0.577106
0.808264 0.349616
0.345603 0.882238
0.67044 0.552732
0.336157 0.889007
0.428055 0.818652
0.871469 0.242971
0.68966 0.527102
0.452431 0.797564
0.756425 0.43058
0.399941 0.842269
0.856291 0.269629
0.91515 0.165881
0.839936 0.296956
0.862131 0.259728
0.891337 0.20849
0.904337 0.18565
0.989467 0.0233431
0.473514 0.777914
0.563297 0.684291
0.62164 0.615227
0.789624 0.37927
0.937425 0.124236
0.86664 0.251759
0.631802 0.603418
0.940578 0.117666
0.294092 0.91527
0.746122 0.44604
0.949601 0.1014
0.946578 0.107298
0.967765 0.0670097
0.780125 0.393346
0.301576 0.910527
0.439539 0.808476
0.378153 0.859187
0.480385 0.771577
0.32691 0.895153
0.913871 0.168216
0.455976 0.79435
0.785865 0.385591
0.308585 0.906348
0.68128 0.538884
0.90651 0.181692
0.850615 0.27892
0.439539 0.808476
0.525642 0.726057
0.931657 0.135039
0.623988 0.612432
0.2865 0.919792
0.68128 0.538884
0.366429 0.867266
0.585049 0.660289
0.997037 0.00929542
0.603429 0.638084
0.490472 0.761554
0.315423 0.902426
0.802616 0.357793
0.643772 0.588039
0.606327 0.634889
0.369887 0.865159
0.731311 0.467007
0.95538 0.0902325
0.978731 0.0455284
0.985482 0.0320194
0.645447 0.585098
0.490472 0.761554
0.895028 0.201325
0.464251 0.786092
0.739417 0.455129
0.734425 0.462741
0.564904 0.68251
0.52819 0.723018
0.895028 0.201325
