# population = 0
# alpha = 
0.05057740.9916680.9907030.987568-0.06894620.9875530.9907180.989361-0.6663070.9915980.9901670.990145-0.00715334-0.1431180.237393 0.991672-0.2359420.9916490.9865640.9865340.9901670.2083350.990740.990790.9893770.990767-0.4876-0.01096470.0334940.99074 0.9916720.99166-0.8568430.9916140.9916240.987657-0.689109-0.0182591-0.08777210.9865640.6677520.007253530.9916420.03051780.987639 0.9907180.9876520.99019-0.09418930.99075-0.03859060.01333730.9907990.0359734-0.01612350.987635-0.0201771-0.01143820.9907670.986573 0.9907110.9865110.9893210.03351050.48840.03047540.9865510.9865770.990764-0.3561760.6022840.987657-0.368511-0.2645590.0764103 0.9876840.9893250.6605670.9916420.9907140.9907330.9901970.987652-0.0925916-0.01685630.991614-0.8911740.863158-0.0165240.990142 0.1578030.9893210.9916460.9876750.03782360.05948510.897166-0.08586760.9876390.991614-0.07498150.9907470.9916110.9865640.990151 0.9907110.03571540.9876520.9907540.990750.03465520.9893450.9865850.9876270.990784-0.04087810.991646-0.03944970.9916310.987684 0.9876750.986520.9907290.9907610.99074-0.8254380.9900780.990777-0.01454860.9916180.990750.9916240.285262-0.03967410.991614 0.991668-0.4470840.9916530.3611280.9916420.990170.9907570.9907430.986568-0.2236770.9907250.09083240.03428640.9907670.990761 
# beta = 
0.8415150.0159184-0.04656190.01612230.8533120.0165857-0.04608240.04387130.4743930.0181446-0.0182873-0.01897690.7768250.7981930.807064 0.01579760.8442010.0165083-0.0479939-0.0489591-0.01828730.764191-0.045391-0.04379940.0433768-0.04451870.6304890.7723330.813826-0.045391 0.01579760.01615720.012570.01762060.01729610.01329390.5223270.8330240.76565-0.04799390.4966510.7807940.01673790.7504590.0138454 -0.04608240.0134334-0.01755850.82771-0.04505740.7923220.817216-0.04350310.7885360.7560010.01398050.8810750.795043-0.0445187-0.0477278 -0.0463203-0.04968190.0451410.7638170.7081720.827482-0.048401-0.0475963-0.04462480.706596-0.7721170.01329390.7189720.7593290.802495 0.01243330.04503050.5751640.0167379-0.0462009-0.0456179-0.01734270.01343340.8058510.7554770.01762060.009216740.01611420.754022-0.0190724 0.875330.0451410.01662360.01272470.7794170.8208850.04724970.7683490.01384540.01762060.799065-0.04516780.0177271-0.0479939-0.0187838 -0.04632030.8062670.0134334-0.044948-0.04505740.8154390.0443857-0.04733650.0142477-0.04400090.7996390.01662360.8371550.01707540.0124333 0.0127247-0.0493893-0.0457326-0.0447317-0.0453910.3386860.0117194-0.04420560.7612580.0175133-0.04505740.01729610.7519280.7747860.0176206 0.01591840.6617340.01639220.7921670.0167379-0.0181856-0.0448394-0.045279-0.04786030.789967-0.04584830.7846470.825594-0.0445187-0.0447317 
# gene = 
100000000000100 000000000000010 000000010011010 000001100100100 000111000000100 000000000100010 000010000000000 000001000010100 000000001000010 000000000001000 
# value = 
0.500137 6.1037e-05 0.00469985 0.0245369 0.1095 0.00103763 0.031251 0.0162358 0.00201422 0.000244148 
# fitness = 
1 4.20291 
# rank = 
1
# crowd_dist = 
1e+14
------------------------------------------------
# population = 1
# alpha = 
0.03303090.9907070.990010.007500610.990707-0.0176230.988309-0.01805820.9916080.4867680.9848910.8384160.9916210.9916460.872214 0.9916680.9916720.9907250.9052170.9916280.991614-0.460680.990747-0.8333870.5354980.4696750.03568180.9916420.02158870.990733 0.9916640.990714-0.1703020.03388060.9907540.006892330.991649-0.3109350.99074-0.531158-0.5713870.4397370.9907330.9916350.294466 0.990707-0.8827170.9916490.9900480.9907470.01839560.9916210.03500470.9907220.9916490.03646030.01809470.991624-0.8406180.445107 0.9907220.9916720.991664-0.8821660.9907360.0085935-0.4400050.1537510.03225560.989955-0.2911820.991621-0.0219116-0.0219415-0.85589 0.9907180.9907360.990750.990530.9916640.9907470.9916460.5101080.9907610.9907540.01296160.0121270.9907670.991642-0.303235 0.9916680.990410.9907180.991664-0.0307071-0.0282224-0.8772240.9907160.991638-0.02167570.991631-0.2633820.009067930.9916310.048352 0.1370120.9916640.532785-0.105975-0.01144190.9916490.7051030.3799840.9916240.008802840.990750.9907330.00577250.9907670.990729 0.01152520.9907220.990733-0.001621740.2540580.9907360.991638-0.0199050.9916280.3334410.991621-0.0356912-0.01769880.9907470.00663585 0.990707-0.1151840.9916680.9916460.9916350.00841111-0.04620790.991631-0.0193398-0.01519990.9907470.9916280.867217-0.563601-0.398222 
# beta = 
0.798674-0.04644060.04556790.866356-0.04644060.8463830.005774920.7592440.01783270.6322320.03218790.06832870.01740510.0166236-0.0172261 0.01591840.0157976-0.0458483-0.01493970.01718620.01762060.684069-0.04516780.01201250.6055750.6158630.7883390.01673790.787976-0.0456179 0.0160382-0.04620090.7952810.830558-0.0449480.7915110.01650830.744479-0.0453910.5993830.5679410.663916-0.04561790.01696380.703901 -0.0464406-0.0165420.01650830.041583-0.04516780.7985640.01740510.824507-0.04596490.01650830.7974170.8005690.01729610.2141470.670137 -0.04596490.01579760.01603820.0380809-0.0455040.8418960.6982130.7920690.76395-0.04700510.7485750.01740510.8085690.7957770.0187007 -0.0460824-0.045504-0.04505740.04550580.0160382-0.04516780.01662360.58566-0.0447317-0.0449480.7748090.790655-0.04451870.01673790.741362 0.0159184-0.0478613-0.04608240.01603820.811880.8156160.03901630.0138050.01685130.8201230.01707540.7686060.7927990.01707540.786817 0.791240.01603820.6105470.7994320.8170750.01650830.455610.7128390.01729610.809703-0.0450574-0.04561790.812741-0.0445187-0.0457326 0.863068-0.0459649-0.04561790.8407230.740052-0.0455040.01685130.80490.01718620.7304830.01740510.8054440.788912-0.04516780.799474 -0.04644060.8280050.01591840.01662360.01696380.7995820.8202540.01707540.7851570.807427-0.04516780.01718620.01543210.5606350.675579 
# gene = 
000101010000000 000000000001010 000101000000000 000001010011000 000001011000110 000000000011001 000011000100101 000110000100100 000100010001101 000001101100000 
# value = 
0.0820338 0.000305185 0.0781274 0.0202643 0.0216681 0.000762963 0.0480056 0.0948515 0.066805 0.026368 
# fitness = 
0.28103 5.00121 
# rank = 
1
# crowd_dist = 
0.116556
------------------------------------------------
# population = 2
# alpha = 
-0.496360.9776390.9916750.006141040.990703-0.5489520.9888550.1580840.9903640.8498370.990725-0.01524920.9907570.9916350.36487 0.9916680.9916640.991646-0.01633110.9916310.9916310.02357180.990750.3016590.02252280.0252684-0.006127090.9907250.3513580.990736 0.9907140.9916530.2399460.3879220.991628-0.04106080.991653-0.04006360.9907470.1626750.01031020.008071840.9907250.990729-0.160465 0.991668-0.6953990.9907290.9907540.990743-0.4238120.991642-0.04455280.9907360.991653-0.171935-0.01649990.9907640.475523-0.0155139 0.9907110.9916640.990718-0.2632220.991642-0.01728610.1099770.008755680.3495160.988960.04762570.9916240.1667670.04414350.0115969 0.9878360.990740.9907430.991660.9916720.9916530.99166-0.3105620.9907470.99075-0.0408485-0.02699590.9916180.9916420.00860082 0.9916720.9916570.9907180.9907110.03910260.01210680.1159930.9907250.990389-0.419310.991635-0.1706920.4748160.990750.307202 0.3355190.991649-0.4440550.3015240.6804550.9907360.00826101-0.5684180.9900480.009543240.9907540.990722-0.3487830.9916140.99166 -0.06763620.9916490.991657-0.730475-0.04060450.989160.991635-0.01626820.990750.00913410.990761-0.266577-0.01767450.990754-0.0148149 0.991672-0.3329390.9916530.9916420.9907430.659089-0.4870880.9916240.03961720.009615570.9916280.991621-0.00731644-0.117025-0.00347493 
# beta = 
0.7354070.06595760.01567580.868079-0.04656190.61989-0.05054790.7661980.01213870.00708934-0.04584830.812438-0.04483940.01696380.736966 0.01591840.01603820.01662360.7989370.01707540.01707540.82481-0.04505740.7244740.7780350.8129560.81755-0.04584830.713156-0.045504 -0.04620090.01639220.7841750.675710.01718620.8236780.01639220.804668-0.04516780.7937040.7966710.812048-0.0458483-0.04573260.795233 0.01591840.463788-0.0457326-0.044948-0.0452790.6713910.01673790.816737-0.0455040.01639220.8074210.807017-0.04462480.658460.840994 -0.04632030.0160382-0.04608240.7616280.01673790.8326570.792160.7544490.7138660.04172290.8043420.01729610.8106690.8162760.783793 0.0416974-0.045391-0.0452790.01615720.01579760.01639220.01615720.733039-0.0451678-0.04505740.7829390.7938550.01751330.01673790.81171 0.01579760.0162751-0.0460824-0.04632030.7877380.8018540.791625-0.0458483-0.04635460.710890.01696380.7956910.619015-0.04505740.736775 0.6758750.01650830.6626480.7343720.471557-0.0455040.7781170.561511-0.01991880.804892-0.044948-0.04596490.7407620.01762060.0161572 0.8277050.01650830.01627510.4408190.801052-0.05089520.01696380.816892-0.04505740.791548-0.04473170.781790.819015-0.0449480.786662 0.01579760.8194410.01639220.0167379-0.0452790.5030060.6846350.01729610.7911360.8131150.01718620.01740510.8047150.8074690.816969 
# gene = 
000100000001000 000100100111000 000001010011000 000000010001001 000001010010011 000000000011001 000011000000000 000000100100000 000010010100101 000000001100111 
# value = 
0.0627461 0.0720237 0.0202643 0.00418104 0.0201117 0.000762963 0.0468764 0.00878933 0.0362865 0.00314341 
# fitness = 
0.5106 4.47011 
# rank = 
1
# crowd_dist = 
0.212069
------------------------------------------------
# population = 3
# alpha = 
0.4274470.9907110.988723-0.01994860.991672-0.6315010.991660.009059060.991595-0.0148623-0.02277140.009859280.990780.991621-0.0408002 0.9907110.9907110.9907330.874290.9907570.9907740.007418850.990767-0.016045-0.0413646-0.116301-0.8533510.991646-0.04005030.99074 0.9916530.9916350.184555-0.8632730.9916180.8567650.9916420.906830.991631-0.857928-0.03994570.8756490.9916460.991642-0.0148034 0.990711-0.07960940.990740.9585540.9916350.9062360.9916210.3880980.9907250.991635-0.01513950.4836630.9916080.160504-0.0172335 0.9907180.9916680.990718-0.04051820.9907290.385059-0.09109550.00898403-0.0395264-0.0495150.006051030.9916310.008124880.00740643-0.499235 0.991660.9916420.9916350.9905540.9916460.9916420.990722-0.0005928630.9907670.99075-0.01529010.2587080.9916110.9907330.260853 0.9916720.9907180.9916380.990740.688714-0.0418660.009789460.9896370.991631-0.0172810.9916420.00825238-0.02445620.990754-0.44038 0.3559350.9916570.854507-0.01736750.5806760.9907470.7586060.5551650.991635-0.01408530.9907570.9916350.008587880.9916110.991646 0.3069420.9916420.991657-0.01556450.5120510.990740.9907610.008654940.990747-0.2109610.9907740.00849080.8646830.991601-0.0170763 0.971041-0.6124190.9907360.9916420.9916210.1827530.186120.990754-0.843126-0.01574680.9916420.990767-0.851689-0.4798140.00726755 
# beta = 
0.795843-0.04632030.07809770.8601790.01579760.5483270.01615720.7459190.0182470.8221590.8057640.819194-0.04410280.01740510.76451 -0.0463203-0.0463203-0.04561790.0437484-0.0448394-0.04430910.813325-0.04451870.7735580.7685670.790470.03696720.01662360.783006-0.045391 0.01639220.01696380.777427-0.04512560.01751330.1825210.0167379-0.04042410.01707540.0373820.7579170.01794560.01662360.01673790.765454 -0.04632030.788485-0.045391-0.05325820.0169638-0.04005970.01740510.730591-0.04584830.01696380.8027120.7227330.01783270.7911470.806575 -0.04608240.0159184-0.04608240.780805-0.04573260.7223520.7834870.7802420.7796540.8002190.7712380.01707540.7997910.7899210.602621 0.01615720.01673790.01696380.0447330.01662360.0167379-0.04596490.787463-0.0445187-0.04505740.7705710.7543920.0177271-0.04561790.75923 0.0157976-0.04608240.0168513-0.0453910.5287590.8231370.745959-0.04809110.01707540.7969660.01673790.7720920.779921-0.0449480.650687 0.7813340.01627510.1789320.8060020.514435-0.04516780.4096630.5578650.01696380.783646-0.04483940.01696380.7940530.01772710.0166236 0.80670.01673790.01627510.7819460.585784-0.045391-0.04473170.781528-0.04516780.755836-0.04430910.777321-0.03604850.01804150.778898 0.2025070.60502-0.0455040.01673790.01740510.7695610.787381-0.0449480.03795640.8074150.0167379-0.04451870.1190530.6204460.785504 
# gene = 
000100010111001 000000101100010 000000000010001 000000000011001 000100011110110 000000010010000 000001100101100 000100000100100 000100010001001 000000000100001 
# value = 
0.0681478 0.0108036 0.000518815 0.000762963 0.0700095 0.00439467 0.024781 0.0636006 0.0666829 0.00100711 
# fitness = 
0.406562 4.61102 
# rank = 
1
# crowd_dist = 
0.222945
------------------------------------------------
# population = 4
# alpha = 
0.9818410.9875960.990722-0.01685630.990711-0.006861880.9853040.973165-0.009460460.01323670.991624-0.0188135-0.00226781-0.03821360.985344 0.9907140.035920.116802-0.004919880.8527550.04355260.7790470.03391830.7722860.9907010.982116-0.7830860.015840.848030.988638 -0.4316580.009513820.2595040.00942436-0.1668180.985573-0.10293-0.2553440.6967840.9907430.9843120.05047890.9801680.9916460.991618 0.9884140.9888610.01099790.04552140.9916570.009503410.03650770.04250760.983219-0.0368509-0.050950.984028-0.4210520.172581-0.0102063 0.3437680.01636970.990725-0.3840590.9876540.9916040.990733-0.03208770.8576220.9916310.9912840.9852480.8804140.960028-0.0331605 -0.0700624-0.1442340.985312-0.007383940.03127820.9916460.9853070.990761-0.04853130.9916490.5619190.985337-0.02003220.9916380.368607 0.9907110.9916570.0323988-0.03542570.9916280.01437680.9895410.9842330.04489050.981960.9800550.9807590.990761-0.148535-0.0122168 0.9832680.01239910.857921-0.0384402-0.00615316-0.009147340.9830770.01377730.1473160.9896930.981895-0.0141296-0.04601310.9637360.974552 0.991672-0.6289490.9876130.978945-0.01119350.03985050.006929260.990771-0.6214540.711065-0.02082570.9878570.8714560.00524882-0.0396075 -0.0825490.9858820.01217640.9840580.0297030.981890.9786460.8045420.9916240.04137410.985864-0.0428498-0.8421640.0426997-0.444066 
# beta = 
0.140457-0.0491454-0.04596490.86894-0.04632030.8749630.0410077-0.003697140.808910.8210220.01729610.8424770.7747340.7486160.0397466 -0.04620090.7729260.7966830.7982370.3666270.7777410.3287220.7990270.3194150.0447155-0.02466490.1864170.805232-0.0127844-0.0217887 0.6873660.7713180.7849990.8015380.7992880.03608430.8467460.7450120.47121-0.0452790.03300630.8166410.001110270.01662360.0175133 -0.04971-0.04906570.7651320.7964240.01627510.7864370.7743730.8254890.00981160.759620.80803-0.02736510.7171180.7990070.82837 0.8104480.798429-0.04584830.7253810.009027790.0179375-0.04561790.7960270.04457810.0170754-0.01825740.0408556-0.0448209-0.009760330.806078 0.8347310.81380.04077270.8091470.7749870.01662360.0409287-0.04473170.8185870.01650830.5701050.0399570.7884190.01685130.724798 -0.04632030.01627510.7830830.8356280.01718620.8057490.0139343-0.05136850.814306-0.0498132-0.0555982-0.00574985-0.04473170.8168270.799124 0.008259060.8475770.04296890.8337280.8289440.7789170.03503670.7964420.815274-0.0463137-0.05186150.811277-0.909789-0.03980670.0299384 0.01579760.587471-0.04858260.03194150.7881470.8541930.84835-0.04441350.6206540.5436570.80144-0.02256750.01210350.8134770.85278 0.896226-0.02073160.793179-0.02514730.747257-0.0520279-0.05552450.2841630.01729610.83036-0.02128260.7900870.204370.8197780.658565 
# gene = 
000101001101110 000101010000000 010100000001000 001101110110001 000000010000001 000110001000100 001101000000001 000111010000100 000010100010011 001010000101010 
# value = 
0.0814844 0.0820338 0.312754 0.216346 0.00393689 0.0958281 0.203162 0.113407 0.0396435 0.157537 
# fitness = 
0.280776 6.454 
# rank = 
1
# crowd_dist = 
0.270231
------------------------------------------------
# population = 5
# alpha = 
0.9907070.98760.99166-0.01569080.9916490.01835880.9859370.9852140.01555380.01292640.9916280.01189370.01026810.9040290.0287955 0.00122961-0.0161567-0.009108850.01163270.9629020.9383230.66610.9819-0.4901640.9907610.528678-0.01444-0.015094-0.0395846-0.00870054 0.0346073-0.01689190.2132390.0113960.01169550.9746330.00869235-0.01354640.01730670.9907540.985897-0.8565970.9838950.9916490.991621 0.9563520.990722-0.01522450.600340.9568850.0107292-0.819306-0.7063550.0217610.1092920.9821080.03285350.00866909-0.0147632-0.00161449 0.06621190.1788610.991657-0.3630850.9903740.002977540.991635-0.6422770.05156480.9907360.9834930.985250.894931-0.032521-0.900738 -0.226940.00737593-0.0276158-0.007979960.991660.9916530.9853070.990764-0.435790.990718-0.6227560.9782760.01128040.991642-0.668027 0.971041-0.0225043-0.1105180.8887920.9864520.01398050.9916310.985872-0.01570840.9819360.9818680.9907670.99074-0.01006260.0133109 -0.002593110.9640510.00853791-0.542605-0.01902570.009714960.989541-0.007050960.008989670.9916080.0147654-0.1221580.9916110.01166590.967394 0.991672-0.01050410.9887330.9840.01222290.1743440.000121540.05213320.01055650.01509640.01882780.9902240.0226680.01259740.985909 -0.0485740.9684940.01288280.9871980.1389850.9831990.987537-0.005610330.02481270.963154-0.005022190.967572-0.471751-0.7456950.0362936 
# beta = 
-0.0464406-0.0490030.01615720.8587610.01650830.86594-0.02090130.01108740.8016210.8111910.01718620.8300670.772187-0.04003940.844757 0.8275460.7969480.7487160.7915830.05321130.04612660.47803-0.05169630.680379-0.04473170.6286640.77950.8234820.8032610.863954 0.7819610.7435670.7977050.8239840.791664-0.009277420.8144590.7933630.765864-0.044948-0.02699020.01426130.03801180.01650830.0174051 0.264-0.04596490.7478890.6190220.01516440.7926710.4101860.4093010.7568120.782116-0.02490470.8299440.7502560.7855770.86544 0.8258070.8752640.01627510.7192050.01347660.8504770.01696380.4671520.823999-0.0455040.005463950.0407778-0.04155630.7929030.0102079 0.81680.8106450.8798380.7402680.01615720.01639220.0409287-0.04462480.738802-0.04608240.468433-0.05638930.7904410.01673790.478752 0.2025070.8129010.8104480.3583950.007617210.8363590.0170754-0.02105020.831513-0.0505762-0.052707-0.0445187-0.0453910.7878930.794985 0.7540690.08636610.7768340.5964250.791640.789870.01393430.7998510.7862850.01783270.8183690.8317180.01772710.7895070.0559539 0.01579760.7441340.0130346-0.05090580.7874190.8620770.8065570.8323750.7688270.820630.7861170.04364480.8377070.794766-0.0218125 0.865940.1232470.7551040.04184810.8005580.010467-0.02038040.7984930.791159-0.03474840.763481-0.004633430.6522580.3463620.793139 
# gene = 
000101001101101 001100000001010 010110011000000 001001001001111 000001001000010 011100000000100 010001000000011 101011011010010 010010111110110 001000011010001 
# value = 
0.0814539 0.187811 0.34962 0.14304 0.0176397 0.437635 0.265725 0.678304 0.296579 0.131382 
# fitness = 
0.280775 7.52841 
# rank = 
1
# crowd_dist = 
1e+14
------------------------------------------------
# population = 6
# alpha = 
0.294070.9818410.9472320.007671430.9916680.009985690.986025-0.01548770.9907570.01530790.9849680.009291110.9916210.9907330.873865 0.9916680.991660.9916460.04674940.9916310.9916240.006967190.991628-0.0147823-0.369215-0.03992370.03527930.990725-0.659290.990733 0.9907110.990718-0.796345-0.6116220.990754-0.04094240.991649-0.0399670.990736-0.0153587-0.4330240.03244210.9916490.9916420.00797389 0.988723-0.7802650.9907290.9907140.9916350.5571450.99074-0.860110.991660.991649-0.673509-0.7405050.9907470.353970.00721849 0.991660.9907110.990714-0.8798390.991642-0.0438268-0.198339-0.6996760.6732480.9909650.01479870.9907430.634621-0.021154-0.030081 0.9916640.9907330.9907430.9905230.9907110.9907430.990729-0.004475950.9916280.991621-0.0143308-0.03903670.9907540.991631-0.0415511 0.9907030.9914570.9907250.9916640.6431780.675377-0.8768430.9907210.9916420.00765060.9916380.4572760.009324330.991635-0.687784 0.1326160.991657-0.172045-0.01777470.009575630.991653-0.034256-0.01466230.9907360.7373260.9916210.990733-0.5467220.9907570.990722 -0.04226740.9907250.990722-0.004665130.03423150.9916420.9907430.009238130.991628-0.408850.991624-0.65490.8311570.9916310.714889 0.990703-0.6228430.9907140.9916460.991635-0.01619360.008138010.991638-0.03914270.01036190.9907360.9916240.8246640.03605380.0176527 
# beta = 
0.7730330.1404570.2930.8766730.01591840.843990.06756320.766066-0.04483940.803772-0.0297320.8289550.0174051-0.0456179-0.0402685 0.01591840.01615720.01662360.8028120.01707540.01729610.8117460.01718620.776960.7277480.772270.788364-0.04584830.438237-0.0456179 -0.0463203-0.04608240.2699380.528119-0.0449480.8113520.01650830.806259-0.0455040.7655360.6925330.7978430.01650830.01673790.758871 0.07809770.417028-0.0457326-0.02045610.01696380.558416-0.045391-0.04564190.01615720.01650830.4469180.305814-0.04516780.7524320.804336 0.0161572-0.0463203-0.0462009-0.02078240.01673790.8358110.8117570.3720610.3942330.01493080.810278-0.0452790.5248860.8132770.808841 0.0160382-0.0456179-0.0452790.0457346-0.0463203-0.045279-0.04573260.7831430.01718620.01740510.7937410.799218-0.0449480.01707540.794765 -0.04656190.0146186-0.04584830.01603820.520050.4559780.01037350.01366770.01673790.8090080.01685130.685820.788110.01696380.395002 0.771360.01627510.8034750.8012390.8028110.01639220.7924340.783625-0.0455040.3408530.0174051-0.04561790.619958-0.0448394-0.0459649 0.851855-0.0458483-0.04596490.8302610.7910180.0167379-0.0452790.8082120.01718620.6997430.01729610.500155-0.01005770.01707540.346895 -0.04656190.616389-0.04620090.01662360.01696380.7812430.7937710.01685130.7628330.82932-0.0455040.01729610.1882630.802540.803208 
# gene = 
000101010101000 000100101011000 000001010101001 000000000000001 000001000010011 000000010011001 000000000100100 000110110000000 000110010000000 000001101100011 
# value = 
0.0832545 0.0730003 0.0207831 3.05185e-05 0.0162053 0.00466933 0.00109867 0.105472 0.0976592 0.0264595 
# fitness = 
0.283247 4.96732 
# rank = 
1
# crowd_dist = 
0.0165035
------------------------------------------------
# population = 7
# alpha = 
0.4759710.9818410.9472320.007671430.991668-0.04382330.9860250.419230.9907570.01497850.9849680.01007150.9916210.9907330.874672 0.9916680.991660.9916460.02214250.9916310.9916240.007476390.991628-0.0143627-0.01958510.00876472-0.01446330.990725-0.7089130.990733 0.9907110.990718-0.811723-0.03037530.9907540.6001580.9916490.2902190.990736-0.2126960.01076650.007740730.9916490.9916420.0572579 0.988723-0.7802650.9907290.9907140.9916350.09284210.99074-0.8601050.991660.991649-0.611825-0.7405050.9907470.528903-0.0178954 0.991660.9907110.990714-0.8798410.9916420.00892227-0.39281-0.09829110.7172570.990969-0.2647610.990743-0.03376070.498678-0.00469158 0.9916640.9907330.9907430.9905230.9907110.9907430.9907290.02025310.9916280.991621-0.474570.4788250.9907540.9916310.0088074 0.9907030.9914570.9907250.9916640.5334950.0145065-0.8685870.9907210.991642-0.04358960.991638-0.006463070.03412350.991635-0.180578 0.1326160.991657-0.222156-0.0429829-0.04075180.9916530.0154399-0.2648140.9907360.121080.9916210.990733-0.04357390.9907570.990722 -0.04226740.9907250.9907220.4208760.06135490.9916420.990743-0.01562870.991628-0.5322250.991624-0.7123040.830140.9916310.103455 0.990703-0.6603170.9907140.9916460.991635-0.04025640.03323480.991638-0.4796070.009797030.9907360.9916240.4525820.011460.0181559 
# beta = 
0.6642740.1404570.2930.8766730.01591840.8529870.06756320.629825-0.04483940.808568-0.02972230.8191740.0174051-0.04561790.0146308 0.01591840.01615720.01662360.8015010.01707540.01729610.8117360.01718620.7815840.8125120.7686780.793711-0.04584830.349038-0.0456179 -0.0463203-0.04608240.2184370.796279-0.0449480.5320270.01650830.763646-0.0455040.7550480.8125670.8055880.01650830.01673790.779641 0.07809770.417028-0.0457326-0.02045610.01696380.783991-0.045391-0.04578940.01615720.01650830.5316620.305814-0.04516780.6298590.797053 0.0161572-0.0463203-0.0462009-0.0207280.01673790.8418850.7248050.7952220.3039840.01480230.770893-0.0452790.8173360.618750.816556 0.0160382-0.0456179-0.0452790.0457346-0.0463203-0.045279-0.04573260.7805810.01718620.01740510.6128320.62309-0.0449480.01707540.800526 -0.04656190.0146186-0.04584830.01603820.6381840.8169960.1207060.01366770.01673790.8126850.01685130.8100550.7897680.01696380.760738 0.771360.01627510.787940.8026640.8018360.01639220.7977330.754996-0.0455040.8087380.0174051-0.04561790.832206-0.0448394-0.0459649 0.851855-0.0458483-0.04596490.7064680.8108330.0167379-0.0452790.7962280.01718620.6030180.01729610.4105290.04234220.01707540.79367 -0.04656190.573711-0.04620090.01662360.01696380.7780570.8002110.01685130.5776940.819563-0.0455040.01729610.6999290.8008880.803203 
# gene = 
000101000101000 000100101111000 000100000011000 000001000000001 000001010000101 000000010000001 000001000101101 000110100100100 000000010000001 000001100100111 
# value = 
0.0793481 0.0739769 0.0632344 0.015656 0.0196844 0.00393689 0.0169988 0.102664 0.00393689 0.0246284 
# fitness = 
0.284188 4.90605 
# rank = 
1
# crowd_dist = 
0.139298
------------------------------------------------
# population = 8
# alpha = 
-0.7848960.9798520.9378150.006645930.9907110.01068190.9888650.625869-0.0183062-0.03953810.991642-0.0156970.9916210.991624-0.0167786 0.9907140.9907140.9916570.006842980.9916210.991621-0.04367850.990757-0.03856140.81348-0.0428536-0.2092890.9907180.008744440.991631 0.9907220.9916640.00767517-0.1139580.991638-0.01704660.990729-0.03694850.9916350.0341156-0.3067430.3501290.9916460.9907290.625216 0.9916720.00964830.9907250.9907610.9907430.009463790.99075-0.8394230.9916570.991649-0.782494-0.2665130.9907640.0333456-0.120373 0.991660.9916640.9916530.1812860.990736-0.01646190.156337-0.209827-0.8980830.9896360.160710.990750.00863924-0.6343860.88978 0.988510.9907360.9907330.01077050.9907140.9907250.990725-0.03969770.9916310.991624-0.0134772-0.2667820.9907470.991635-0.829037 0.9907070.9907140.991660.991664-0.812052-0.1184380.03578610.9916490.991345-0.01736040.9916280.0340336-0.02210680.99075-0.776044 0.01024420.9907250.03613130.634201-0.01512820.99074-0.0378922-0.04218850.989343-0.01434240.9916180.990718-0.01598740.9916110.991646 -0.03511050.9916490.991660.834367-0.01492430.9903940.99074-0.01605770.9907570.16020.990761-0.2630410.007353580.9916240.0087819 0.991675-0.04002010.9907220.9916420.990743-0.0173074-0.9052820.991624-0.8115610.008080280.9907430.991611-0.7732990.06168590.775857 
# beta = 
0.3879180.004302020.3246910.847744-0.04632030.839082-0.05024290.5517730.8605120.7855760.01673790.7975440.01740510.01729610.797051 -0.0462009-0.04620090.01627510.7824140.01740510.01740510.812195-0.04483940.7858620.174180.7662150.774125-0.04608240.7808860.0170754 -0.04596490.01603820.7670690.7817470.01685130.814869-0.04573260.7861920.01696380.7771430.7179790.7133070.0166236-0.04573260.588661 0.01579760.783279-0.0458483-0.0447317-0.0452790.79561-0.04505740.008336520.01627510.01650830.3243380.757603-0.04462480.7961240.812401 0.01615720.01603820.01639220.760002-0.0455040.8163770.7669030.7494990.00617992-0.02024470.784835-0.04505740.7919350.5297460.0161193 -0.0202847-0.045504-0.04561790.894391-0.0462009-0.0458483-0.04584830.7715310.01707540.01729610.7751770.75749-0.04516780.01696380.0618637 -0.0464406-0.04620090.01615720.01603820.1121440.7954210.780630.01650830.0159840.8112690.01718620.8017330.812226-0.04505740.292497 0.813246-0.04584830.7792470.5643030.776911-0.0453910.771080.8086280.04233040.8072050.0175133-0.04608240.7884740.01772710.0166236 0.7390490.01650830.01615720.1772520.7853810.0117022-0.0453910.807274-0.04483940.771956-0.04473170.7545080.7851240.01729610.770613 0.01567580.735169-0.04596490.0167379-0.0452790.77815-0.0471830.01729610.06079140.792545-0.0452790.01772710.2649250.801780.330288 
# gene = 
000101001101001 000000101010010 001001010100000 000001000000010 000001000000110 000100010010000 000000000101100 001010110100100 000000010000101 010001000100000 
# value = 
0.0813318 0.0103153 0.145512 0.0156865 0.0158086 0.0668966 0.00134281 0.169073 0.00405896 0.26661 
# fitness = 
0.280787 5.73116 
# rank = 
1
# crowd_dist = 
0.218607
------------------------------------------------
# population = 9
# alpha = 
0.9879490.011617-0.08707110.9908140.991675-0.854538-0.01649250.991631-0.01522570.00845630.9916310.008418290.321760.991653-0.69689 0.9887230.9916640.990733-0.03941370.990750.0318086-0.04409150.990750.03570.9916280.9916010.9883890.9916420.9916010.99075 0.991660.9907140.876392-0.8888570.3124340.9916080.9916210.8805110.03338730.416750.990764-0.587591-0.01637990.9907470.990743 0.991668-0.847197-0.0157160.2741460.9907570.132845-0.01640110.009148480.9916490.991631-0.01442710.9916140.03313560.990777-0.0157315 0.9907220.9916640.9907140.9916140.990740.1344620.9916240.9907610.9916040.9907540.9916180.05835440.990799-0.0166108-0.0162757 -0.6664120.9916490.007813140.9907180.9916460.240550.9899290.9916210.03367350.9907570.991614-0.0157908-0.01805780.99074-0.0417078 0.9887230.9907110.9916570.9916460.990761-0.01570330.9916240.00281575-0.01492980.9907570.009466050.9907670.991624-0.0385980.991608 0.9907110.991660.990761-0.8829090.562131-0.1055320.9907640.0487162-0.01455460.6617060.9916210.9916380.0340708-0.01538080.99074 0.991660.990736-0.01428360.6341680.9916240.9907470.9916380.9916180.8217590.990771-0.09158730.08664670.03496680.99075-0.451429 -0.4004880.9916460.9916570.9916350.009798790.990764-0.888414-0.0177621-0.01530890.686378-0.01347340.9907640.03256590.9907710.991618 
# beta = 
0.07546530.7160660.776401-0.04302460.0156758-0.04487080.8304030.01707540.7996310.8091730.01707540.8002510.7712690.01639220.430692 0.07809770.0160382-0.04561790.797688-0.04505740.7931560.833871-0.04505740.7991160.01718620.0180415-0.05122240.01673790.0180415-0.0450574 0.0161572-0.04620090.128137-0.04536570.7411150.01783270.01740510.04243310.7516360.703369-0.04462480.546170.747521-0.0451678-0.045279 0.01591840.284940.7620310.80312-0.04483940.77150.7729250.8349780.01650830.01707540.8028750.01762060.773206-0.04420560.805272 -0.04596490.0160382-0.04620090.0176206-0.0453910.7851920.0172961-0.04473170.0179375-0.0449480.01751330.771911-0.04350310.77890.791845 0.5805970.01650830.755579-0.04608240.01662360.783212-0.04855610.01740510.781706-0.04483940.01762060.8005090.787548-0.0453910.796717 0.0780977-0.04632030.01627510.0166236-0.04473170.8053040.01729610.8095510.788822-0.04483940.754831-0.04451870.01729610.776580.0178327 -0.04632030.0161572-0.04473170.007922910.6029470.727288-0.04462480.8340560.7687510.4735260.01740510.01685130.7966170.77915-0.045391 0.0161572-0.0455040.8046650.5204390.0172961-0.04516780.01685130.01751330.311206-0.04441350.7969460.8002560.771025-0.04505740.654569 0.7987730.01662360.01627510.01696380.763711-0.04462480.03661270.7723350.7682690.4321350.74311-0.04462480.773962-0.04441350.0175133 
# gene = 
010000100001000 000000000000000 000000001100000 000000110010101 000000000000011 001000001001101 000001010010010 000000011100100 000000000000101 000010011010000 
# value = 
0.258065 0 0.00292978 0.01236 9.15555e-05 0.127354 0.0200812 0.00695822 0.000152593 0.0375988 
# fitness = 
0.667744 4.40819 
# rank = 
1
# crowd_dist = 
0.380402
------------------------------------------------
------------------------------------------------
------------------------------------------------
------------------------------------------------
------------------------------------------------
------------------------------------------------
------------------------------------------------
------------------------------------------------
------------------------------------------------
------------------------------------------------
------------------------------------------------
------------------------------------------------
------------------------------------------------
------------------------------------------------
------------------------------------------------
------------------------------------------------
------------------------------------------------
------------------------------------------------
------------------------------------------------
------------------------------------------------
------------------------------------------------
------------------------------------------------
------------------------------------------------
------------------------------------------------
------------------------------------------------
------------------------------------------------
------------------------------------------------
------------------------------------------------
------------------------------------------------
------------------------------------------------
------------------------------------------------
------------------------------------------------
------------------------------------------------
------------------------------------------------
------------------------------------------------
------------------------------------------------
------------------------------------------------
------------------------------------------------
------------------------------------------------
------------------------------------------------
------------------------------------------------
------------------------------------------------
------------------------------------------------
------------------------------------------------
------------------------------------------------
------------------------------------------------
------------------------------------------------
------------------------------------------------
------------------------------------------------
------------------------------------------------
------------------------------------------------
------------------------------------------------
------------------------------------------------
------------------------------------------------
------------------------------------------------
------------------------------------------------
------------------------------------------------
------------------------------------------------
------------------------------------------------
------------------------------------------------
------------------------------------------------
------------------------------------------------
------------------------------------------------
------------------------------------------------
------------------------------------------------
------------------------------------------------
------------------------------------------------
------------------------------------------------
------------------------------------------------
------------------------------------------------
------------------------------------------------
------------------------------------------------
------------------------------------------------
------------------------------------------------
------------------------------------------------
------------------------------------------------
------------------------------------------------
------------------------------------------------
------------------------------------------------
------------------------------------------------
------------------------------------------------
------------------------------------------------
------------------------------------------------
------------------------------------------------
------------------------------------------------
------------------------------------------------
------------------------------------------------
------------------------------------------------
------------------------------------------------
------------------------------------------------
------------------------------------------------
------------------------------------------------
------------------------------------------------
------------------------------------------------
------------------------------------------------
------------------------------------------------
------------------------------------------------
------------------------------------------------
------------------------------------------------
------------------------------------------------
------------------------------------------------
------------------------------------------------
------------------------------------------------
------------------------------------------------
------------------------------------------------
------------------------------------------------
------------------------------------------------
------------------------------------------------
------------------------------------------------
------------------------------------------------
------------------------------------------------
------------------------------------------------
------------------------------------------------
------------------------------------------------
------------------------------------------------
------------------------------------------------
------------------------------------------------
------------------------------------------------
------------------------------------------------
------------------------------------------------
------------------------------------------------
------------------------------------------------
------------------------------------------------
------------------------------------------------
------------------------------------------------
------------------------------------------------
------------------------------------------------
------------------------------------------------
------------------------------------------------
------------------------------------------------
------------------------------------------------
------------------------------------------------
------------------------------------------------
------------------------------------------------
------------------------------------------------
------------------------------------------------
------------------------------------------------
------------------------------------------------
------------------------------------------------
------------------------------------------------
------------------------------------------------
------------------------------------------------
------------------------------------------------
------------------------------------------------
------------------------------------------------
------------------------------------------------
------------------------------------------------
------------------------------------------------
------------------------------------------------
------------------------------------------------
------------------------------------------------
------------------------------------------------
------------------------------------------------
------------------------------------------------
------------------------------------------------
------------------------------------------------
------------------------------------------------
------------------------------------------------
------------------------------------------------
------------------------------------------------
------------------------------------------------
------------------------------------------------
------------------------------------------------
------------------------------------------------
------------------------------------------------
------------------------------------------------
------------------------------------------------
------------------------------------------------
------------------------------------------------
------------------------------------------------
------------------------------------------------
------------------------------------------------
------------------------------------------------
------------------------------------------------
------------------------------------------------
------------------------------------------------
------------------------------------------------
------------------------------------------------
------------------------------------------------
------------------------------------------------
------------------------------------------------
------------------------------------------------
------------------------------------------------
------------------------------------------------
------------------------------------------------
------------------------------------------------
------------------------------------------------
------------------------------------------------
------------------------------------------------
------------------------------------------------
------------------------------------------------
------------------------------------------------
------------------------------------------------
------------------------------------------------
------------------------------------------------
------------------------------------------------
------------------------------------------------
------------------------------------------------
------------------------------------------------
------------------------------------------------
------------------------------------------------
------------------------------------------------
------------------------------------------------
------------------------------------------------
------------------------------------------------
------------------------------------------------
------------------------------------------------
------------------------------------------------
------------------------------------------------
------------------------------------------------
------------------------------------------------
------------------------------------------------
------------------------------------------------
------------------------------------------------
------------------------------------------------
------------------------------------------------
------------------------------------------------
------------------------------------------------
------------------------------------------------
------------------------------------------------
------------------------------------------------
------------------------------------------------
------------------------------------------------
------------------------------------------------
------------------------------------------------
------------------------------------------------
------------------------------------------------
------------------------------------------------
------------------------------------------------
------------------------------------------------
------------------------------------------------
------------------------------------------------
------------------------------------------------
------------------------------------------------
------------------------------------------------
------------------------------------------------
------------------------------------------------
------------------------------------------------
------------------------------------------------
------------------------------------------------
------------------------------------------------
------------------------------------------------
------------------------------------------------
------------------------------------------------
------------------------------------------------
------------------------------------------------
------------------------------------------------
------------------------------------------------
------------------------------------------------
------------------------------------------------
------------------------------------------------
------------------------------------------------
------------------------------------------------
------------------------------------------------
------------------------------------------------
------------------------------------------------
------------------------------------------------
------------------------------------------------
------------------------------------------------
------------------------------------------------
------------------------------------------------
------------------------------------------------
------------------------------------------------
------------------------------------------------
------------------------------------------------
------------------------------------------------
------------------------------------------------
------------------------------------------------
------------------------------------------------
------------------------------------------------
------------------------------------------------
------------------------------------------------
------------------------------------------------
------------------------------------------------
------------------------------------------------
------------------------------------------------
------------------------------------------------
------------------------------------------------
------------------------------------------------
------------------------------------------------
------------------------------------------------
------------------------------------------------
------------------------------------------------
------------------------------------------------
------------------------------------------------
------------------------------------------------
------------------------------------------------
------------------------------------------------
------------------------------------------------
------------------------------------------------
------------------------------------------------
------------------------------------------------
------------------------------------------------
------------------------------------------------
------------------------------------------------
------------------------------------------------
------------------------------------------------
------------------------------------------------
------------------------------------------------
------------------------------------------------
------------------------------------------------
------------------------------------------------
------------------------------------------------
------------------------------------------------
------------------------------------------------
------------------------------------------------
------------------------------------------------
------------------------------------------------
------------------------------------------------
------------------------------------------------
------------------------------------------------
------------------------------------------------
------------------------------------------------
------------------------------------------------
------------------------------------------------
------------------------------------------------
------------------------------------------------
------------------------------------------------
------------------------------------------------
------------------------------------------------
------------------------------------------------
------------------------------------------------
------------------------------------------------
------------------------------------------------
------------------------------------------------
------------------------------------------------
------------------------------------------------
------------------------------------------------
------------------------------------------------
------------------------------------------------
------------------------------------------------
------------------------------------------------
------------------------------------------------
------------------------------------------------
------------------------------------------------
------------------------------------------------
------------------------------------------------
------------------------------------------------
------------------------------------------------
------------------------------------------------
------------------------------------------------
------------------------------------------------
------------------------------------------------
------------------------------------------------
------------------------------------------------
------------------------------------------------
------------------------------------------------
------------------------------------------------
------------------------------------------------
------------------------------------------------
------------------------------------------------
------------------------------------------------
------------------------------------------------
------------------------------------------------
------------------------------------------------
------------------------------------------------
------------------------------------------------
------------------------------------------------
------------------------------------------------
------------------------------------------------
------------------------------------------------
------------------------------------------------
------------------------------------------------
------------------------------------------------
------------------------------------------------
------------------------------------------------
------------------------------------------------
------------------------------------------------
------------------------------------------------
------------------------------------------------
------------------------------------------------
------------------------------------------------
------------------------------------------------
------------------------------------------------
------------------------------------------------
------------------------------------------------
------------------------------------------------
------------------------------------------------
------------------------------------------------
------------------------------------------------
------------------------------------------------
------------------------------------------------
------------------------------------------------
------------------------------------------------
------------------------------------------------
------------------------------------------------
------------------------------------------------
------------------------------------------------
------------------------------------------------
------------------------------------------------
------------------------------------------------
------------------------------------------------
------------------------------------------------
------------------------------------------------
------------------------------------------------
------------------------------------------------
------------------------------------------------
------------------------------------------------
------------------------------------------------
------------------------------------------------
------------------------------------------------
------------------------------------------------
------------------------------------------------
------------------------------------------------
------------------------------------------------
------------------------------------------------
------------------------------------------------
------------------------------------------------
------------------------------------------------
------------------------------------------------
------------------------------------------------
------------------------------------------------
------------------------------------------------
------------------------------------------------
------------------------------------------------
------------------------------------------------
------------------------------------------------
------------------------------------------------
------------------------------------------------
------------------------------------------------
------------------------------------------------
------------------------------------------------
------------------------------------------------
------------------------------------------------
------------------------------------------------
------------------------------------------------
------------------------------------------------
------------------------------------------------
------------------------------------------------
------------------------------------------------
------------------------------------------------
------------------------------------------------
------------------------------------------------
------------------------------------------------
------------------------------------------------
------------------------------------------------
------------------------------------------------
------------------------------------------------
------------------------------------------------
------------------------------------------------
------------------------------------------------
------------------------------------------------
------------------------------------------------
------------------------------------------------
------------------------------------------------
------------------------------------------------
------------------------------------------------
------------------------------------------------
------------------------------------------------
------------------------------------------------
------------------------------------------------
------------------------------------------------
------------------------------------------------
------------------------------------------------
------------------------------------------------
------------------------------------------------
------------------------------------------------
------------------------------------------------
------------------------------------------------
------------------------------------------------
------------------------------------------------
------------------------------------------------
------------------------------------------------
------------------------------------------------
------------------------------------------------
------------------------------------------------
------------------------------------------------
------------------------------------------------
------------------------------------------------
------------------------------------------------
------------------------------------------------
------------------------------------------------
------------------------------------------------
------------------------------------------------
------------------------------------------------
------------------------------------------------
------------------------------------------------
------------------------------------------------
------------------------------------------------
------------------------------------------------
------------------------------------------------
------------------------------------------------
------------------------------------------------
------------------------------------------------
------------------------------------------------
------------------------------------------------
------------------------------------------------
------------------------------------------------
------------------------------------------------
------------------------------------------------
------------------------------------------------
