0.565689 0.700442
0.621509 0.64279
0.574196 0.688608
0.606224 0.65751
0.605649 0.658355
0.584889 0.679254
0.596029 0.667601
0.564359 0.700964
0.572784 0.690293
0.623337 0.640927
0.433009 0.80343
0.61775 0.646881
0.624642 0.639661
0.619725 0.644849
0.560822 0.701028
0.580154 0.683157
0.404668 0.826536
0.523884 0.738325
0.582933 0.679428
0.579684 0.684598
0.586977 0.677364
0.59879 0.665665
0.626859 0.637383
0.575003 0.686746
0.601347 0.663855
0.417264 0.812428
0.421349 0.810874
0.603287 0.660635
0.532606 0.727161
0.629362 0.634905
0.546942 0.715767
0.495347 0.754996
0.55796 0.702087
0.545377 0.715904
0.569853 0.690475
0.41585 0.814987
0.534522 0.723491
0.567657 0.697866
0.520914 0.738412
0.595427 0.668412
0.408634 0.826028
0.355709 0.852873
0.492679 0.755629
0.529398 0.728271
0.553988 0.706545
0.432773 0.804205
0.525608 0.734562
0.549434 0.708173
0.513261 0.741559
0.589139 0.674678
0.61613 0.648314
0.422438 0.807819
0.409759 0.817654
0.536476 0.717957
0.487945 0.761818
0.609582 0.656253
0.358168 0.850525
0.434318 0.799116
0.346933 0.853324
0.512751 0.747429
0.499574 0.750597
0.466182 0.776111
0.967317 0.128231
0.402344 0.828201
0.72207 0.596342
0.718915 0.603359
0.252209 0.913905
0.469393 0.772346
0.48516 0.766614
0.236987 0.917001
0.1321 0.956439
0.444739 0.793564
0.456419 0.784412
0.336695 0.856202
0.144348 0.951848
0.163386 0.947876
0.366269 0.844131
0.707978 0.61033
0.96157 0.129785
0.382182 0.830143
0.817135 0.479633
0.255964 0.907775
0.287866 0.872218
0.315641 0.861107
0.283027 0.886803
0.63192 0.632321
0.236856 0.927751
0.732567 0.589076
0.913117 0.263597
0.167572 0.930719
0.698973 0.632073
0.943254 0.15401
0.815968 0.482226
0.917916 0.21377
0.900695 0.28578
0.841366 0.451028
0.734421 0.525563
0.879696 0.377521
0.118509 0.95829
0.970838 0.113638
