# population = 0
# alpha = 
0.707107 0.707107 0.707107 0.707107 0.707107 0.707107 0.707107 0.707107 0.707107 0.707107  
# beta = 
0.707107 0.707107 0.707107 0.707107 0.707107 0.707107 0.707107 0.707107 0.707107 0.707107  
# gene = 
1000011001 
# value = 
49.8534 
# fitness = 
2485.36 2289.95 
# rank = 
5
# crowd_dist = 
1e+14
------------------------------------------------
# population = 1
# alpha = 
0.707107 0.707107 0.707107 0.707107 0.707107 0.707107 0.707107 0.707107 0.707107 0.707107  
# beta = 
0.707107 0.707107 0.707107 0.707107 0.707107 0.707107 0.707107 0.707107 0.707107 0.707107  
# gene = 
0100111010 
# value = 
-386.119 
# fitness = 
149088 150637 
# rank = 
26
# crowd_dist = 
1e+14
------------------------------------------------
# population = 2
# alpha = 
0.707107 0.707107 0.707107 0.707107 0.707107 0.707107 0.707107 0.707107 0.707107 0.707107  
# beta = 
0.707107 0.707107 0.707107 0.707107 0.707107 0.707107 0.707107 0.707107 0.707107 0.707107  
# gene = 
0101001000 
# value = 
-358.749 
# fitness = 
128701 130140 
# rank = 
24
# crowd_dist = 
1e+14
------------------------------------------------
# population = 3
# alpha = 
0.707107 0.707107 0.707107 0.707107 0.707107 0.707107 0.707107 0.707107 0.707107 0.707107  
# beta = 
0.707107 0.707107 0.707107 0.707107 0.707107 0.707107 0.707107 0.707107 0.707107 0.707107  
# gene = 
0010010101 
# value = 
-708.7 
# fitness = 
502256 505094 
# rank = 
39
# crowd_dist = 
1e+14
------------------------------------------------
# population = 4
# alpha = 
0.707107 0.707107 0.707107 0.707107 0.707107 0.707107 0.707107 0.707107 0.707107 0.707107  
# beta = 
0.707107 0.707107 0.707107 0.707107 0.707107 0.707107 0.707107 0.707107 0.707107 0.707107  
# gene = 
1000111101 
# value = 
120.235 
# fitness = 
14456.4 13979.4 
# rank = 
14
# crowd_dist = 
1e+14
------------------------------------------------
# population = 5
# alpha = 
0.707107 0.707107 0.707107 0.707107 0.707107 0.707107 0.707107 0.707107 0.707107 0.707107  
# beta = 
0.707107 0.707107 0.707107 0.707107 0.707107 0.707107 0.707107 0.707107 0.707107 0.707107  
# gene = 
1011001000 
# value = 
391.984 
# fitness = 
153652 152088 
# rank = 
27
# crowd_dist = 
1e+14
------------------------------------------------
# population = 6
# alpha = 
0.707107 0.707107 0.707107 0.707107 0.707107 0.707107 0.707107 0.707107 0.707107 0.707107  
# beta = 
0.707107 0.707107 0.707107 0.707107 0.707107 0.707107 0.707107 0.707107 0.707107 0.707107  
# gene = 
1000110011 
# value = 
100.684 
# fitness = 
10137.3 9738.58 
# rank = 
11
# crowd_dist = 
1e+14
------------------------------------------------
# population = 7
# alpha = 
0.707107 0.707107 0.707107 0.707107 0.707107 0.707107 0.707107 0.707107 0.707107 0.707107  
# beta = 
0.707107 0.707107 0.707107 0.707107 0.707107 0.707107 0.707107 0.707107 0.707107 0.707107  
# gene = 
1000110010 
# value = 
98.7292 
# fitness = 
9747.46 9356.54 
# rank = 
10
# crowd_dist = 
1e+14
------------------------------------------------
# population = 8
# alpha = 
0.707107 0.707107 0.707107 0.707107 0.707107 0.707107 0.707107 0.707107 0.707107 0.707107  
# beta = 
0.707107 0.707107 0.707107 0.707107 0.707107 0.707107 0.707107 0.707107 0.707107 0.707107  
# gene = 
0011001000 
# value = 
-608.993 
# fitness = 
370873 373313 
# rank = 
34
# crowd_dist = 
1e+14
------------------------------------------------
# population = 9
# alpha = 
0.707107 0.707107 0.707107 0.707107 0.707107 0.707107 0.707107 0.707107 0.707107 0.707107  
# beta = 
0.707107 0.707107 0.707107 0.707107 0.707107 0.707107 0.707107 0.707107 0.707107 0.707107  
# gene = 
0111011010 
# value = 
-73.3138 
# fitness = 
5374.91 5672.17 
# rank = 
8
# crowd_dist = 
1e+14
------------------------------------------------
# population = 10
# alpha = 
0.707107 0.707107 0.707107 0.707107 0.707107 0.707107 0.707107 0.707107 0.707107 0.707107  
# beta = 
0.707107 0.707107 0.707107 0.707107 0.707107 0.707107 0.707107 0.707107 0.707107 0.707107  
# gene = 
0110100011 
# value = 
-180.841 
# fitness = 
32703.3 33430.7 
# rank = 
16
# crowd_dist = 
1e+14
------------------------------------------------
# population = 11
# alpha = 
0.707107 0.707107 0.707107 0.707107 0.707107 0.707107 0.707107 0.707107 0.707107 0.707107  
# beta = 
0.707107 0.707107 0.707107 0.707107 0.707107 0.707107 0.707107 0.707107 0.707107 0.707107  
# gene = 
0100110110 
# value = 
-393.939 
# fitness = 
155188 156768 
# rank = 
28
# crowd_dist = 
1e+14
------------------------------------------------
# population = 12
# alpha = 
0.707107 0.707107 0.707107 0.707107 0.707107 0.707107 0.707107 0.707107 0.707107 0.707107  
# beta = 
0.707107 0.707107 0.707107 0.707107 0.707107 0.707107 0.707107 0.707107 0.707107 0.707107  
# gene = 
1000001111 
# value = 
30.303 
# fitness = 
918.274 801.062 
# rank = 
3
# crowd_dist = 
1e+14
------------------------------------------------
# population = 13
# alpha = 
0.707107 0.707107 0.707107 0.707107 0.707107 0.707107 0.707107 0.707107 0.707107 0.707107  
# beta = 
0.707107 0.707107 0.707107 0.707107 0.707107 0.707107 0.707107 0.707107 0.707107 0.707107  
# gene = 
0010010010 
# value = 
-714.565 
# fitness = 
510603 513465 
# rank = 
40
# crowd_dist = 
1e+14
------------------------------------------------
# population = 14
# alpha = 
0.707107 0.707107 0.707107 0.707107 0.707107 0.707107 0.707107 0.707107 0.707107 0.707107  
# beta = 
0.707107 0.707107 0.707107 0.707107 0.707107 0.707107 0.707107 0.707107 0.707107 0.707107  
# gene = 
0011010111 
# value = 
-579.668 
# fitness = 
336015 338337 
# rank = 
33
# crowd_dist = 
1e+14
------------------------------------------------
# population = 15
# alpha = 
0.707107 0.707107 0.707107 0.707107 0.707107 0.707107 0.707107 0.707107 0.707107 0.707107  
# beta = 
0.707107 0.707107 0.707107 0.707107 0.707107 0.707107 0.707107 0.707107 0.707107 0.707107  
# gene = 
1000101101 
# value = 
88.9541 
# fitness = 
7912.82 7561.01 
# rank = 
9
# crowd_dist = 
1e+14
------------------------------------------------
# population = 16
# alpha = 
0.707107 0.707107 0.707107 0.707107 0.707107 0.707107 0.707107 0.707107 0.707107 0.707107  
# beta = 
0.707107 0.707107 0.707107 0.707107 0.707107 0.707107 0.707107 0.707107 0.707107 0.707107  
# gene = 
1010010101 
# value = 
292.278 
# fitness = 
85426.2 84261.1 
# rank = 
21
# crowd_dist = 
1e+14
------------------------------------------------
# population = 17
# alpha = 
0.707107 0.707107 0.707107 0.707107 0.707107 0.707107 0.707107 0.707107 0.707107 0.707107  
# beta = 
0.707107 0.707107 0.707107 0.707107 0.707107 0.707107 0.707107 0.707107 0.707107 0.707107  
# gene = 
1101010001 
# value = 
659.824 
# fitness = 
435368 432732 
# rank = 
36
# crowd_dist = 
1e+14
------------------------------------------------
# population = 18
# alpha = 
0.707107 0.707107 0.707107 0.707107 0.707107 0.707107 0.707107 0.707107 0.707107 0.707107  
# beta = 
0.707107 0.707107 0.707107 0.707107 0.707107 0.707107 0.707107 0.707107 0.707107 0.707107  
# gene = 
0100001101 
# value = 
-474.096 
# fitness = 
224767 226667 
# rank = 
31
# crowd_dist = 
1e+14
------------------------------------------------
# population = 19
# alpha = 
0.707107 0.707107 0.707107 0.707107 0.707107 0.707107 0.707107 0.707107 0.707107 0.707107  
# beta = 
0.707107 0.707107 0.707107 0.707107 0.707107 0.707107 0.707107 0.707107 0.707107 0.707107  
# gene = 
0111001010 
# value = 
-104.594 
# fitness = 
10940 11362.4 
# rank = 
12
# crowd_dist = 
1e+14
------------------------------------------------
# population = 20
# alpha = 
0.707107 0.707107 0.707107 0.707107 0.707107 0.707107 0.707107 0.707107 0.707107 0.707107  
# beta = 
0.707107 0.707107 0.707107 0.707107 0.707107 0.707107 0.707107 0.707107 0.707107 0.707107  
# gene = 
0010011001 
# value = 
-700.88 
# fitness = 
491232 494040 
# rank = 
38
# crowd_dist = 
1e+14
------------------------------------------------
# population = 21
# alpha = 
0.707107 0.707107 0.707107 0.707107 0.707107 0.707107 0.707107 0.707107 0.707107 0.707107  
# beta = 
0.707107 0.707107 0.707107 0.707107 0.707107 0.707107 0.707107 0.707107 0.707107 0.707107  
# gene = 
0111011111 
# value = 
-63.5386 
# fitness = 
4037.16 4295.31 
# rank = 
7
# crowd_dist = 
1e+14
------------------------------------------------
# population = 22
# alpha = 
0.707107 0.707107 0.707107 0.707107 0.707107 0.707107 0.707107 0.707107 0.707107 0.707107  
# beta = 
0.707107 0.707107 0.707107 0.707107 0.707107 0.707107 0.707107 0.707107 0.707107 0.707107  
# gene = 
0110110101 
# value = 
-145.65 
# fitness = 
21213.9 21800.5 
# rank = 
15
# crowd_dist = 
1e+14
------------------------------------------------
# population = 23
# alpha = 
0.707107 0.707107 0.707107 0.707107 0.707107 0.707107 0.707107 0.707107 0.707107 0.707107  
# beta = 
0.707107 0.707107 0.707107 0.707107 0.707107 0.707107 0.707107 0.707107 0.707107 0.707107  
# gene = 
1001100111 
# value = 
202.346 
# fitness = 
40943.9 40138.5 
# rank = 
17
# crowd_dist = 
1e+14
------------------------------------------------
# population = 24
# alpha = 
0.707107 0.707107 0.707107 0.707107 0.707107 0.707107 0.707107 0.707107 0.707107 0.707107  
# beta = 
0.707107 0.707107 0.707107 0.707107 0.707107 0.707107 0.707107 0.707107 0.707107 0.707107  
# gene = 
1001101110 
# value = 
216.031 
# fitness = 
46669.5 45809.4 
# rank = 
18
# crowd_dist = 
1e+14
------------------------------------------------
# population = 25
# alpha = 
0.707107 0.707107 0.707107 0.707107 0.707107 0.707107 0.707107 0.707107 0.707107 0.707107  
# beta = 
0.707107 0.707107 0.707107 0.707107 0.707107 0.707107 0.707107 0.707107 0.707107 0.707107  
# gene = 
1010010100 
# value = 
290.323 
# fitness = 
84287.2 83129.9 
# rank = 
20
# crowd_dist = 
1e+14
------------------------------------------------
# population = 26
# alpha = 
0.707107 0.707107 0.707107 0.707107 0.707107 0.707107 0.707107 0.707107 0.707107 0.707107  
# beta = 
0.707107 0.707107 0.707107 0.707107 0.707107 0.707107 0.707107 0.707107 0.707107 0.707107  
# gene = 
1111000101 
# value = 
886.608 
# fitness = 
786074 782531 
# rank = 
44
# crowd_dist = 
1e+14
------------------------------------------------
# population = 27
# alpha = 
0.707107 0.707107 0.707107 0.707107 0.707107 0.707107 0.707107 0.707107 0.707107 0.707107  
# beta = 
0.707107 0.707107 0.707107 0.707107 0.707107 0.707107 0.707107 0.707107 0.707107 0.707107  
# gene = 
1111110000 
# value = 
970.674 
# fitness = 
942209 938330 
# rank = 
47
# crowd_dist = 
1e+14
------------------------------------------------
# population = 28
# alpha = 
0.707107 0.707107 0.707107 0.707107 0.707107 0.707107 0.707107 0.707107 0.707107 0.707107  
# beta = 
0.707107 0.707107 0.707107 0.707107 0.707107 0.707107 0.707107 0.707107 0.707107 0.707107  
# gene = 
0101111011 
# value = 
-259.042 
# fitness = 
67102.8 68142.9 
# rank = 
19
# crowd_dist = 
1e+14
------------------------------------------------
# population = 29
# alpha = 
0.707107 0.707107 0.707107 0.707107 0.707107 0.707107 0.707107 0.707107 0.707107 0.707107  
# beta = 
0.707107 0.707107 0.707107 0.707107 0.707107 0.707107 0.707107 0.707107 0.707107 0.707107  
# gene = 
0011000001 
# value = 
-622.678 
# fitness = 
387728 390223 
# rank = 
35
# crowd_dist = 
1e+14
------------------------------------------------
# population = 30
# alpha = 
0.707107 0.707107 0.707107 0.707107 0.707107 0.707107 0.707107 0.707107 0.707107 0.707107  
# beta = 
0.707107 0.707107 0.707107 0.707107 0.707107 0.707107 0.707107 0.707107 0.707107 0.707107  
# gene = 
1111100100 
# value = 
947.214 
# fitness = 
897215 893430 
# rank = 
46
# crowd_dist = 
1e+14
------------------------------------------------
# population = 31
# alpha = 
0.707107 0.707107 0.707107 0.707107 0.707107 0.707107 0.707107 0.707107 0.707107 0.707107  
# beta = 
0.707107 0.707107 0.707107 0.707107 0.707107 0.707107 0.707107 0.707107 0.707107 0.707107  
# gene = 
1000000100 
# value = 
8.79765 
# fitness = 
77.3987 46.2081 
# rank = 
1
# crowd_dist = 
1e+14
------------------------------------------------
# population = 32
# alpha = 
0.707107 0.707107 0.707107 0.707107 0.707107 0.707107 0.707107 0.707107 0.707107 0.707107  
# beta = 
0.707107 0.707107 0.707107 0.707107 0.707107 0.707107 0.707107 0.707107 0.707107 0.707107  
# gene = 
1000000101 
# value = 
10.7527 
# fitness = 
115.62 76.6096 
# rank = 
2
# crowd_dist = 
1e+14
------------------------------------------------
# population = 33
# alpha = 
0.707107 0.707107 0.707107 0.707107 0.707107 0.707107 0.707107 0.707107 0.707107 0.707107  
# beta = 
0.707107 0.707107 0.707107 0.707107 0.707107 0.707107 0.707107 0.707107 0.707107 0.707107  
# gene = 
0001110100 
# value = 
-773.216 
# fitness = 
597863 600960 
# rank = 
41
# crowd_dist = 
1e+14
------------------------------------------------
# population = 34
# alpha = 
0.707107 0.707107 0.707107 0.707107 0.707107 0.707107 0.707107 0.707107 0.707107 0.707107  
# beta = 
0.707107 0.707107 0.707107 0.707107 0.707107 0.707107 0.707107 0.707107 0.707107 0.707107  
# gene = 
0010100010 
# value = 
-683.284 
# fitness = 
466878 469615 
# rank = 
37
# crowd_dist = 
1e+14
------------------------------------------------
# population = 35
# alpha = 
0.707107 0.707107 0.707107 0.707107 0.707107 0.707107 0.707107 0.707107 0.707107 0.707107  
# beta = 
0.707107 0.707107 0.707107 0.707107 0.707107 0.707107 0.707107 0.707107 0.707107 0.707107  
# gene = 
0111101010 
# value = 
-42.0332 
# fitness = 
1766.79 1938.93 
# rank = 
4
# crowd_dist = 
1e+14
------------------------------------------------
# population = 36
# alpha = 
0.707107 0.707107 0.707107 0.707107 0.707107 0.707107 0.707107 0.707107 0.707107 0.707107  
# beta = 
0.707107 0.707107 0.707107 0.707107 0.707107 0.707107 0.707107 0.707107 0.707107 0.707107  
# gene = 
1000011010 
# value = 
51.8084 
# fitness = 
2684.11 2480.88 
# rank = 
6
# crowd_dist = 
1e+14
------------------------------------------------
# population = 37
# alpha = 
0.707107 0.707107 0.707107 0.707107 0.707107 0.707107 0.707107 0.707107 0.707107 0.707107  
# beta = 
0.707107 0.707107 0.707107 0.707107 0.707107 0.707107 0.707107 0.707107 0.707107 0.707107  
# gene = 
1110110000 
# value = 
845.552 
# fitness = 
714959 711580 
# rank = 
42
# crowd_dist = 
1e+14
------------------------------------------------
# population = 38
# alpha = 
0.707107 0.707107 0.707107 0.707107 0.707107 0.707107 0.707107 0.707107 0.707107 0.707107  
# beta = 
0.707107 0.707107 0.707107 0.707107 0.707107 0.707107 0.707107 0.707107 0.707107 0.707107  
# gene = 
1010111100 
# value = 
368.524 
# fitness = 
135810 134340 
# rank = 
25
# crowd_dist = 
1e+14
------------------------------------------------
# population = 39
# alpha = 
0.707107 0.707107 0.707107 0.707107 0.707107 0.707107 0.707107 0.707107 0.707107 0.707107  
# beta = 
0.707107 0.707107 0.707107 0.707107 0.707107 0.707107 0.707107 0.707107 0.707107 0.707107  
# gene = 
1010011000 
# value = 
298.143 
# fitness = 
88889.1 87700.5 
# rank = 
22
# crowd_dist = 
1e+14
------------------------------------------------
# population = 40
# alpha = 
0.707107 0.707107 0.707107 0.707107 0.707107 0.707107 0.707107 0.707107 0.707107 0.707107  
# beta = 
0.707107 0.707107 0.707107 0.707107 0.707107 0.707107 0.707107 0.707107 0.707107 0.707107  
# gene = 
0100011000 
# value = 
-452.59 
# fitness = 
204838 206652 
# rank = 
30
# crowd_dist = 
1e+14
------------------------------------------------
# population = 41
# alpha = 
0.707107 0.707107 0.707107 0.707107 0.707107 0.707107 0.707107 0.707107 0.707107 0.707107  
# beta = 
0.707107 0.707107 0.707107 0.707107 0.707107 0.707107 0.707107 0.707107 0.707107 0.707107  
# gene = 
1110110100 
# value = 
853.372 
# fitness = 
728245 724835 
# rank = 
43
# crowd_dist = 
1e+14
------------------------------------------------
# population = 42
# alpha = 
0.707107 0.707107 0.707107 0.707107 0.707107 0.707107 0.707107 0.707107 0.707107 0.707107  
# beta = 
0.707107 0.707107 0.707107 0.707107 0.707107 0.707107 0.707107 0.707107 0.707107 0.707107  
# gene = 
1011011111 
# value = 
436.95 
# fitness = 
190925 189182 
# rank = 
29
# crowd_dist = 
1e+14
------------------------------------------------
# population = 43
# alpha = 
0.707107 0.707107 0.707107 0.707107 0.707107 0.707107 0.707107 0.707107 0.707107 0.707107  
# beta = 
0.707107 0.707107 0.707107 0.707107 0.707107 0.707107 0.707107 0.707107 0.707107 0.707107  
# gene = 
0000100110 
# value = 
-925.709 
# fitness = 
856937 860643 
# rank = 
45
# crowd_dist = 
1e+14
------------------------------------------------
# population = 44
# alpha = 
0.707107 0.707107 0.707107 0.707107 0.707107 0.707107 0.707107 0.707107 0.707107 0.707107  
# beta = 
0.707107 0.707107 0.707107 0.707107 0.707107 0.707107 0.707107 0.707107 0.707107 0.707107  
# gene = 
1000111100 
# value = 
118.28 
# fitness = 
13990.1 13520.9 
# rank = 
13
# crowd_dist = 
1e+14
------------------------------------------------
# population = 45
# alpha = 
0.707107 0.707107 0.707107 0.707107 0.707107 0.707107 0.707107 0.707107 0.707107 0.707107  
# beta = 
0.707107 0.707107 0.707107 0.707107 0.707107 0.707107 0.707107 0.707107 0.707107 0.707107  
# gene = 
0001001101 
# value = 
-849.462 
# fitness = 
721586 724988 
# rank = 
43
# crowd_dist = 
1e+14
------------------------------------------------
# population = 46
# alpha = 
0.707107 0.707107 0.707107 0.707107 0.707107 0.707107 0.707107 0.707107 0.707107 0.707107  
# beta = 
0.707107 0.707107 0.707107 0.707107 0.707107 0.707107 0.707107 0.707107 0.707107 0.707107  
# gene = 
0101011111 
# value = 
-313.783 
# fitness = 
98459.8 99718.9 
# rank = 
23
# crowd_dist = 
1e+14
------------------------------------------------
# population = 47
# alpha = 
0.707107 0.707107 0.707107 0.707107 0.707107 0.707107 0.707107 0.707107 0.707107 0.707107  
# beta = 
0.707107 0.707107 0.707107 0.707107 0.707107 0.707107 0.707107 0.707107 0.707107 0.707107  
# gene = 
1011111010 
# value = 
489.736 
# fitness = 
239841 237886 
# rank = 
32
# crowd_dist = 
1e+14
------------------------------------------------
