-20 0
-10.85 -5.96019
-15.3986 -4.39203
-20 0
-20 0
-20 0
-20 0
-20 0
-20 0
-20 0
-20 0
-20 0
-20 0
-20 0
-20 0
-20 0
-20 0
-20 0
-20 0
-20 0
-20 0
-20 0
-20 0
-20 0
-20 0
-20 0
-20 0
-20 0
-20 0
-20 0
-20 0
-20 0
-20 0
-20 0
-20 0
-20 0
-20 0
-20 0
-20 0
-20 0
-20 0
-20 0
-20 0
-20 0
-20 0
-20 0
-20 0
-20 0
-20 0
-20 0
-20 0
-20 0
-20 0
-20 0
-20 0
-20 0
-20 0
-20 0
-20 0
-20 0
-20 0
-20 0
-20 0
-20 0
-20 0
-20 0
-20 0
-20 0
-20 0
-20 0
-20 0
-20 0
-20 0
-20 0
-20 0
-20 0
-20 0
-20 0
-20 0
-20 0
-20 0
-20 0
-20 0
-20 0
-20 0
-20 0
-20 0
-20 0
-20 0
-20 0
-20 0
-20 0
-20 0
-20 0
-20 0
-20 0
-20 0
-20 0
-20 0
-20 0
